nk=36 nb=100  freq_debug cols=['E_dft', 'Edft-Ef', 'kin_ion', 'V_H', 'x_bare', 'x_head', 'sig_c(Edft).Re', 'sig_c(Edft).Im', 'sig_c_head(Edft).Re', 'sig_c_head(Edft).Im', 'eqp0', 'eqp1']
E_F = -4.4090 eV   window (abs) = [-14.409, 5.591] eV
clamped fraction = 68.2%  (2454/3600)

=== per-band bin summary ===

[deep_clamped]  12 bands  (idx 0..11)
    Erel range over these bands: [-61.10, -12.79] eV
    scissor1 range: [-25.26, -1.95] eV
    kink1 (max NN |Dscissor1|): mean=3380.1 meV  max=6226.0 meV
    kink0 (on-shell)          : mean=3380.1 meV  max=6226.0 meV

[in_window]  28 bands  (idx 12..39)
    Erel range over these bands: [-6.68, +9.21] eV
    scissor1 range: [-8.50, +363.94] eV
    kink1 (max NN |Dscissor1|): mean=17585.9 meV  max=362119.7 meV
    kink0 (on-shell)          : mean=4517.4 meV  max=8202.8 meV

[straddle_hi]  6 bands  (idx 40..45)
    Erel range over these bands: [+8.84, +11.58] eV
    scissor1 range: [-1.99, +17.20] eV
    kink1 (max NN |Dscissor1|): mean=7932.9 meV  max=8445.9 meV
    kink0 (on-shell)          : mean=10604.0 meV  max=12282.8 meV

[high_clamped]  54 bands  (idx 46..99)
    Erel range over these bands: [+11.16, +29.72] eV
    scissor1 range: [-0.24, +281.25] eV
    kink1 (max NN |Dscissor1|): mean=105413.0 meV  max=241074.8 meV
    kink0 (on-shell)          : mean=105413.0 meV  max=241074.8 meV

=== per-band detail (bands 0..30) ===
  b  Erel_min  Erel_max           bin  sc1_mean  sc1_range  kink1_meV  kink0_meV
  0    -61.10    -60.99  deep_clamped    -21.54      5.352     3938.3     3938.3
  1    -61.10    -60.99  deep_clamped    -21.48      5.351     3733.2     3733.2
  2    -37.82    -37.69  deep_clamped     -7.50      2.680     1563.4     1563.4
  3    -37.81    -37.69  deep_clamped     -7.80      3.582     2130.4     2130.4
  4    -35.33    -35.17  deep_clamped     -6.94      7.128     2939.4     2939.4
  5    -35.33    -35.17  deep_clamped     -7.46      5.311     2958.1     2958.1
  6    -35.21    -35.00  deep_clamped     -7.34      8.178     5122.8     5122.8
  7    -35.19    -35.00  deep_clamped     -7.24      8.820     6226.0     6226.0
  8    -14.98    -12.86  deep_clamped     -6.23      5.734     2671.0     2671.0
  9    -14.98    -12.80  deep_clamped     -5.98      4.973     4002.3     4002.3
 10    -13.78    -12.80  deep_clamped     -4.53      2.882     1611.0     1611.0
 11    -13.78    -12.79  deep_clamped     -4.81      4.877     3665.5     3665.5
 12     -6.68     -5.84     in_window     -1.94      2.623     2007.9     3543.8
 13     -6.68     -5.81     in_window     -1.94      2.623     2007.6     3543.6
 14     -5.85     -3.47     in_window     -1.36      4.460     3461.3     4651.3
 15     -5.84     -3.47     in_window     -1.36      4.538     3547.2     4768.0
 16     -5.04     -3.41     in_window     -0.78      2.625     2133.9     2783.9
 17     -5.00     -3.41     in_window     -0.76      2.715     2057.9     2684.1
 18     -4.47     -2.72     in_window     -0.73      3.831     3450.0     4559.6
 19     -4.45     -2.72     in_window     -0.74      3.903     3449.9     4559.5
 20     -3.88     -2.39     in_window     -1.71      4.175     2087.8     2987.5
 21     -3.83     -2.39     in_window     -1.74      4.175     2088.4     2987.5
 22     -3.17     -1.83     in_window     -1.87      3.882     3865.7     5267.7
 23     -3.15     -1.83     in_window     -1.88      3.882     3865.6     5267.7
 24     -1.92     -0.99     in_window     -1.10      6.237     3606.7     4525.2
 25     -1.92     -0.87     in_window     -1.14      6.116     3606.9     4525.6
 26      0.87      1.82     in_window      0.13      7.258     2839.4     3719.7
 27      0.87      1.82     in_window      0.22      7.223     2839.5     3719.9
 28      1.41      2.04     in_window      0.62      6.561     5328.9     7170.6
 29      1.41      2.07     in_window      0.68      6.469     5120.4     6955.5
 30      1.71      2.95     in_window      1.56      5.651     3517.6     4614.1

saved 01_scissor_vs_k_bins.png  (b_deep=0, b_strad=None, b_inwin=25)
saved 02_kink_vs_band.png
saved 03_scissor_vs_Erel.png

DONE scissor_analysis
