[dist] jax.device_count()=16 process_count()=16 local_device_count()=1; mesh_xy.shape={'x': 4, 'y': 4} (px=4, py=4)
BSE-sharded: q=0 head injected (rank-1, dual-sharded G0, V_cell=702.20): vhead=9315.306, whead[0]=3443.963
BSE-sharded: q=0 head injected (rank-1, dual-sharded G0, V_cell=702.20): vhead=9315.306, whead[0]=3443.963
BSE-sharded: q=0 head injected (rank-1, dual-sharded G0, V_cell=702.20): vhead=9315.306, whead[0]=3443.963
BSE-sharded: q=0 head injected (rank-1, dual-sharded G0, V_cell=702.20): vhead=9315.306, whead[0]=3443.963
BSE-sharded: q=0 head injected (rank-1, dual-sharded G0, V_cell=702.20): vhead=9315.306, whead[0]=3443.963
BSE-sharded: q=0 head injected (rank-1, dual-sharded G0, V_cell=702.20): vhead=9315.306, whead[0]=3443.963
BSE-sharded: q=0 head injected (rank-1, dual-sharded G0, V_cell=702.20): vhead=9315.306, whead[0]=3443.963
BSE-sharded: q=0 head injected (rank-1, dual-sharded G0, V_cell=702.20): vhead=9315.306, whead[0]=3443.963
BSE-sharded: q=0 head injected (rank-1, dual-sharded G0, V_cell=702.20): vhead=9315.306, whead[0]=3443.963
BSE-sharded: q=0 head injected (rank-1, dual-sharded G0, V_cell=702.20): vhead=9315.306, whead[0]=3443.963
BSE-sharded: q=0 head injected (rank-1, dual-sharded G0, V_cell=702.20): vhead=9315.306, whead[0]=3443.963
BSE-sharded: q=0 head injected (rank-1, dual-sharded G0, V_cell=702.20): vhead=9315.306, whead[0]=3443.963
BSE-sharded: q=0 head injected (rank-1, dual-sharded G0, V_cell=702.20): vhead=9315.306, whead[0]=3443.963
BSE-sharded: q=0 head injected (rank-1, dual-sharded G0, V_cell=702.20): vhead=9315.306, whead[0]=3443.963
BSE-sharded: q=0 head injected (rank-1, dual-sharded G0, V_cell=702.20): vhead=9315.306, whead[0]=3443.963
BSE-sharded: q=0 head injected (rank-1, dual-sharded G0, V_cell=702.20): vhead=9315.306, whead[0]=3443.963
  [eqp] eqp1.dat: n_occ=26, QP shifts min/max = -9.3220 / +4.3561 eV; BSE runs on QUASIPARTICLE energies
  Streaming Galerkin: nk=144, nb=28, nr=174960, n_mu=2412, mesh=(4x4), band_chunk=7 (5.26 GB/chunk)
  load_centroids_band_chunked: 4.88s
  SVD of (4032, 4824): rank=4032, σ_max=1.764e+00, σ_min/1e-08=2.390e-08 (4.29s)
/opt/jax/jax/_src/interpreters/mlir.py:1178: UserWarning: Some donated buffers were not usable: ShapedArray(complex128[144,7,2,43740]).
See an explanation at https://jax.readthedocs.io/en/latest/faq.html#buffer-donation.
  warnings.warn("Some donated buffers were not usable:"
/opt/jax/jax/_src/interpreters/mlir.py:1178: UserWarning: Some donated buffers were not usable: ShapedArray(complex128[144,7,2,43740]).
See an explanation at https://jax.readthedocs.io/en/latest/faq.html#buffer-donation.
  warnings.warn("Some donated buffers were not usable:"
/opt/jax/jax/_src/interpreters/mlir.py:1178: UserWarning: Some donated buffers were not usable: ShapedArray(complex128[144,7,2,43740]).
See an explanation at https://jax.readthedocs.io/en/latest/faq.html#buffer-donation.
  warnings.warn("Some donated buffers were not usable:"
/opt/jax/jax/_src/interpreters/mlir.py:1178: UserWarning: Some donated buffers were not usable: ShapedArray(complex128[144,7,2,43740]).
See an explanation at https://jax.readthedocs.io/en/latest/faq.html#buffer-donation.
  warnings.warn("Some donated buffers were not usable:"
/opt/jax/jax/_src/interpreters/mlir.py:1178: UserWarning: Some donated buffers were not usable: ShapedArray(complex128[144,7,2,43740]).
See an explanation at https://jax.readthedocs.io/en/latest/faq.html#buffer-donation.
  warnings.warn("Some donated buffers were not usable:"
/opt/jax/jax/_src/interpreters/mlir.py:1178: UserWarning: Some donated buffers were not usable: ShapedArray(complex128[144,7,2,43740]).
See an explanation at https://jax.readthedocs.io/en/latest/faq.html#buffer-donation.
  warnings.warn("Some donated buffers were not usable:"
/opt/jax/jax/_src/interpreters/mlir.py:1178: UserWarning: Some donated buffers were not usable: ShapedArray(complex128[144,7,2,43740]).
See an explanation at https://jax.readthedocs.io/en/latest/faq.html#buffer-donation.
  warnings.warn("Some donated buffers were not usable:"
/opt/jax/jax/_src/interpreters/mlir.py:1178: UserWarning: Some donated buffers were not usable: ShapedArray(complex128[144,7,2,43740]).
See an explanation at https://jax.readthedocs.io/en/latest/faq.html#buffer-donation.
  warnings.warn("Some donated buffers were not usable:"
/opt/jax/jax/_src/interpreters/mlir.py:1178: UserWarning: Some donated buffers were not usable: ShapedArray(complex128[144,7,2,43740]).
See an explanation at https://jax.readthedocs.io/en/latest/faq.html#buffer-donation.
  warnings.warn("Some donated buffers were not usable:"
/opt/jax/jax/_src/interpreters/mlir.py:1178: UserWarning: Some donated buffers were not usable: ShapedArray(complex128[144,7,2,43740]).
See an explanation at https://jax.readthedocs.io/en/latest/faq.html#buffer-donation.
  warnings.warn("Some donated buffers were not usable:"
/opt/jax/jax/_src/interpreters/mlir.py:1178: UserWarning: Some donated buffers were not usable: ShapedArray(complex128[144,7,2,43740]).
See an explanation at https://jax.readthedocs.io/en/latest/faq.html#buffer-donation.
  warnings.warn("Some donated buffers were not usable:"
/opt/jax/jax/_src/interpreters/mlir.py:1178: UserWarning: Some donated buffers were not usable: ShapedArray(complex128[144,7,2,43740]).
See an explanation at https://jax.readthedocs.io/en/latest/faq.html#buffer-donation.
  warnings.warn("Some donated buffers were not usable:"
/opt/jax/jax/_src/interpreters/mlir.py:1178: UserWarning: Some donated buffers were not usable: ShapedArray(complex128[144,7,2,43740]).
See an explanation at https://jax.readthedocs.io/en/latest/faq.html#buffer-donation.
  warnings.warn("Some donated buffers were not usable:"
/opt/jax/jax/_src/interpreters/mlir.py:1178: UserWarning: Some donated buffers were not usable: ShapedArray(complex128[144,7,2,43740]).
See an explanation at https://jax.readthedocs.io/en/latest/faq.html#buffer-donation.
  warnings.warn("Some donated buffers were not usable:"
/opt/jax/jax/_src/interpreters/mlir.py:1178: UserWarning: Some donated buffers were not usable: ShapedArray(complex128[144,7,2,43740]).
See an explanation at https://jax.readthedocs.io/en/latest/faq.html#buffer-donation.
  warnings.warn("Some donated buffers were not usable:"
/opt/jax/jax/_src/interpreters/mlir.py:1178: UserWarning: Some donated buffers were not usable: ShapedArray(complex128[144,7,2,43740]).
See an explanation at https://jax.readthedocs.io/en/latest/faq.html#buffer-donation.
  warnings.warn("Some donated buffers were not usable:"
  G accumulation: 4 chunk(s), 2.82s
  Cholesky of G: 0.53s
  ctilde[0] orthogonality error: 9.770e-15
  Total Galerkin: 13.97s
Loaded wavefunctions: nk=144, nb=28, rank=4032
  [eqp] htransform enk_sigma <- QP bands [12,40)
Q path: 13 points, nodes at [0, 6, 8, 12] labels ['Γ', 'M      <- intervals Gamma->M', 'K      <- intervals M->K', 'Gamma  <- intervals K->Gamma']
  full-band htransform: fH over 28 bands (14v + 14c); BSE conduction [14,22) = 8 band(s) + 6 guard(s)
  bse_setup: (12, 12, 1) → explicit q-list (1872 q-pts), bands [14, 22) of 4032, batch=32
  f-transform: a=0.434282 Ry, n=3.00, shift=0.393183 Ry
2026-07-21 16:58:17.053693: E external/xla/xla/service/spmd/spmd_partitioner.cc:620] [spmd] Involuntary full rematerialization. The compiler was not able to go from sharding {devices=[1,4,4]<=[16]} to {devices=[16,1,1]<=[16]} without doing a full rematerialization of the tensor for HLO operation: %copy.1 = c128[32,1008,1008]{2,1,0} copy(%dot), sharding={devices=[1,4,4]<=[16]}, metadata={op_name="jit(_q_batch)/jit(main)/sharding_constraint" source_file="/pscratch/sd/j/jackm/lorrax_sandbox/sources/worktrees/lorrax_bse_exciton_conv/src/bandstructure/bse_setup.py" source_line=204}. You probably want to enrich the sharding annotations to prevent this from happening.
2026-07-21 16:58:17.058841: E external/xla/xla/service/spmd/spmd_partitioner.cc:620] [spmd] Involuntary full rematerialization. The compiler was not able to go from sharding {devices=[1,4,4]<=[16]} to {devices=[16,1,1]<=[16]} without doing a full rematerialization of the tensor for HLO operation: %copy.1 = c128[32,1008,1008]{2,1,0} copy(%dot), sharding={devices=[1,4,4]<=[16]}, metadata={op_name="jit(_q_batch)/jit(main)/sharding_constraint" source_file="/pscratch/sd/j/jackm/lorrax_sandbox/sources/worktrees/lorrax_bse_exciton_conv/src/bandstructure/bse_setup.py" source_line=204}. You probably want to enrich the sharding annotations to prevent this from happening.
2026-07-21 16:58:17.083270: E external/xla/xla/service/spmd/spmd_partitioner.cc:620] [spmd] Involuntary full rematerialization. The compiler was not able to go from sharding {devices=[1,4,4]<=[16]} to {devices=[16,1,1]<=[16]} without doing a full rematerialization of the tensor for HLO operation: %copy.1 = c128[32,1008,1008]{2,1,0} copy(%dot), sharding={devices=[1,4,4]<=[16]}, metadata={op_name="jit(_q_batch)/jit(main)/sharding_constraint" source_file="/pscratch/sd/j/jackm/lorrax_sandbox/sources/worktrees/lorrax_bse_exciton_conv/src/bandstructure/bse_setup.py" source_line=204}. You probably want to enrich the sharding annotations to prevent this from happening.
2026-07-21 16:58:17.085631: E external/xla/xla/service/spmd/spmd_partitioner.cc:620] [spmd] Involuntary full rematerialization. The compiler was not able to go from sharding {devices=[1,4,4]<=[16]} to {devices=[16,1,1]<=[16]} without doing a full rematerialization of the tensor for HLO operation: %copy.1 = c128[32,1008,1008]{2,1,0} copy(%dot), sharding={devices=[1,4,4]<=[16]}, metadata={op_name="jit(_q_batch)/jit(main)/sharding_constraint" source_file="/pscratch/sd/j/jackm/lorrax_sandbox/sources/worktrees/lorrax_bse_exciton_conv/src/bandstructure/bse_setup.py" source_line=204}. You probably want to enrich the sharding annotations to prevent this from happening.
2026-07-21 16:58:18.970654: E external/xla/xla/service/spmd/spmd_partitioner.cc:620] [spmd] Involuntary full rematerialization. The compiler was not able to go from sharding {devices=[1,4,4]<=[16]} to {devices=[16,1,1]<=[16]} without doing a full rematerialization of the tensor for HLO operation: %copy.1 = c128[32,1008,1008]{2,1,0} copy(%dot), sharding={devices=[1,4,4]<=[16]}, metadata={op_name="jit(_q_batch)/jit(main)/sharding_constraint" source_file="/pscratch/sd/j/jackm/lorrax_sandbox/sources/worktrees/lorrax_bse_exciton_conv/src/bandstructure/bse_setup.py" source_line=204}. You probably want to enrich the sharding annotations to prevent this from happening.
2026-07-21 16:58:18.975571: E external/xla/xla/service/spmd/spmd_partitioner.cc:620] [spmd] Involuntary full rematerialization. The compiler was not able to go from sharding {devices=[1,4,4]<=[16]} to {devices=[16,1,1]<=[16]} without doing a full rematerialization of the tensor for HLO operation: %copy.1 = c128[32,1008,1008]{2,1,0} copy(%dot), sharding={devices=[1,4,4]<=[16]}, metadata={op_name="jit(_q_batch)/jit(main)/sharding_constraint" source_file="/pscratch/sd/j/jackm/lorrax_sandbox/sources/worktrees/lorrax_bse_exciton_conv/src/bandstructure/bse_setup.py" source_line=204}. You probably want to enrich the sharding annotations to prevent this from happening.
2026-07-21 16:58:18.979280: E external/xla/xla/service/spmd/spmd_partitioner.cc:620] [spmd] Involuntary full rematerialization. The compiler was not able to go from sharding {devices=[1,4,4]<=[16]} to {devices=[16,1,1]<=[16]} without doing a full rematerialization of the tensor for HLO operation: %copy.1 = c128[32,1008,1008]{2,1,0} copy(%dot), sharding={devices=[1,4,4]<=[16]}, metadata={op_name="jit(_q_batch)/jit(main)/sharding_constraint" source_file="/pscratch/sd/j/jackm/lorrax_sandbox/sources/worktrees/lorrax_bse_exciton_conv/src/bandstructure/bse_setup.py" source_line=204}. You probably want to enrich the sharding annotations to prevent this from happening.
2026-07-21 16:58:18.982005: E external/xla/xla/service/spmd/spmd_partitioner.cc:620] [spmd] Involuntary full rematerialization. The compiler was not able to go from sharding {devices=[1,4,4]<=[16]} to {devices=[16,1,1]<=[16]} without doing a full rematerialization of the tensor for HLO operation: %copy.1 = c128[32,1008,1008]{2,1,0} copy(%dot), sharding={devices=[1,4,4]<=[16]}, metadata={op_name="jit(_q_batch)/jit(main)/sharding_constraint" source_file="/pscratch/sd/j/jackm/lorrax_sandbox/sources/worktrees/lorrax_bse_exciton_conv/src/bandstructure/bse_setup.py" source_line=204}. You probably want to enrich the sharding annotations to prevent this from happening.
2026-07-21 16:58:18.987677: E external/xla/xla/service/spmd/spmd_partitioner.cc:620] [spmd] Involuntary full rematerialization. The compiler was not able to go from sharding {devices=[1,4,4]<=[16]} to {devices=[16,1,1]<=[16]} without doing a full rematerialization of the tensor for HLO operation: %copy.1 = c128[32,1008,1008]{2,1,0} copy(%dot), sharding={devices=[1,4,4]<=[16]}, metadata={op_name="jit(_q_batch)/jit(main)/sharding_constraint" source_file="/pscratch/sd/j/jackm/lorrax_sandbox/sources/worktrees/lorrax_bse_exciton_conv/src/bandstructure/bse_setup.py" source_line=204}. You probably want to enrich the sharding annotations to prevent this from happening.
2026-07-21 16:58:18.993094: E external/xla/xla/service/spmd/spmd_partitioner.cc:620] [spmd] Involuntary full rematerialization. The compiler was not able to go from sharding {devices=[1,4,4]<=[16]} to {devices=[16,1,1]<=[16]} without doing a full rematerialization of the tensor for HLO operation: %copy.1 = c128[32,1008,1008]{2,1,0} copy(%dot), sharding={devices=[1,4,4]<=[16]}, metadata={op_name="jit(_q_batch)/jit(main)/sharding_constraint" source_file="/pscratch/sd/j/jackm/lorrax_sandbox/sources/worktrees/lorrax_bse_exciton_conv/src/bandstructure/bse_setup.py" source_line=204}. You probably want to enrich the sharding annotations to prevent this from happening.
2026-07-21 16:58:19.008956: E external/xla/xla/service/spmd/spmd_partitioner.cc:620] [spmd] Involuntary full rematerialization. The compiler was not able to go from sharding {devices=[1,4,4]<=[16]} to {devices=[16,1,1]<=[16]} without doing a full rematerialization of the tensor for HLO operation: %copy.1 = c128[32,1008,1008]{2,1,0} copy(%dot), sharding={devices=[1,4,4]<=[16]}, metadata={op_name="jit(_q_batch)/jit(main)/sharding_constraint" source_file="/pscratch/sd/j/jackm/lorrax_sandbox/sources/worktrees/lorrax_bse_exciton_conv/src/bandstructure/bse_setup.py" source_line=204}. You probably want to enrich the sharding annotations to prevent this from happening.
2026-07-21 16:58:19.027622: E external/xla/xla/service/spmd/spmd_partitioner.cc:620] [spmd] Involuntary full rematerialization. The compiler was not able to go from sharding {devices=[1,4,4]<=[16]} to {devices=[16,1,1]<=[16]} without doing a full rematerialization of the tensor for HLO operation: %copy.1 = c128[32,1008,1008]{2,1,0} copy(%dot), sharding={devices=[1,4,4]<=[16]}, metadata={op_name="jit(_q_batch)/jit(main)/sharding_constraint" source_file="/pscratch/sd/j/jackm/lorrax_sandbox/sources/worktrees/lorrax_bse_exciton_conv/src/bandstructure/bse_setup.py" source_line=204}. You probably want to enrich the sharding annotations to prevent this from happening.
2026-07-21 16:58:19.075268: E external/xla/xla/service/spmd/spmd_partitioner.cc:620] [spmd] Involuntary full rematerialization. The compiler was not able to go from sharding {devices=[1,4,4]<=[16]} to {devices=[16,1,1]<=[16]} without doing a full rematerialization of the tensor for HLO operation: %copy.1 = c128[32,1008,1008]{2,1,0} copy(%dot), sharding={devices=[1,4,4]<=[16]}, metadata={op_name="jit(_q_batch)/jit(main)/sharding_constraint" source_file="/pscratch/sd/j/jackm/lorrax_sandbox/sources/worktrees/lorrax_bse_exciton_conv/src/bandstructure/bse_setup.py" source_line=204}. You probably want to enrich the sharding annotations to prevent this from happening.
2026-07-21 16:58:19.079719: E external/xla/xla/service/spmd/spmd_partitioner.cc:620] [spmd] Involuntary full rematerialization. The compiler was not able to go from sharding {devices=[1,4,4]<=[16]} to {devices=[16,1,1]<=[16]} without doing a full rematerialization of the tensor for HLO operation: %copy.1 = c128[32,1008,1008]{2,1,0} copy(%dot), sharding={devices=[1,4,4]<=[16]}, metadata={op_name="jit(_q_batch)/jit(main)/sharding_constraint" source_file="/pscratch/sd/j/jackm/lorrax_sandbox/sources/worktrees/lorrax_bse_exciton_conv/src/bandstructure/bse_setup.py" source_line=204}. You probably want to enrich the sharding annotations to prevent this from happening.
2026-07-21 16:58:19.084707: E external/xla/xla/service/spmd/spmd_partitioner.cc:620] [spmd] Involuntary full rematerialization. The compiler was not able to go from sharding {devices=[1,4,4]<=[16]} to {devices=[16,1,1]<=[16]} without doing a full rematerialization of the tensor for HLO operation: %copy.1 = c128[32,1008,1008]{2,1,0} copy(%dot), sharding={devices=[1,4,4]<=[16]}, metadata={op_name="jit(_q_batch)/jit(main)/sharding_constraint" source_file="/pscratch/sd/j/jackm/lorrax_sandbox/sources/worktrees/lorrax_bse_exciton_conv/src/bandstructure/bse_setup.py" source_line=204}. You probably want to enrich the sharding annotations to prevent this from happening.
2026-07-21 16:58:19.094267: E external/xla/xla/service/spmd/spmd_partitioner.cc:620] [spmd] Involuntary full rematerialization. The compiler was not able to go from sharding {devices=[1,4,4]<=[16]} to {devices=[16,1,1]<=[16]} without doing a full rematerialization of the tensor for HLO operation: %copy.1 = c128[32,1008,1008]{2,1,0} copy(%dot), sharding={devices=[1,4,4]<=[16]}, metadata={op_name="jit(_q_batch)/jit(main)/sharding_constraint" source_file="/pscratch/sd/j/jackm/lorrax_sandbox/sources/worktrees/lorrax_bse_exciton_conv/src/bandstructure/bse_setup.py" source_line=204}. You probably want to enrich the sharding annotations to prevent this from happening.
  bundle: psi_rmu_Y=(1872, 8, 2, 2412), psi_rmuT_X=(1872, 2412, 8, 2)
  [gate] htransform@Γ vs stored: max|Δε_c| = 57.902 meV, conduction-subspace overlap min-sval = 0.9544
  [warn] on-grid conduction ENERGY error 57.9 meV ≫ the ~1-2 meV htransform floor — the interp basis is over-packed: 640-scale centroids cannot orthonormalize high oscillatory bands, so their non-orthonormal Galerkin coeffs pollute fH=Σf(ε)ccᴴ.  Reduce nband toward the BSE window (a few guard bands).
  exchange: EXACT on-grid tiles V_qmunu[wrap(-Q)] (13 Q, all on the 12x12x1 grid) — no interpolation
[dist] evs sharding=NamedSharding(mesh=Mesh('x': 4, 'y': 4, axis_types=(Auto, Auto)), spec=PartitionSpec(), memory_kind=device), fully_addressable=False
solve_path: cold 279.63s (incl. ONE compile) over 13 Q; warm re-run check SKIPPED
solve_path memory_analysis: temp=7258.4 MiB args=1468.6 MiB out=0.0 MiB
Wrote mos2_exciton_main.dat
Wrote mos2_exciton_main.png

--- timings (s) ---
  load_bse                    6.17
  htransform_setup           15.16
  htransform_psi_cQ         323.80
  vq_prepare                  0.00
  vq_eval                     0.53
  solve_scan_cold           279.63
  TOTAL                     630.32
