=== mu_run kg=3x3x3 variant=platform_false ===
[lxrun] JID 53096549 · 1 nodes · 10:07 left · 1/1 free · incoming: lx-B
  1  nid008505  free   —              —      —  ← starting lx-B  python3 -u -m gw.gw_jax 

========================================================================
  COHSEX-JAX: Self-Energy Calculation
========================================================================
  Backend: GPU       Devices: 4  Mesh: 2×2  Processes: 4
  Device type: NVIDIA A100-SXM4-80GB
  XLA preallocate: false  mem_fraction: unset
========================================================================

  ISDF basis: 192 centroids
  FFT grid: 24×24×24   Cell volume: 270.11 a.u.³

    Memory estimate: peak 5.77 GB (budget 28.00 GB), bottleneck=zct
    Per-stage: fft=4.12  zct=5.77  reshard=0.90  solve=0.63  gather=0.42 GB
    AOT fit_one_rchunk peak (driver-level): 1.30 GB

  G-flat memory model — chunk plan + HWM estimate
    band_chunk         = 128
    r_chunk            = 13824  (1 chunks)
    gflat_chunk_size   = 100
    budget             = 28.00 GB/dev
    HWM estimate       = 3.78 GB/dev (14% of budget) [bottleneck: C_fit_one_rchunk]
    peak totals (GB/dev):
      C_fit_one_rchunk........    3.78
      D_accumulate............    0.39
      A_centroid..............    0.24
      B_CCT_chol..............    0.07
      E_v_q...................    0.04
    per-peak components (GB/dev):
      [A]
        fft_box...............   0.226
        centroid_out_filling..   0.008
        phase_table...........   0.006
        sphere_idx_replicated.   0.001
      [B]
        centroids_persistent..   0.033
        P_l_plus_P_r_open_spin   0.032
        C_q...................   0.004
        L_q...................   0.004
        sphere_idx_replicated.   0.001
      [C]
        P_pair_concurrent_slots   3.440
        zeta_out..............   0.287
        centroids_persist.....   0.033
        gflat_acc.............   0.017
        L_q...................   0.004
        sphere_idx_replicated.   0.001
      [D]
        zeta_chunk............   0.287
        accumulate_fft_box....   0.044
        centroids_persist.....   0.033
        gflat_acc.............   0.017
        L_q...................   0.004
        sphere_idx_replicated.   0.001
      [E]
        zeta_L_all............   0.017
        psi_centroids_persistent   0.017
        V_acc.................   0.004
        V_acc_full_BZ.........   0.004
        sphere_idx_replicated.   0.001
        zeta_L_on_x_axis......   0.001
        zeta_R_on_y_axis......   0.001
        v_q_table_replicated..   0.000
        V_q_block.............   0.000
        g0_acc................   0.000
        lorentz_mix_buffer....   0.000

  Chunked ISDF fitting:
    Band chunks: 128
    R chunks:    13824 (contiguous r-space)
    Q chunks:    27
    GFlat cs:    100
    Zeta output: /pscratch/sd/j/jackm/lorrax_sandbox/runs/Si/KGRID_nonbispinor_2026-05-18/3x3x3/mu_run/tmp/zeta_q.h5
    cutoffs: zeta = 25.0 Ry, bare-Coulomb = 25.0 Ry  (ecutwfc=25.0, ecutrho=100.0)
[mem_probe zeta_fit_start] in_use=-0.00 GB  peak=-0.00 GB  live_count=53 live_total=0.04 GB  nvsmi=1.53 GB nvsmi_peak=1.53 GB
[mem_probe zeta_fit_start]   complex128 (27, 192, 100, 2) x 1 = 0.02 GB
[mem_probe zeta_fit_start]   complex128 (27, 100, 2, 192) x 1 = 0.02 GB
[mem_probe zeta_fit_start]   int32 (27, 24, 24, 24) x 1 = 0.00 GB
[mem_probe zeta_fit_start]   complex128 (27, 192) x 6 = 0.00 GB
[mem_probe zeta_fit_start]   complex128 (27, 577) x 1 = 0.00 GB
[mem_probe zeta_fit_start]   int32 (192, 3) x 2 = 0.00 GB
[mem_probe zeta_fit_start]   complex128 (4, 4) x 10 = 0.00 GB
[mem_probe zeta_fit_start]   complex128 (27, 2, 2) x 1 = 0.00 GB
[mem_probe zeta_fit_start]   complex128 (4,) x 8 = 0.00 GB
[mem_probe zeta_fit_start]   int32 (27,) x 3 = 0.00 GB

  Zeta fitting: 1 r-chunks x 13824 r-points, 100 bands (100 left + 100 right)
  Output: /pscratch/sd/j/jackm/lorrax_sandbox/runs/Si/KGRID_nonbispinor_2026-05-18/3x3x3/mu_run/tmp/zeta_q.h5
  Left wfns:  (27, 100, 2, 192)
  Right wfns: (27, 100, 2, 192)
  Computing C_q via shard_map pipeline (open-spin, charge γ̃^0=I)
  Computing L_q = chol(C_q)  [PSD, charge channel, path=cusolvermp_cholesky]

  Zeta fitting: 1 r-chunks x 13824 r-points, 100 bands (100 left + 100 right)
  Output: /pscratch/sd/j/jackm/lorrax_sandbox/runs/Si/KGRID_nonbispinor_2026-05-18/3x3x3/mu_run/tmp/zeta_q.h5
  Left wfns:  (27, 100, 2, 192)
  Right wfns: (27, 100, 2, 192)

  Zeta fitting: 1 r-chunks x 13824 r-points, 100 bands (100 left + 100 right)
  Output: /pscratch/sd/j/jackm/lorrax_sandbox/runs/Si/KGRID_nonbispinor_2026-05-18/3x3x3/mu_run/tmp/zeta_q.h5
  Left wfns:  (27, 100, 2, 192)
  Right wfns: (27, 100, 2, 192)

  Zeta fitting: 1 r-chunks x 13824 r-points, 100 bands (100 left + 100 right)
  Output: /pscratch/sd/j/jackm/lorrax_sandbox/runs/Si/KGRID_nonbispinor_2026-05-18/3x3x3/mu_run/tmp/zeta_q.h5
  Left wfns:  (27, 100, 2, 192)
  Right wfns: (27, 100, 2, 192)
  Computing C_q via shard_map pipeline (open-spin, charge γ̃^0=I)
  Computing C_q via shard_map pipeline (open-spin, charge γ̃^0=I)
  Computing C_q via shard_map pipeline (open-spin, charge γ̃^0=I)
  Computing L_q = chol(C_q)  [PSD, charge channel, path=cusolvermp_cholesky]
  Computing L_q = chol(C_q)  [PSD, charge channel, path=cusolvermp_cholesky]
  Computing L_q = chol(C_q)  [PSD, charge channel, path=cusolvermp_cholesky]
[lorrax cusolverMp] library 0.7.2, NCCL 2.26.3, comm path: NCCL, grid: 2x2 (row-major)
  L_q: (27, 192, 192)
  L_q: (27, 192, 192)
  L_q: (27, 192, 192)
  L_q: (27, 192, 192)
  q axis on disk: full BZ (27 q-points) (write_ibz_only=False or closure check failed)
  q axis on disk: full BZ (27 q-points) (write_ibz_only=False or closure check failed)
  q axis on disk: full BZ (27 q-points) (write_ibz_only=False or closure check failed)
  q axis on disk: full BZ (27 q-points) (write_ibz_only=False or closure check failed)
  G-flat ζ sphere: ngkmax=577, min ngk=537, max ngk=577 (4.174% of n_rtot)
/global/homes/j/jackm/software/lorrax_B/src/file_io/_slab_io_ffi.py:453: UserWarning: FFI backend: chunks/attrs on create_dataset currently no-op; pre-create with h5py if you need explicit chunking or attrs.
  warnings.warn(
/global/homes/j/jackm/software/lorrax_B/src/file_io/_slab_io_ffi.py:453: UserWarning: FFI backend: chunks/attrs on create_dataset currently no-op; pre-create with h5py if you need explicit chunking or attrs.
  warnings.warn(
/global/homes/j/jackm/software/lorrax_B/src/file_io/_slab_io_ffi.py:453: UserWarning: FFI backend: chunks/attrs on create_dataset currently no-op; pre-create with h5py if you need explicit chunking or attrs.
  warnings.warn(
/global/homes/j/jackm/software/lorrax_B/src/file_io/_slab_io_ffi.py:453: UserWarning: FFI backend: chunks/attrs on create_dataset currently no-op; pre-create with h5py if you need explicit chunking or attrs.
  warnings.warn(
  ψ(G-flat) host cache: 0.01 GB/process resident
  G-flat ζ accumulator: N=1296 rows/rank (n_q=27 × n_mu_local=48); chunk_size=100 → per-iter FFT box 0.02 GB/rank
[mem_probe pre_rchunk_loop] in_use=-0.00 GB  peak=-0.00 GB  live_count=63 live_total=0.17 GB  nvsmi=2.76 GB nvsmi_peak=2.76 GB
[mem_probe pre_rchunk_loop]   complex128 (27, 192, 100, 2) x 3 = 0.05 GB
[mem_probe pre_rchunk_loop]   complex128 (27, 100, 2, 192) x 3 = 0.05 GB
[mem_probe pre_rchunk_loop]   complex128 (27, 192, 577) x 1 = 0.05 GB
[mem_probe pre_rchunk_loop]   complex128 (27, 192, 192) x 1 = 0.02 GB
[mem_probe pre_rchunk_loop]   int32 (27, 24, 24, 24) x 1 = 0.00 GB
[mem_probe pre_rchunk_loop]   complex128 (27, 192) x 6 = 0.00 GB
[mem_probe pre_rchunk_loop]   complex128 (27, 577) x 1 = 0.00 GB
[mem_probe pre_rchunk_loop]   int32 (192, 3) x 2 = 0.00 GB
[mem_probe pre_rchunk_loop]   complex128 (4, 4) x 10 = 0.00 GB
[mem_probe pre_rchunk_loop]   complex128 (27, 2, 2) x 1 = 0.00 GB
[mem_probe rchunk_start chunk=0] in_use=-0.00 GB  peak=-0.00 GB  live_count=63 live_total=0.17 GB  nvsmi=2.76 GB nvsmi_peak=2.76 GB
[mem_probe rchunk_start chunk=0]   complex128 (27, 192, 100, 2) x 3 = 0.05 GB
[mem_probe rchunk_start chunk=0]   complex128 (27, 100, 2, 192) x 3 = 0.05 GB
[mem_probe rchunk_start chunk=0]   complex128 (27, 192, 577) x 1 = 0.05 GB
[mem_probe rchunk_start chunk=0]   complex128 (27, 192, 192) x 1 = 0.02 GB
[mem_probe rchunk_start chunk=0]   int32 (27, 24, 24, 24) x 1 = 0.00 GB
[mem_probe rchunk_start chunk=0]   complex128 (27, 192) x 6 = 0.00 GB
[mem_probe rchunk_start chunk=0]   complex128 (27, 577) x 1 = 0.00 GB
[mem_probe rchunk_start chunk=0]   int32 (192, 3) x 2 = 0.00 GB
[mem_probe rchunk_start chunk=0]   complex128 (4, 4) x 10 = 0.00 GB
[mem_probe rchunk_start chunk=0]   complex128 (27, 2, 2) x 1 = 0.00 GB
[rchunk_dbg]   z_q_build=927ms solve=640ms
[mem_probe after_fit_one_rchunk chunk=0] in_use=-0.00 GB  peak=-0.00 GB  live_count=64 live_total=1.31 GB  nvsmi=3.38 GB nvsmi_peak=3.38 GB
[mem_probe after_fit_one_rchunk chunk=0]   complex128 (27, 192, 13824) x 1 = 1.15 GB
[mem_probe after_fit_one_rchunk chunk=0]   complex128 (27, 192, 100, 2) x 3 = 0.05 GB
[mem_probe after_fit_one_rchunk chunk=0]   complex128 (27, 100, 2, 192) x 3 = 0.05 GB
[mem_probe after_fit_one_rchunk chunk=0]   complex128 (27, 192, 577) x 1 = 0.05 GB
[mem_probe after_fit_one_rchunk chunk=0]   complex128 (27, 192, 192) x 1 = 0.02 GB
[mem_probe after_fit_one_rchunk chunk=0]   int32 (27, 24, 24, 24) x 1 = 0.00 GB
[mem_probe after_fit_one_rchunk chunk=0]   complex128 (27, 192) x 6 = 0.00 GB
[mem_probe after_fit_one_rchunk chunk=0]   complex128 (27, 577) x 1 = 0.00 GB
[mem_probe after_fit_one_rchunk chunk=0]   int32 (192, 3) x 2 = 0.00 GB
[mem_probe after_fit_one_rchunk chunk=0]   complex128 (4, 4) x 10 = 0.00 GB
[mem_probe after_accumulate chunk=0] in_use=-0.00 GB  peak=-0.00 GB  live_count=72 live_total=0.17 GB  nvsmi=3.11 GB nvsmi_peak=3.38 GB
[mem_probe after_accumulate chunk=0]   complex128 (27, 192, 100, 2) x 3 = 0.05 GB
[mem_probe after_accumulate chunk=0]   complex128 (27, 100, 2, 192) x 3 = 0.05 GB
[mem_probe after_accumulate chunk=0]   complex128 (27, 192, 577) x 1 = 0.05 GB
[mem_probe after_accumulate chunk=0]   complex128 (27, 192, 192) x 1 = 0.02 GB
[mem_probe after_accumulate chunk=0]   int32 (27, 24, 24, 24) x 1 = 0.00 GB
[mem_probe after_accumulate chunk=0]   complex128 (27, 192) x 6 = 0.00 GB
[mem_probe after_accumulate chunk=0]   complex128 (27, 577) x 1 = 0.00 GB
[mem_probe after_accumulate chunk=0]   int32 (27, 577) x 2 = 0.00 GB
[mem_probe after_accumulate chunk=0]   complex128 (27, 24) x 6 = 0.00 GB
[mem_probe after_accumulate chunk=0]   int32 (192, 3) x 2 = 0.00 GB
[rchunk_dbg] chunk=1/1 r=[0,13824) fit=1632ms write=354ms total=1985ms
Started zeta fitting at 02:50:30.
[ 02:50:30 | ██████████ | 100% ] r-chunk 1 / 1 · ETA 0 s
Finished zeta fitting at 02:50:30.  Elapsed: 0 s.
  [SlabIO.close] draining 1 pending writes for zeta_q.h5 …
  [SlabIO.close] Python dispatch drained in 0.1 s; joining writer thread
  [SlabIO.close] writer thread joined in 0.0 s; calling H5Fclose collectively
  [SlabIO.close] H5Fclose returned in 0.0 s
  Zeta output: /pscratch/sd/j/jackm/lorrax_sandbox/runs/Si/KGRID_nonbispinor_2026-05-18/3x3x3/mu_run/tmp/zeta_q.h5  shape: (n_q_disk=27 of 3·3·3=27 full-BZ, n_rtot=13824, n_rmu=192)
  Zeta output: /pscratch/sd/j/jackm/lorrax_sandbox/runs/Si/KGRID_nonbispinor_2026-05-18/3x3x3/mu_run/tmp/zeta_q.h5  shape: (n_q_disk=27 of 3·3·3=27 full-BZ, n_rtot=13824, n_rmu=192)
  Timing (1 r-chunks, 2.4s total):
  Timing (1 r-chunks, 2.4s total):
    fit      1.71s  72.3%
    fit      1.71s  72.3%
    H5       0.61s  25.7%
    H5       0.61s  25.7%
  Zeta output: /pscratch/sd/j/jackm/lorrax_sandbox/runs/Si/KGRID_nonbispinor_2026-05-18/3x3x3/mu_run/tmp/zeta_q.h5  shape: (n_q_disk=27 of 3·3·3=27 full-BZ, n_rtot=13824, n_rmu=192)
  Timing (1 r-chunks, 2.4s total):
    fit      1.71s  72.3%
    H5       0.61s  25.7%
  Zeta output: /pscratch/sd/j/jackm/lorrax_sandbox/runs/Si/KGRID_nonbispinor_2026-05-18/3x3x3/mu_run/tmp/zeta_q.h5  shape: (n_q_disk=27 of 3·3·3=27 full-BZ, n_rtot=13824, n_rmu=192)
  Timing (1 r-chunks, 2.2s total):
    fit      1.63s  74.4%
    H5       0.35s  16.1%
[mem_probe zeta_fit_end] in_use=-0.00 GB  peak=-0.00 GB  live_count=74 live_total=0.12 GB  nvsmi=3.10 GB nvsmi_peak=3.38 GB
[mem_probe zeta_fit_end]   complex128 (27, 192, 100, 2) x 3 = 0.05 GB
[mem_probe zeta_fit_end]   complex128 (27, 100, 2, 192) x 3 = 0.05 GB
[mem_probe zeta_fit_end]   complex128 (27, 192, 192) x 1 = 0.02 GB
[mem_probe zeta_fit_end]   int32 (27, 24, 24, 24) x 1 = 0.00 GB
[mem_probe zeta_fit_end]   complex128 (27, 192) x 6 = 0.00 GB
[mem_probe zeta_fit_end]   complex128 (27, 577) x 1 = 0.00 GB
[mem_probe zeta_fit_end]   int32 (27, 577) x 2 = 0.00 GB
[mem_probe zeta_fit_end]   complex128 (27, 24) x 6 = 0.00 GB
[mem_probe zeta_fit_end]   bool (27, 1, 577) x 1 = 0.00 GB
[mem_probe zeta_fit_end]   int32 (192, 3) x 2 = 0.00 GB
    GPU high-water mark: 3.34 GB / 28.00 GB budget (12%)
    γ (runtime / AOT-pred) = 2.579  (AOT predicted 1.30 GB)
[profile] LORRAX_EXIT_AFTER_ZETA set: exiting cleanly after fit_zeta.
