=== kmeans scalar kg=3x3x3 μ=164 ===
[lxrun] JID 53096549 · 1 nodes · 13:37 left · 1/1 free · incoming: lx-B
  1  nid008505  free   —              —      —  ← starting lx-B  python3 -u -m centroid.k
✓ JAX initialized: 4 device(s) (local: 1, proc 2/4)
Over-sampling: k-means M = 246, prune to N_c = 164 (ratio 1.5)
✓ JAX initialized: 4 device(s) (local: 1, proc 3/4)
Over-sampling: k-means M = 246, prune to N_c = 164 (ratio 1.5)
✓ JAX initialized: 4 device(s) (local: 1, proc 0/4)
Over-sampling: k-means M = 246, prune to N_c = 164 (ratio 1.5)
✓ JAX initialized: 4 device(s) (local: 1, proc 1/4)
Over-sampling: k-means M = 246, prune to N_c = 164 (ratio 1.5)
[charge_density] source='auto' → reading /pscratch/sd/j/jackm/lorrax_sandbox/runs/Si/KGRID_nonbispinor_2026-05-18/3x3x3/qe/scf/silicon.save/charge-density.hdf5
[charge_density] source='auto' → reading /pscratch/sd/j/jackm/lorrax_sandbox/runs/Si/KGRID_nonbispinor_2026-05-18/3x3x3/qe/scf/silicon.save/charge-density.hdf5
[charge_density] source='auto' → reading /pscratch/sd/j/jackm/lorrax_sandbox/runs/Si/KGRID_nonbispinor_2026-05-18/3x3x3/qe/scf/silicon.save/charge-density.hdf5
[charge_density] source='auto' → reading /pscratch/sd/j/jackm/lorrax_sandbox/runs/Si/KGRID_nonbispinor_2026-05-18/3x3x3/qe/scf/silicon.save/charge-density.hdf5
Charge density shape: (24, 24, 24)
Lattice lengths: [3.83958982 3.83958982 3.83958982] Å
Charge density shape: (24, 24, 24)
Charge density shape: (24, 24, 24)
Charge density shape: (24, 24, 24)
Lattice lengths: [3.83958982 3.83958982 3.83958982] Å
Lattice lengths: [3.83958982 3.83958982 3.83958982] Å
Lattice lengths: [3.83958982 3.83958982 3.83958982] Å
P/4 = 3456 < 100000; sharding anyway (multi-host: single-device fallback would deadlock).
Sharded mesh: ('x'=2, 'y'=2) over 4 devices
P/4 = 3456 < 100000; sharding anyway (multi-host: single-device fallback would deadlock).
Sharded mesh: ('x'=2, 'y'=2) over 4 devices
P/4 = 3456 < 100000; sharding anyway (multi-host: single-device fallback would deadlock).
Sharded mesh: ('x'=2, 'y'=2) over 4 devices
P/4 = 3456 < 100000; sharding anyway (multi-host: single-device fallback would deadlock).
Sharded mesh: ('x'=2, 'y'=2) over 4 devices
Orbit-aware mode: n_sym = 48, running kmeans for M_rep = 6 representatives (unfolded ≈ 288 centroids)
Orbit-aware mode: n_sym = 48, running kmeans for M_rep = 6 representatives (unfolded ≈ 288 centroids)
Orbit-aware mode: n_sym = 48, running kmeans for M_rep = 6 representatives (unfolded ≈ 288 centroids)
Orbit-aware mode: n_sym = 48, running kmeans for M_rep = 6 representatives (unfolded ≈ 288 centroids)
PBC min-image offsets: 7 (1 ⇒ orthorhombic); orbit mode: on (n_sym=48)
Grid: 24×24×24 = 13824 points; N_c = 6
PBC min-image offsets: 7 (1 ⇒ orthorhombic); orbit mode: on (n_sym=48)
PBC min-image offsets: 7 (1 ⇒ orthorhombic); orbit mode: on (n_sym=48)
PBC min-image offsets: 7 (1 ⇒ orthorhombic); orbit mode: on (n_sym=48)
Grid: 24×24×24 = 13824 points; N_c = 6
Grid: 24×24×24 = 13824 points; N_c = 6
Grid: 24×24×24 = 13824 points; N_c = 6
Lloyd: 23 steps, max movement = 0.000000
Lloyd: 23 steps, max movement = 0.000000
Lloyd: 23 steps, max movement = 0.000000
Lloyd: 23 steps, max movement = 0.000000

Unfolded 6 reps → 264 distinct centroids (n_sym=48)

Unfolded 6 reps → 264 distinct centroids (n_sym=48)

Unfolded 6 reps → 264 distinct centroids (n_sym=48)

Pivoted-Cholesky prune: 264 → 164 (target 4 orbits)
  prune window: v×(v+c)  left=(0,8) right=(0,16)  [covers |ψ_v|² + v×c]
[pivoted_cholesky] M=264, n_keep=4, left=(0, 8), right=(0, 16), norms=off (load_wfns 2-D, mesh axes ('x', 'y'))

Pivoted-Cholesky prune: 264 → 164 (target 4 orbits)
  prune window: v×(v+c)  left=(0,8) right=(0,16)  [covers |ψ_v|² + v×c]
[pivoted_cholesky] M=264, n_keep=4, left=(0, 8), right=(0, 16), norms=off (load_wfns 2-D, mesh axes ('x', 'y'))

Pivoted-Cholesky prune: 264 → 164 (target 4 orbits)
  prune window: v×(v+c)  left=(0,8) right=(0,16)  [covers |ψ_v|² + v×c]
[pivoted_cholesky] M=264, n_keep=4, left=(0, 8), right=(0, 16), norms=off (load_wfns 2-D, mesh axes ('x', 'y'))

Unfolded 6 reps → 264 distinct centroids (n_sym=48)

Pivoted-Cholesky prune: 264 → 164 (target 4 orbits)
  prune window: v×(v+c)  left=(0,8) right=(0,16)  [covers |ψ_v|² + v×c]
[pivoted_cholesky] M=264, n_keep=4, left=(0, 8), right=(0, 16), norms=off (load_wfns 2-D, mesh axes ('x', 'y'))
  [gpu_utils] WARNING: bytes_limit=None, falling back to nvidia-smi (pid=542725)
[pivoted_cholesky] 2-D Gram build via load_wfns: nk_tot=27, left=(0, 8) (nb=8), right=(0, 16) (nb=16), M=264, norms=off, backend=WFNReader, budget=70.3626 GB/device, band_chunk_size=64
  [gpu_utils] WARNING: bytes_limit=None, falling back to nvidia-smi (pid=542726)
  [gpu_utils] WARNING: bytes_limit=None, falling back to nvidia-smi (pid=542730)
  [gpu_utils] WARNING: bytes_limit=None, falling back to nvidia-smi (pid=542728)
[pivoted_cholesky] 2-D Gram build via load_wfns: nk_tot=27, left=(0, 8) (nb=8), right=(0, 16) (nb=16), M=264, norms=off, backend=WFNReader, budget=70.3573 GB/device, band_chunk_size=64
[pivoted_cholesky] 2-D Gram build via load_wfns: nk_tot=27, left=(0, 8) (nb=8), right=(0, 16) (nb=16), M=264, norms=off, backend=WFNReader, budget=70.3573 GB/device, band_chunk_size=64
[pivoted_cholesky] 2-D Gram build via load_wfns: nk_tot=27, left=(0, 8) (nb=8), right=(0, 16) (nb=16), M=264, norms=off, backend=WFNReader, budget=70.3573 GB/device, band_chunk_size=64
[pivoted_cholesky] G built, shape=(264, 264), diag range [4.019e-08, 1.587e-06]
[pivoted_cholesky] G built, shape=(264, 264), diag range [4.019e-08, 1.587e-06]
[pivoted_cholesky] G built, shape=(264, 264), diag range [4.019e-08, 1.587e-06]
[pivoted_cholesky] G built, shape=(264, 264), diag range [4.019e-08, 1.587e-06]
[pivoted_cholesky] picked-pivot residuals: first=1.587e-06, mid=7.782e-07, last=5.610e-07
[pivoted_cholesky] tr(R_k)/tr(G): first=8.966e-01, mid=2.783e-01, last=1.171e-01
[pivoted_cholesky] orbit-aware: 4 orbits picked → 192 unfolded centroids (orbit-closed)
[pivoted_cholesky] picked-pivot residuals: first=1.587e-06, mid=7.782e-07, last=5.610e-07
[pivoted_cholesky] picked-pivot residuals: first=1.587e-06, mid=7.782e-07, last=5.610e-07
[pivoted_cholesky] picked-pivot residuals: first=1.587e-06, mid=7.782e-07, last=5.610e-07
[pivoted_cholesky] tr(R_k)/tr(G): first=8.966e-01, mid=2.783e-01, last=1.171e-01
[pivoted_cholesky] tr(R_k)/tr(G): first=8.966e-01, mid=2.783e-01, last=1.171e-01
[pivoted_cholesky] orbit-aware: 4 orbits picked → 192 unfolded centroids (orbit-closed)
[pivoted_cholesky] orbit-aware: 4 orbits picked → 192 unfolded centroids (orbit-closed)
[pivoted_cholesky] tr(R_k)/tr(G): first=8.966e-01, mid=2.783e-01, last=1.171e-01
[pivoted_cholesky] orbit-aware: 4 orbits picked → 192 unfolded centroids (orbit-closed)
After pruning: 192 centroids (rank=4)
After pruning: 192 centroids (rank=4)
After pruning: 192 centroids (rank=4)
After pruning: 192 centroids (rank=4)
Saved centroids to centroids_frac_192.txt
Saved centroids to centroids_frac_192.txt
Saved centroids to centroids_frac_192.txt
--- kmeans_cli timing (s) ---
Total recorded: 10.079 s
Section                                            Count    Total[s]     Self[s]      %
setup.wfn_io                                           1       0.056       0.056    0.6
setup.charge_density                                   1       0.013       0.013    0.1
kmeans                                                 1       5.364       1.772   53.2
  init                                                 1       1.664       1.664   16.5
  lloyd                                                1       1.425       1.425   14.1
  assign_labels                                        1       0.504       0.504    5.0
snap_unfold                                            1       0.004       0.004    0.0
prune                                                  1       4.642       0.448   46.1
  prune.gram                                           1       3.657       0.545   36.3
    left.load                                          1       2.255       0.850   22.4
      load_centroids.loader_load                       1       0.006       0.006    0.1
      load_centroids.gflat_to_rmu                      1       0.980       0.980    9.7
Saved centroids to centroids_frac_192.txt
      load_centroids.reshard                           1       0.419       0.419    4.2
    left.pair                                          1       0.140       0.140    1.4
    right.load                                         1       0.460       0.032    4.6
      load_centroids.loader_load                       1       0.012       0.012    0.1
      load_centroids.gflat_to_rmu                      1       0.297       0.297    2.9
      load_centroids.reshard                           1       0.119       0.119    1.2
    right.pair                                         1       0.088       0.088    0.9
    q0_sum                                             1       0.169       0.169    1.7
  prune.select                                         1       0.537       0.537    5.3
