=== mu_run kg=2x2x2 variant=platform_false ===
[lxrun] JID 53096549 · 1 nodes · 11:23 left · 1/1 free · incoming: lx-B
  1  nid008505  free   —              —      —  ← starting lx-B  python3 -u -m gw.gw_jax 

========================================================================
  COHSEX-JAX: Self-Energy Calculation
========================================================================
  Backend: GPU       Devices: 4  Mesh: 2×2  Processes: 4
  Device type: NVIDIA A100-SXM4-80GB
  XLA preallocate: false  mem_fraction: unset
========================================================================

  ISDF basis: 48 centroids
  FFT grid: 24×24×24   Cell volume: 270.11 a.u.³

    Memory estimate: peak 0.70 GB (budget 28.00 GB), bottleneck=fft
    Per-stage: fft=0.70  zct=0.43  reshard=0.07  solve=0.05  gather=0.05 GB
    AOT fit_one_rchunk peak (driver-level): 0.10 GB

  G-flat memory model — chunk plan + HWM estimate
    band_chunk         = 128
    r_chunk            = 13824  (1 chunks)
    gflat_chunk_size   = 100
    budget             = 28.00 GB/dev
    HWM estimate       = 0.28 GB/dev (1% of budget) [bottleneck: C_fit_one_rchunk]
    peak totals (GB/dev):
      C_fit_one_rchunk........    0.28
      A_centroid..............    0.23
      D_accumulate............    0.07
      E_v_q...................    0.00
      B_CCT_chol..............    0.00
    per-peak components (GB/dev):
      [A]
        fft_box...............   0.226
        phase_table...........   0.002
        centroid_out_filling..   0.001
        sphere_idx_replicated.   0.000
      [B]
        centroids_persistent..   0.002
        P_l_plus_P_r_open_spin   0.001
        sphere_idx_replicated.   0.000
        C_q...................   0.000
        L_q...................   0.000
      [C]
        P_pair_concurrent_slots   0.255
        zeta_out..............   0.021
        centroids_persist.....   0.002
        gflat_acc.............   0.001
        sphere_idx_replicated.   0.000
        L_q...................   0.000
      [D]
        accumulate_fft_box....   0.044
        zeta_chunk............   0.021
        centroids_persist.....   0.002
        gflat_acc.............   0.001
        sphere_idx_replicated.   0.000
        L_q...................   0.000
      [E]
        zeta_L_all............   0.001
        psi_centroids_persistent   0.001
        sphere_idx_replicated.   0.000
        zeta_L_on_x_axis......   0.000
        zeta_R_on_y_axis......   0.000
        v_q_table_replicated..   0.000
        V_acc.................   0.000
        V_acc_full_BZ.........   0.000
        V_q_block.............   0.000
        g0_acc................   0.000
        lorentz_mix_buffer....   0.000

  Chunked ISDF fitting:
    Band chunks: 128
    R chunks:    13824 (contiguous r-space)
    Q chunks:    8
    GFlat cs:    100
    Zeta output: /pscratch/sd/j/jackm/lorrax_sandbox/runs/Si/KGRID_nonbispinor_2026-05-18/2x2x2/mu_run/tmp/zeta_q.h5
    cutoffs: zeta = 25.0 Ry, bare-Coulomb = 25.0 Ry  (ecutwfc=25.0, ecutrho=100.0)
[mem_probe zeta_fit_start] in_use=-0.00 GB  peak=-0.00 GB  live_count=53 live_total=0.00 GB  nvsmi=1.51 GB nvsmi_peak=1.51 GB
[mem_probe zeta_fit_start]   complex128 (8, 48, 100, 2) x 1 = 0.00 GB
[mem_probe zeta_fit_start]   complex128 (8, 100, 2, 48) x 1 = 0.00 GB
[mem_probe zeta_fit_start]   int32 (8, 24, 24, 24) x 1 = 0.00 GB
[mem_probe zeta_fit_start]   complex128 (8, 588) x 1 = 0.00 GB
[mem_probe zeta_fit_start]   complex128 (8, 48) x 6 = 0.00 GB
[mem_probe zeta_fit_start]   complex128 (4, 4) x 10 = 0.00 GB
[mem_probe zeta_fit_start]   int32 (48, 3) x 2 = 0.00 GB
[mem_probe zeta_fit_start]   complex128 (4,) x 8 = 0.00 GB
[mem_probe zeta_fit_start]   complex128 (8, 2, 2) x 1 = 0.00 GB
[mem_probe zeta_fit_start]   int64 (4,) x 8 = 0.00 GB

  Zeta fitting: 1 r-chunks x 13824 r-points, 100 bands (100 left + 100 right)
  Output: /pscratch/sd/j/jackm/lorrax_sandbox/runs/Si/KGRID_nonbispinor_2026-05-18/2x2x2/mu_run/tmp/zeta_q.h5
  Left wfns:  (8, 100, 2, 48)
  Right wfns: (8, 100, 2, 48)
  Computing C_q via shard_map pipeline (open-spin, charge γ̃^0=I)
  Computing L_q = chol(C_q)  [PSD, charge channel, path=cusolvermp_cholesky]

  Zeta fitting: 1 r-chunks x 13824 r-points, 100 bands (100 left + 100 right)
  Output: /pscratch/sd/j/jackm/lorrax_sandbox/runs/Si/KGRID_nonbispinor_2026-05-18/2x2x2/mu_run/tmp/zeta_q.h5
  Left wfns:  (8, 100, 2, 48)
  Right wfns: (8, 100, 2, 48)

  Zeta fitting: 1 r-chunks x 13824 r-points, 100 bands (100 left + 100 right)
  Output: /pscratch/sd/j/jackm/lorrax_sandbox/runs/Si/KGRID_nonbispinor_2026-05-18/2x2x2/mu_run/tmp/zeta_q.h5
  Left wfns:  (8, 100, 2, 48)
  Right wfns: (8, 100, 2, 48)

  Zeta fitting: 1 r-chunks x 13824 r-points, 100 bands (100 left + 100 right)
  Output: /pscratch/sd/j/jackm/lorrax_sandbox/runs/Si/KGRID_nonbispinor_2026-05-18/2x2x2/mu_run/tmp/zeta_q.h5
  Left wfns:  (8, 100, 2, 48)
  Right wfns: (8, 100, 2, 48)
  Computing C_q via shard_map pipeline (open-spin, charge γ̃^0=I)
  Computing C_q via shard_map pipeline (open-spin, charge γ̃^0=I)
  Computing C_q via shard_map pipeline (open-spin, charge γ̃^0=I)
  Computing L_q = chol(C_q)  [PSD, charge channel, path=cusolvermp_cholesky]
  Computing L_q = chol(C_q)  [PSD, charge channel, path=cusolvermp_cholesky]
  Computing L_q = chol(C_q)  [PSD, charge channel, path=cusolvermp_cholesky]
[lorrax cusolverMp] library 0.7.2, NCCL 2.26.3, comm path: NCCL, grid: 2x2 (row-major)
  L_q: (8, 48, 48)
  L_q: (8, 48, 48)
  L_q: (8, 48, 48)
  L_q: (8, 48, 48)
  q axis on disk: full BZ (8 q-points) (write_ibz_only=False or closure check failed)
  q axis on disk: full BZ (8 q-points) (write_ibz_only=False or closure check failed)
  q axis on disk: full BZ (8 q-points) (write_ibz_only=False or closure check failed)
  q axis on disk: full BZ (8 q-points) (write_ibz_only=False or closure check failed)
  G-flat ζ sphere: ngkmax=588, min ngk=537, max ngk=588 (4.253% of n_rtot)
/global/homes/j/jackm/software/lorrax_B/src/file_io/_slab_io_ffi.py:453: UserWarning: FFI backend: chunks/attrs on create_dataset currently no-op; pre-create with h5py if you need explicit chunking or attrs.
  warnings.warn(
/global/homes/j/jackm/software/lorrax_B/src/file_io/_slab_io_ffi.py:453: UserWarning: FFI backend: chunks/attrs on create_dataset currently no-op; pre-create with h5py if you need explicit chunking or attrs.
  warnings.warn(
/global/homes/j/jackm/software/lorrax_B/src/file_io/_slab_io_ffi.py:453: UserWarning: FFI backend: chunks/attrs on create_dataset currently no-op; pre-create with h5py if you need explicit chunking or attrs.
  warnings.warn(
/global/homes/j/jackm/software/lorrax_B/src/file_io/_slab_io_ffi.py:453: UserWarning: FFI backend: chunks/attrs on create_dataset currently no-op; pre-create with h5py if you need explicit chunking or attrs.
  warnings.warn(
  ψ(G-flat) host cache: 0.00 GB/process resident
  G-flat ζ accumulator: N=96 rows/rank (n_q=8 × n_mu_local=12); chunk_size=100 → per-iter FFT box 0.02 GB/rank
[mem_probe pre_rchunk_loop] in_use=-0.00 GB  peak=-0.00 GB  live_count=63 live_total=0.01 GB  nvsmi=2.71 GB nvsmi_peak=2.71 GB
[mem_probe pre_rchunk_loop]   complex128 (8, 48, 100, 2) x 3 = 0.00 GB
[mem_probe pre_rchunk_loop]   complex128 (8, 100, 2, 48) x 3 = 0.00 GB
[mem_probe pre_rchunk_loop]   complex128 (8, 48, 588) x 1 = 0.00 GB
[mem_probe pre_rchunk_loop]   int32 (8, 24, 24, 24) x 1 = 0.00 GB
[mem_probe pre_rchunk_loop]   complex128 (8, 48, 48) x 1 = 0.00 GB
[mem_probe pre_rchunk_loop]   complex128 (8, 588) x 1 = 0.00 GB
[mem_probe pre_rchunk_loop]   complex128 (8, 48) x 6 = 0.00 GB
[mem_probe pre_rchunk_loop]   complex128 (4, 4) x 10 = 0.00 GB
[mem_probe pre_rchunk_loop]   float64 (100,) x 2 = 0.00 GB
[mem_probe pre_rchunk_loop]   int32 (48, 3) x 2 = 0.00 GB
[mem_probe rchunk_start chunk=0] in_use=-0.00 GB  peak=-0.00 GB  live_count=63 live_total=0.01 GB  nvsmi=2.71 GB nvsmi_peak=2.71 GB
[mem_probe rchunk_start chunk=0]   complex128 (8, 48, 100, 2) x 3 = 0.00 GB
[mem_probe rchunk_start chunk=0]   complex128 (8, 100, 2, 48) x 3 = 0.00 GB
[mem_probe rchunk_start chunk=0]   complex128 (8, 48, 588) x 1 = 0.00 GB
[mem_probe rchunk_start chunk=0]   int32 (8, 24, 24, 24) x 1 = 0.00 GB
[mem_probe rchunk_start chunk=0]   complex128 (8, 48, 48) x 1 = 0.00 GB
[mem_probe rchunk_start chunk=0]   complex128 (8, 588) x 1 = 0.00 GB
[mem_probe rchunk_start chunk=0]   complex128 (8, 48) x 6 = 0.00 GB
[mem_probe rchunk_start chunk=0]   complex128 (4, 4) x 10 = 0.00 GB
[mem_probe rchunk_start chunk=0]   float64 (100,) x 2 = 0.00 GB
[mem_probe rchunk_start chunk=0]   int32 (48, 3) x 2 = 0.00 GB
[rchunk_dbg]   z_q_build=938ms solve=424ms
[mem_probe after_fit_one_rchunk chunk=0] in_use=-0.00 GB  peak=-0.00 GB  live_count=64 live_total=0.10 GB  nvsmi=3.07 GB nvsmi_peak=3.07 GB
[mem_probe after_fit_one_rchunk chunk=0]   complex128 (8, 48, 13824) x 1 = 0.08 GB
[mem_probe after_fit_one_rchunk chunk=0]   complex128 (8, 48, 100, 2) x 3 = 0.00 GB
[mem_probe after_fit_one_rchunk chunk=0]   complex128 (8, 100, 2, 48) x 3 = 0.00 GB
[mem_probe after_fit_one_rchunk chunk=0]   complex128 (8, 48, 588) x 1 = 0.00 GB
[mem_probe after_fit_one_rchunk chunk=0]   int32 (8, 24, 24, 24) x 1 = 0.00 GB
[mem_probe after_fit_one_rchunk chunk=0]   complex128 (8, 48, 48) x 1 = 0.00 GB
[mem_probe after_fit_one_rchunk chunk=0]   complex128 (8, 588) x 1 = 0.00 GB
[mem_probe after_fit_one_rchunk chunk=0]   complex128 (8, 48) x 6 = 0.00 GB
[mem_probe after_fit_one_rchunk chunk=0]   complex128 (4, 4) x 10 = 0.00 GB
[mem_probe after_fit_one_rchunk chunk=0]   float64 (100,) x 2 = 0.00 GB
[mem_probe after_accumulate chunk=0] in_use=-0.00 GB  peak=-0.00 GB  live_count=72 live_total=0.01 GB  nvsmi=3.05 GB nvsmi_peak=3.07 GB
[mem_probe after_accumulate chunk=0]   complex128 (8, 48, 100, 2) x 3 = 0.00 GB
[mem_probe after_accumulate chunk=0]   complex128 (8, 100, 2, 48) x 3 = 0.00 GB
[mem_probe after_accumulate chunk=0]   complex128 (8, 48, 588) x 1 = 0.00 GB
[mem_probe after_accumulate chunk=0]   int32 (8, 24, 24, 24) x 1 = 0.00 GB
[mem_probe after_accumulate chunk=0]   complex128 (8, 48, 48) x 1 = 0.00 GB
[mem_probe after_accumulate chunk=0]   complex128 (8, 588) x 1 = 0.00 GB
[mem_probe after_accumulate chunk=0]   int32 (8, 588) x 2 = 0.00 GB
[mem_probe after_accumulate chunk=0]   complex128 (8, 48) x 6 = 0.00 GB
[mem_probe after_accumulate chunk=0]   complex128 (8, 24) x 6 = 0.00 GB
[mem_probe after_accumulate chunk=0]   complex128 (4, 4) x 10 = 0.00 GB
[rchunk_dbg] chunk=1/1 r=[0,13824) fit=1426ms write=308ms total=1735ms
Started zeta fitting at 02:49:15.
[ 02:49:15 | ██████████ | 100% ] r-chunk 1 / 1 · ETA 0 s
Finished zeta fitting at 02:49:15.  Elapsed: 0 s.
  [SlabIO.close] draining 1 pending writes for zeta_q.h5 …
  [SlabIO.close] Python dispatch drained in 0.0 s; joining writer thread
  [SlabIO.close] writer thread joined in 0.0 s; calling H5Fclose collectively
  [SlabIO.close] H5Fclose returned in 0.0 s
  Zeta output: /pscratch/sd/j/jackm/lorrax_sandbox/runs/Si/KGRID_nonbispinor_2026-05-18/2x2x2/mu_run/tmp/zeta_q.h5  shape: (n_q_disk=8 of 2·2·2=8 full-BZ, n_rtot=13824, n_rmu=48)
  Timing (1 r-chunks, 2.1s total):
    fit      1.51s  71.7%
  Zeta output: /pscratch/sd/j/jackm/lorrax_sandbox/runs/Si/KGRID_nonbispinor_2026-05-18/2x2x2/mu_run/tmp/zeta_q.h5  shape: (n_q_disk=8 of 2·2·2=8 full-BZ, n_rtot=13824, n_rmu=48)
  Timing (1 r-chunks, 2.1s total):
    fit      1.51s  71.6%
    H5       0.55s  26.1%
  Zeta output: /pscratch/sd/j/jackm/lorrax_sandbox/runs/Si/KGRID_nonbispinor_2026-05-18/2x2x2/mu_run/tmp/zeta_q.h5  shape: (n_q_disk=8 of 2·2·2=8 full-BZ, n_rtot=13824, n_rmu=48)
  Timing (1 r-chunks, 2.1s total):
    fit      1.51s  71.7%
    H5       0.55s  26.0%
    H5       0.55s  26.0%
  Zeta output: /pscratch/sd/j/jackm/lorrax_sandbox/runs/Si/KGRID_nonbispinor_2026-05-18/2x2x2/mu_run/tmp/zeta_q.h5  shape: (n_q_disk=8 of 2·2·2=8 full-BZ, n_rtot=13824, n_rmu=48)
  Timing (1 r-chunks, 1.9s total):
    fit      1.43s  73.4%
    H5       0.31s  15.9%
[mem_probe zeta_fit_end] in_use=-0.00 GB  peak=-0.00 GB  live_count=74 live_total=0.01 GB  nvsmi=3.05 GB nvsmi_peak=3.07 GB
[mem_probe zeta_fit_end]   complex128 (8, 48, 100, 2) x 3 = 0.00 GB
[mem_probe zeta_fit_end]   complex128 (8, 100, 2, 48) x 3 = 0.00 GB
[mem_probe zeta_fit_end]   int32 (8, 24, 24, 24) x 1 = 0.00 GB
[mem_probe zeta_fit_end]   complex128 (8, 48, 48) x 1 = 0.00 GB
[mem_probe zeta_fit_end]   complex128 (8, 588) x 1 = 0.00 GB
[mem_probe zeta_fit_end]   int32 (8, 588) x 2 = 0.00 GB
[mem_probe zeta_fit_end]   complex128 (8, 48) x 6 = 0.00 GB
[mem_probe zeta_fit_end]   complex128 (8, 24) x 6 = 0.00 GB
[mem_probe zeta_fit_end]   bool (8, 1, 588) x 1 = 0.00 GB
[mem_probe zeta_fit_end]   complex128 (4, 4) x 10 = 0.00 GB
    GPU high-water mark: 3.28 GB / 28.00 GB budget (12%)
    γ (runtime / AOT-pred) = 34.136  (AOT predicted 0.10 GB)
[profile] LORRAX_EXIT_AFTER_ZETA set: exiting cleanly after fit_zeta.
