
========================================================================
  COHSEX-JAX: Self-Energy Calculation
========================================================================
  Backend: GPU       Devices: 16  Mesh: 4×4  Processes: 16
  Device type: NVIDIA A100-SXM4-80GB
  XLA preallocate: false  mem_fraction: 0.95
  XLA pool: limit=80.84 GB, in_use=0.00 GB, avail=80.84 GB
========================================================================

  ISDF basis: 1496 centroids
  FFT grid: 24×24×80   Cell volume: 702.20 a.u.³


  ISDF memory model — chunk plan + HWM estimate
    band_chunk    = 16
    r_chunk       = 32720  (2 chunks)
    q_chunk       = 36
    gflat_cs      = 100
    P_min (floor) = 1
    budget        = 28.00 GB/dev  (util 0.85)
    persistent    = 0.76 GB/dev
    HWM estimate  = 23.80 GB/dev (85% of budget) [binder: C_fit_one_rchunk]
    per-stage peaks (persistent + transient, GB/dev):
      C_fit_one_rchunk....   23.80 <=
      D_accumulate........    2.68
      B_cct_chol..........    1.50
      A_centroid_load.....    0.98
      E_v_q...............    0.53

  Zeta fitting: 2 r-chunks x 32720 r-points, 208 bands (100 left + 208 right)
  Output: /pscratch/sd/j/jackm/lorrax_sandbox/runs/MoS2/A_bse_figures_2026-07-20/03_lorrax_gw_postfix_2026-07-21/tmp/zeta_q.h5

  Zeta fitting: 2 r-chunks x 32720 r-points, 208 bands (100 left + 208 right)
  Output: /pscratch/sd/j/jackm/lorrax_sandbox/runs/MoS2/A_bse_figures_2026-07-20/03_lorrax_gw_postfix_2026-07-21/tmp/zeta_q.h5

  Zeta fitting: 2 r-chunks x 32720 r-points, 208 bands (100 left + 208 right)
  Output: /pscratch/sd/j/jackm/lorrax_sandbox/runs/MoS2/A_bse_figures_2026-07-20/03_lorrax_gw_postfix_2026-07-21/tmp/zeta_q.h5

  Zeta fitting: 2 r-chunks x 32720 r-points, 208 bands (100 left + 208 right)
  Output: /pscratch/sd/j/jackm/lorrax_sandbox/runs/MoS2/A_bse_figures_2026-07-20/03_lorrax_gw_postfix_2026-07-21/tmp/zeta_q.h5

  Zeta fitting: 2 r-chunks x 32720 r-points, 208 bands (100 left + 208 right)
  Output: /pscratch/sd/j/jackm/lorrax_sandbox/runs/MoS2/A_bse_figures_2026-07-20/03_lorrax_gw_postfix_2026-07-21/tmp/zeta_q.h5

  Zeta fitting: 2 r-chunks x 32720 r-points, 208 bands (100 left + 208 right)
  Output: /pscratch/sd/j/jackm/lorrax_sandbox/runs/MoS2/A_bse_figures_2026-07-20/03_lorrax_gw_postfix_2026-07-21/tmp/zeta_q.h5

  Zeta fitting: 2 r-chunks x 32720 r-points, 208 bands (100 left + 208 right)
  Output: /pscratch/sd/j/jackm/lorrax_sandbox/runs/MoS2/A_bse_figures_2026-07-20/03_lorrax_gw_postfix_2026-07-21/tmp/zeta_q.h5

  Zeta fitting: 2 r-chunks x 32720 r-points, 208 bands (100 left + 208 right)
  Output: /pscratch/sd/j/jackm/lorrax_sandbox/runs/MoS2/A_bse_figures_2026-07-20/03_lorrax_gw_postfix_2026-07-21/tmp/zeta_q.h5

  Zeta fitting: 2 r-chunks x 32720 r-points, 208 bands (100 left + 208 right)
  Output: /pscratch/sd/j/jackm/lorrax_sandbox/runs/MoS2/A_bse_figures_2026-07-20/03_lorrax_gw_postfix_2026-07-21/tmp/zeta_q.h5

  Zeta fitting: 2 r-chunks x 32720 r-points, 208 bands (100 left + 208 right)
  Output: /pscratch/sd/j/jackm/lorrax_sandbox/runs/MoS2/A_bse_figures_2026-07-20/03_lorrax_gw_postfix_2026-07-21/tmp/zeta_q.h5

  Zeta fitting: 2 r-chunks x 32720 r-points, 208 bands (100 left + 208 right)
  Output: /pscratch/sd/j/jackm/lorrax_sandbox/runs/MoS2/A_bse_figures_2026-07-20/03_lorrax_gw_postfix_2026-07-21/tmp/zeta_q.h5

  Chunked ISDF fitting:
    Band chunks: 16
    R chunks:    32720 (contiguous r-space)
    Q chunks:    36
    GFlat cs:    100
    Zeta output: /pscratch/sd/j/jackm/lorrax_sandbox/runs/MoS2/A_bse_figures_2026-07-20/03_lorrax_gw_postfix_2026-07-21/tmp/zeta_q.h5
    cutoffs: zeta = 30.0 Ry, bare-Coulomb = 30.0 Ry  (ecutwfc=30.0, ecutrho=120.0)

  Zeta fitting: 2 r-chunks x 32720 r-points, 208 bands (100 left + 208 right)
  Output: /pscratch/sd/j/jackm/lorrax_sandbox/runs/MoS2/A_bse_figures_2026-07-20/03_lorrax_gw_postfix_2026-07-21/tmp/zeta_q.h5

  Zeta fitting: 2 r-chunks x 32720 r-points, 208 bands (100 left + 208 right)
  Output: /pscratch/sd/j/jackm/lorrax_sandbox/runs/MoS2/A_bse_figures_2026-07-20/03_lorrax_gw_postfix_2026-07-21/tmp/zeta_q.h5
  Left wfns:  (36, 100, 2, 1504)
  Right wfns: (36, 208, 2, 1504)
  Left wfns:  (36, 100, 2, 1504)
  Right wfns: (36, 208, 2, 1504)
  Left wfns:  (36, 100, 2, 1504)
  Right wfns: (36, 208, 2, 1504)
  Left wfns:  (36, 100, 2, 1504)
  Right wfns: (36, 208, 2, 1504)

  Zeta fitting: 2 r-chunks x 32720 r-points, 208 bands (100 left + 208 right)
  Output: /pscratch/sd/j/jackm/lorrax_sandbox/runs/MoS2/A_bse_figures_2026-07-20/03_lorrax_gw_postfix_2026-07-21/tmp/zeta_q.h5

  Zeta fitting: 2 r-chunks x 32720 r-points, 208 bands (100 left + 208 right)
  Output: /pscratch/sd/j/jackm/lorrax_sandbox/runs/MoS2/A_bse_figures_2026-07-20/03_lorrax_gw_postfix_2026-07-21/tmp/zeta_q.h5

  Zeta fitting: 2 r-chunks x 32720 r-points, 208 bands (100 left + 208 right)
  Output: /pscratch/sd/j/jackm/lorrax_sandbox/runs/MoS2/A_bse_figures_2026-07-20/03_lorrax_gw_postfix_2026-07-21/tmp/zeta_q.h5
  Left wfns:  (36, 100, 2, 1504)
  Right wfns: (36, 208, 2, 1504)
  Left wfns:  (36, 100, 2, 1504)
  Right wfns: (36, 208, 2, 1504)
  Left wfns:  (36, 100, 2, 1504)
  Right wfns: (36, 208, 2, 1504)
  Left wfns:  (36, 100, 2, 1504)
  Right wfns: (36, 208, 2, 1504)
  Left wfns:  (36, 100, 2, 1504)
  Right wfns: (36, 208, 2, 1504)
  Left wfns:  (36, 100, 2, 1504)
  Right wfns: (36, 208, 2, 1504)
  Left wfns:  (36, 100, 2, 1504)
  Right wfns: (36, 208, 2, 1504)
  Left wfns:  (36, 100, 2, 1504)
  Right wfns: (36, 208, 2, 1504)
  Left wfns:  (36, 100, 2, 1504)
  Right wfns: (36, 208, 2, 1504)
  Left wfns:  (36, 100, 2, 1504)
  Right wfns: (36, 208, 2, 1504)
  Left wfns:  (36, 100, 2, 1504)
  Right wfns: (36, 208, 2, 1504)
  Left wfns:  (36, 100, 2, 1504)
  Right wfns: (36, 208, 2, 1504)
  Computing C_q via shard_map pipeline (open-spin, charge γ̃^0=I)
  Computing C_q via shard_map pipeline (open-spin, charge γ̃^0=I)
  Computing C_q via shard_map pipeline (open-spin, charge γ̃^0=I)
  Computing C_q via shard_map pipeline (open-spin, charge γ̃^0=I)
  Computing C_q via shard_map pipeline (open-spin, charge γ̃^0=I)
  Computing C_q via shard_map pipeline (open-spin, charge γ̃^0=I)
  Computing C_q via shard_map pipeline (open-spin, charge γ̃^0=I)
  Computing C_q via shard_map pipeline (open-spin, charge γ̃^0=I)
  Computing C_q via shard_map pipeline (open-spin, charge γ̃^0=I)
  Computing C_q via shard_map pipeline (open-spin, charge γ̃^0=I)
  Computing C_q via shard_map pipeline (open-spin, charge γ̃^0=I)
  Computing C_q via shard_map pipeline (open-spin, charge γ̃^0=I)
  Computing C_q via shard_map pipeline (open-spin, charge γ̃^0=I)
  Computing C_q via shard_map pipeline (open-spin, charge γ̃^0=I)
  Computing C_q via shard_map pipeline (open-spin, charge γ̃^0=I)
  Computing C_q via shard_map pipeline (open-spin, charge γ̃^0=I)
  Computing L_q = rank-truncated pinv  [PSD, charge channel, path=replicated_rank_truncate]
  Computing L_q = rank-truncated pinv  [PSD, charge channel, path=replicated_rank_truncate]
  Computing L_q = rank-truncated pinv  [PSD, charge channel, path=replicated_rank_truncate]
  Computing L_q = rank-truncated pinv  [PSD, charge channel, path=replicated_rank_truncate]
  Computing L_q = rank-truncated pinv  [PSD, charge channel, path=replicated_rank_truncate]
  Computing L_q = rank-truncated pinv  [PSD, charge channel, path=replicated_rank_truncate]
  Computing L_q = rank-truncated pinv  [PSD, charge channel, path=replicated_rank_truncate]
  Computing L_q = rank-truncated pinv  [PSD, charge channel, path=replicated_rank_truncate]
  Computing L_q = rank-truncated pinv  [PSD, charge channel, path=replicated_rank_truncate]
  Computing L_q = rank-truncated pinv  [PSD, charge channel, path=replicated_rank_truncate]
  Computing L_q = rank-truncated pinv  [PSD, charge channel, path=replicated_rank_truncate]
  Computing L_q = rank-truncated pinv  [PSD, charge channel, path=replicated_rank_truncate]
  Computing L_q = rank-truncated pinv  [PSD, charge channel, path=replicated_rank_truncate]
  Computing L_q = rank-truncated pinv  [PSD, charge channel, path=replicated_rank_truncate]
  Computing L_q = rank-truncated pinv  [PSD, charge channel, path=replicated_rank_truncate]
  Computing L_q = rank-truncated pinv  [PSD, charge channel, path=replicated_rank_truncate]
  L_q: (20, 1504, 1504)
  L_q: (20, 1504, 1504)
  L_q: (20, 1504, 1504)
  L_q: (20, 1504, 1504)
  L_q: (20, 1504, 1504)
  L_q: (20, 1504, 1504)
  L_q: (20, 1504, 1504)
  L_q: (20, 1504, 1504)
  L_q: (20, 1504, 1504)
  L_q: (20, 1504, 1504)
  L_q: (20, 1504, 1504)
  L_q: (20, 1504, 1504)
  L_q: (20, 1504, 1504)
  L_q: (20, 1504, 1504)
  L_q: (20, 1504, 1504)
  L_q: (20, 1504, 1504)
  q-IBZ reduction: 20 IBZ q-points / 36 full-BZ (disk shrink 1.8×)
  q-IBZ reduction: 20 IBZ q-points / 36 full-BZ (disk shrink 1.8×)
  q-IBZ reduction: 20 IBZ q-points / 36 full-BZ (disk shrink 1.8×)
  q-IBZ reduction: 20 IBZ q-points / 36 full-BZ (disk shrink 1.8×)
  q-IBZ reduction: 20 IBZ q-points / 36 full-BZ (disk shrink 1.8×)
  q-IBZ reduction: 20 IBZ q-points / 36 full-BZ (disk shrink 1.8×)
  q-IBZ reduction: 20 IBZ q-points / 36 full-BZ (disk shrink 1.8×)
  q-IBZ reduction: 20 IBZ q-points / 36 full-BZ (disk shrink 1.8×)
  q-IBZ reduction: 20 IBZ q-points / 36 full-BZ (disk shrink 1.8×)
  q-IBZ reduction: 20 IBZ q-points / 36 full-BZ (disk shrink 1.8×)
  q-IBZ reduction: 20 IBZ q-points / 36 full-BZ (disk shrink 1.8×)
  q-IBZ reduction: 20 IBZ q-points / 36 full-BZ (disk shrink 1.8×)
  q-IBZ reduction: 20 IBZ q-points / 36 full-BZ (disk shrink 1.8×)
  q-IBZ reduction: 20 IBZ q-points / 36 full-BZ (disk shrink 1.8×)
  q-IBZ reduction: 20 IBZ q-points / 36 full-BZ (disk shrink 1.8×)
  q-IBZ reduction: 20 IBZ q-points / 36 full-BZ (disk shrink 1.8×)
  G-flat ζ sphere: ngkmax=1964, min ngk=1917, max ngk=1964 (4.262% of n_rtot)
/pscratch/sd/j/jackm/lorrax_sandbox/sources/worktrees/lorrax_gw_conduction_postfix/src/file_io/_slab_io_ffi.py:457: UserWarning: FFI backend: chunks/attrs on create_dataset currently no-op; pre-create with h5py if you need explicit chunking or attrs.
  warnings.warn(
/pscratch/sd/j/jackm/lorrax_sandbox/sources/worktrees/lorrax_gw_conduction_postfix/src/file_io/_slab_io_ffi.py:457: UserWarning: FFI backend: chunks/attrs on create_dataset currently no-op; pre-create with h5py if you need explicit chunking or attrs.
  warnings.warn(
/pscratch/sd/j/jackm/lorrax_sandbox/sources/worktrees/lorrax_gw_conduction_postfix/src/file_io/_slab_io_ffi.py:457: UserWarning: FFI backend: chunks/attrs on create_dataset currently no-op; pre-create with h5py if you need explicit chunking or attrs.
  warnings.warn(
/pscratch/sd/j/jackm/lorrax_sandbox/sources/worktrees/lorrax_gw_conduction_postfix/src/file_io/_slab_io_ffi.py:457: UserWarning: FFI backend: chunks/attrs on create_dataset currently no-op; pre-create with h5py if you need explicit chunking or attrs.
  warnings.warn(
/pscratch/sd/j/jackm/lorrax_sandbox/sources/worktrees/lorrax_gw_conduction_postfix/src/file_io/_slab_io_ffi.py:457: UserWarning: FFI backend: chunks/attrs on create_dataset currently no-op; pre-create with h5py if you need explicit chunking or attrs.
  warnings.warn(
/pscratch/sd/j/jackm/lorrax_sandbox/sources/worktrees/lorrax_gw_conduction_postfix/src/file_io/_slab_io_ffi.py:457: UserWarning: FFI backend: chunks/attrs on create_dataset currently no-op; pre-create with h5py if you need explicit chunking or attrs.
  warnings.warn(
/pscratch/sd/j/jackm/lorrax_sandbox/sources/worktrees/lorrax_gw_conduction_postfix/src/file_io/_slab_io_ffi.py:457: UserWarning: FFI backend: chunks/attrs on create_dataset currently no-op; pre-create with h5py if you need explicit chunking or attrs.
  warnings.warn(
/pscratch/sd/j/jackm/lorrax_sandbox/sources/worktrees/lorrax_gw_conduction_postfix/src/file_io/_slab_io_ffi.py:457: UserWarning: FFI backend: chunks/attrs on create_dataset currently no-op; pre-create with h5py if you need explicit chunking or attrs.
  warnings.warn(
/pscratch/sd/j/jackm/lorrax_sandbox/sources/worktrees/lorrax_gw_conduction_postfix/src/file_io/_slab_io_ffi.py:457: UserWarning: FFI backend: chunks/attrs on create_dataset currently no-op; pre-create with h5py if you need explicit chunking or attrs.
  warnings.warn(
/pscratch/sd/j/jackm/lorrax_sandbox/sources/worktrees/lorrax_gw_conduction_postfix/src/file_io/_slab_io_ffi.py:457: UserWarning: FFI backend: chunks/attrs on create_dataset currently no-op; pre-create with h5py if you need explicit chunking or attrs.
  warnings.warn(
/pscratch/sd/j/jackm/lorrax_sandbox/sources/worktrees/lorrax_gw_conduction_postfix/src/file_io/_slab_io_ffi.py:457: UserWarning: FFI backend: chunks/attrs on create_dataset currently no-op; pre-create with h5py if you need explicit chunking or attrs.
  warnings.warn(
/pscratch/sd/j/jackm/lorrax_sandbox/sources/worktrees/lorrax_gw_conduction_postfix/src/file_io/_slab_io_ffi.py:457: UserWarning: FFI backend: chunks/attrs on create_dataset currently no-op; pre-create with h5py if you need explicit chunking or attrs.
  warnings.warn(
/pscratch/sd/j/jackm/lorrax_sandbox/sources/worktrees/lorrax_gw_conduction_postfix/src/file_io/_slab_io_ffi.py:457: UserWarning: FFI backend: chunks/attrs on create_dataset currently no-op; pre-create with h5py if you need explicit chunking or attrs.
  warnings.warn(
/pscratch/sd/j/jackm/lorrax_sandbox/sources/worktrees/lorrax_gw_conduction_postfix/src/file_io/_slab_io_ffi.py:457: UserWarning: FFI backend: chunks/attrs on create_dataset currently no-op; pre-create with h5py if you need explicit chunking or attrs.
  warnings.warn(
/pscratch/sd/j/jackm/lorrax_sandbox/sources/worktrees/lorrax_gw_conduction_postfix/src/file_io/_slab_io_ffi.py:457: UserWarning: FFI backend: chunks/attrs on create_dataset currently no-op; pre-create with h5py if you need explicit chunking or attrs.
  warnings.warn(
/pscratch/sd/j/jackm/lorrax_sandbox/sources/worktrees/lorrax_gw_conduction_postfix/src/file_io/_slab_io_ffi.py:457: UserWarning: FFI backend: chunks/attrs on create_dataset currently no-op; pre-create with h5py if you need explicit chunking or attrs.
  warnings.warn(
  ψ(G-flat) host cache: 0.03 GB/process resident
  G-flat ζ accumulator: N=1880 rows/rank (n_q=20 × n_mu_local=94); chunk_size=100 → per-iter FFT box 0.07 GB/rank
Started zeta fitting at 10:39:34.
[ 10:39:34 | █████░░░░░ |  50% ] r-chunk 1 / 2 · ETA 0 s
[ 10:39:39 | ██████████ | 100% ] r-chunk 2 / 2 · ETA 0 s
Finished zeta fitting at 10:39:39.  Elapsed: 4 s.
  [SlabIO.close] draining 1 pending writes for zeta_q.h5 …
  [SlabIO.close] Python dispatch drained in 0.4 s; joining writer thread
  [SlabIO.close] writer thread joined in 0.0 s; calling H5Fclose collectively
  [SlabIO.close] H5Fclose returned in 0.0 s
  Zeta output: /pscratch/sd/j/jackm/lorrax_sandbox/runs/MoS2/A_bse_figures_2026-07-20/03_lorrax_gw_postfix_2026-07-21/tmp/zeta_q.h5  shape: (n_q_disk=20 of 6·6·1=36 full-BZ, n_rtot=46080, n_rmu=1496)
  Timing (2 r-chunks, 13.2s total):
    fit     11.43s  86.4%
    H5       1.66s  12.5%
  Zeta output: /pscratch/sd/j/jackm/lorrax_sandbox/runs/MoS2/A_bse_figures_2026-07-20/03_lorrax_gw_postfix_2026-07-21/tmp/zeta_q.h5  shape: (n_q_disk=20 of 6·6·1=36 full-BZ, n_rtot=46080, n_rmu=1496)
  Timing (2 r-chunks, 13.2s total):
    fit     11.40s  86.2%
    H5       1.68s  12.7%
  Zeta output: /pscratch/sd/j/jackm/lorrax_sandbox/runs/MoS2/A_bse_figures_2026-07-20/03_lorrax_gw_postfix_2026-07-21/tmp/zeta_q.h5  shape: (n_q_disk=20 of 6·6·1=36 full-BZ, n_rtot=46080, n_rmu=1496)
  Timing (2 r-chunks, 13.2s total):
    fit     11.45s  86.5%
    H5       1.65s  12.4%
  Zeta output: /pscratch/sd/j/jackm/lorrax_sandbox/runs/MoS2/A_bse_figures_2026-07-20/03_lorrax_gw_postfix_2026-07-21/tmp/zeta_q.h5  shape: (n_q_disk=20 of 6·6·1=36 full-BZ, n_rtot=46080, n_rmu=1496)
  Timing (2 r-chunks, 13.2s total):
  Zeta output: /pscratch/sd/j/jackm/lorrax_sandbox/runs/MoS2/A_bse_figures_2026-07-20/03_lorrax_gw_postfix_2026-07-21/tmp/zeta_q.h5  shape: (n_q_disk=20 of 6·6·1=36 full-BZ, n_rtot=46080, n_rmu=1496)
  Timing (2 r-chunks, 13.2s total):
    fit     11.43s  86.5%
    H5       1.64s  12.4%
  Zeta output: /pscratch/sd/j/jackm/lorrax_sandbox/runs/MoS2/A_bse_figures_2026-07-20/03_lorrax_gw_postfix_2026-07-21/tmp/zeta_q.h5  shape: (n_q_disk=20 of 6·6·1=36 full-BZ, n_rtot=46080, n_rmu=1496)
  Timing (2 r-chunks, 13.2s total):
    fit     11.45s  86.6%
  Zeta output: /pscratch/sd/j/jackm/lorrax_sandbox/runs/MoS2/A_bse_figures_2026-07-20/03_lorrax_gw_postfix_2026-07-21/tmp/zeta_q.h5  shape: (n_q_disk=20 of 6·6·1=36 full-BZ, n_rtot=46080, n_rmu=1496)
  Timing (2 r-chunks, 13.2s total):
    fit     11.43s  86.5%
    H5       1.64s  12.4%
  Zeta output: /pscratch/sd/j/jackm/lorrax_sandbox/runs/MoS2/A_bse_figures_2026-07-20/03_lorrax_gw_postfix_2026-07-21/tmp/zeta_q.h5  shape: (n_q_disk=20 of 6·6·1=36 full-BZ, n_rtot=46080, n_rmu=1496)
  Timing (2 r-chunks, 13.2s total):
    fit     11.43s  86.5%
    H5       1.64s  12.4%
  Zeta output: /pscratch/sd/j/jackm/lorrax_sandbox/runs/MoS2/A_bse_figures_2026-07-20/03_lorrax_gw_postfix_2026-07-21/tmp/zeta_q.h5  shape: (n_q_disk=20 of 6·6·1=36 full-BZ, n_rtot=46080, n_rmu=1496)
  Timing (2 r-chunks, 13.2s total):
  Zeta output: /pscratch/sd/j/jackm/lorrax_sandbox/runs/MoS2/A_bse_figures_2026-07-20/03_lorrax_gw_postfix_2026-07-21/tmp/zeta_q.h5  shape: (n_q_disk=20 of 6·6·1=36 full-BZ, n_rtot=46080, n_rmu=1496)
  Timing (2 r-chunks, 13.2s total):
    fit     11.45s  86.5%
    H5       1.64s  12.4%
    fit     11.37s  85.9%
    H5       1.72s  13.0%
  Zeta output: /pscratch/sd/j/jackm/lorrax_sandbox/runs/MoS2/A_bse_figures_2026-07-20/03_lorrax_gw_postfix_2026-07-21/tmp/zeta_q.h5  shape: (n_q_disk=20 of 6·6·1=36 full-BZ, n_rtot=46080, n_rmu=1496)
  Timing (2 r-chunks, 13.2s total):
    fit     11.40s  86.3%
    fit     11.44s  86.4%
    H5       1.65s  12.5%
    H5       1.63s  12.4%
  Zeta output: /pscratch/sd/j/jackm/lorrax_sandbox/runs/MoS2/A_bse_figures_2026-07-20/03_lorrax_gw_postfix_2026-07-21/tmp/zeta_q.h5  shape: (n_q_disk=20 of 6·6·1=36 full-BZ, n_rtot=46080, n_rmu=1496)
  Timing (2 r-chunks, 13.2s total):
    H5       1.66s  12.6%
  Zeta output: /pscratch/sd/j/jackm/lorrax_sandbox/runs/MoS2/A_bse_figures_2026-07-20/03_lorrax_gw_postfix_2026-07-21/tmp/zeta_q.h5  shape: (n_q_disk=20 of 6·6·1=36 full-BZ, n_rtot=46080, n_rmu=1496)
    fit     11.37s  85.9%
    H5       1.72s  13.0%
  Zeta output: /pscratch/sd/j/jackm/lorrax_sandbox/runs/MoS2/A_bse_figures_2026-07-20/03_lorrax_gw_postfix_2026-07-21/tmp/zeta_q.h5  shape: (n_q_disk=20 of 6·6·1=36 full-BZ, n_rtot=46080, n_rmu=1496)
  Timing (2 r-chunks, 13.2s total):
  Timing (2 r-chunks, 13.2s total):
  Zeta output: /pscratch/sd/j/jackm/lorrax_sandbox/runs/MoS2/A_bse_figures_2026-07-20/03_lorrax_gw_postfix_2026-07-21/tmp/zeta_q.h5  shape: (n_q_disk=20 of 6·6·1=36 full-BZ, n_rtot=46080, n_rmu=1496)
    fit     11.43s  86.5%
    H5       1.64s  12.4%
    fit     11.45s  86.6%
    H5       1.62s  12.3%
  Timing (2 r-chunks, 13.2s total):
    fit     11.42s  86.3%
    H5       1.66s  12.6%
  Zeta output: /pscratch/sd/j/jackm/lorrax_sandbox/runs/MoS2/A_bse_figures_2026-07-20/03_lorrax_gw_postfix_2026-07-21/tmp/zeta_q.h5  shape: (n_q_disk=20 of 6·6·1=36 full-BZ, n_rtot=46080, n_rmu=1496)
  Timing (2 r-chunks, 13.2s total):
    fit     11.78s  89.0%
    H5       1.31s   9.9%
    GPU high-water mark: 23.86 GB / 28.00 GB budget (85%)
    V_q bare cutoff: 30.0 Ry
    V_q budget:    27.24 GB
  V_q g-flat [CC]: n_q_ibz=20, ngkmax=1964, g_chunk=1964 (1/q), n_rmu_L=1496→1504, n_rmu_R=1496→1504, unfold=IBZ→full
    [CC] pre-read all 20 IBZ ζ̃ slabs (1 batched call): 1.59s
2026-07-21 10:39:42.010157: E external/xla/xla/service/spmd/spmd_partitioner.cc:620] [spmd] Involuntary full rematerialization. The compiler was not able to go from sharding {devices=[16,1,1]<=[16]} to {devices=[1,4,1,4]<=[16] last_tile_dim_replicate} without doing a full rematerialization of the tensor for HLO operation: %copy.7 = c128[1,1504,1964]{2,1,0} copy(%reshape), sharding={devices=[16,1,1]<=[16]}, metadata={op_name="jit(fn)/jit(main)/sharding_constraint" source_file="/pscratch/sd/j/jackm/lorrax_sandbox/sources/worktrees/lorrax_gw_conduction_postfix/src/gw/v_q_g_flat.py" source_line=93}. You probably want to enrich the sharding annotations to prevent this from happening.
2026-07-21 10:39:42.010244: E external/xla/xla/service/spmd/spmd_partitioner.cc:620] [spmd] Involuntary full rematerialization. The compiler was not able to go from sharding {devices=[16,1,1]<=[16]} to {devices=[1,4,1,4]<=[16] last_tile_dim_replicate} without doing a full rematerialization of the tensor for HLO operation: %copy.7 = c128[1,1504,1964]{2,1,0} copy(%reshape), sharding={devices=[16,1,1]<=[16]}, metadata={op_name="jit(fn)/jit(main)/sharding_constraint" source_file="/pscratch/sd/j/jackm/lorrax_sandbox/sources/worktrees/lorrax_gw_conduction_postfix/src/gw/v_q_g_flat.py" source_line=93}. You probably want to enrich the sharding annotations to prevent this from happening.
2026-07-21 10:39:42.010292: E external/xla/xla/service/spmd/spmd_partitioner.cc:620] [spmd] Involuntary full rematerialization. The compiler was not able to go from sharding {devices=[16,1,1]<=[16]} to {devices=[1,4,1,4]<=[4,4]T(1,0) last_tile_dim_replicate} without doing a full rematerialization of the tensor for HLO operation: %copy.7 = c128[1,1504,1964]{2,1,0} copy(%reshape), sharding={devices=[16,1,1]<=[16]}, metadata={op_name="jit(fn)/jit(main)/sharding_constraint" source_file="/pscratch/sd/j/jackm/lorrax_sandbox/sources/worktrees/lorrax_gw_conduction_postfix/src/gw/v_q_g_flat.py" source_line=93}. You probably want to enrich the sharding annotations to prevent this from happening.
2026-07-21 10:39:42.010365: E external/xla/xla/service/spmd/spmd_partitioner.cc:620] [spmd] Involuntary full rematerialization. The compiler was not able to go from sharding {devices=[16,1,1]<=[16]} to {devices=[1,4,1,4]<=[4,4]T(1,0) last_tile_dim_replicate} without doing a full rematerialization of the tensor for HLO operation: %copy.7 = c128[1,1504,1964]{2,1,0} copy(%reshape), sharding={devices=[16,1,1]<=[16]}, metadata={op_name="jit(fn)/jit(main)/sharding_constraint" source_file="/pscratch/sd/j/jackm/lorrax_sandbox/sources/worktrees/lorrax_gw_conduction_postfix/src/gw/v_q_g_flat.py" source_line=93}. You probably want to enrich the sharding annotations to prevent this from happening.
2026-07-21 10:39:42.010418: E external/xla/xla/service/spmd/spmd_partitioner.cc:620] [spmd] Involuntary full rematerialization. The compiler was not able to go from sharding {devices=[16,1,1]<=[16]} to {devices=[1,4,1,4]<=[16] last_tile_dim_replicate} without doing a full rematerialization of the tensor for HLO operation: %copy.7 = c128[1,1504,1964]{2,1,0} copy(%reshape), sharding={devices=[16,1,1]<=[16]}, metadata={op_name="jit(fn)/jit(main)/sharding_constraint" source_file="/pscratch/sd/j/jackm/lorrax_sandbox/sources/worktrees/lorrax_gw_conduction_postfix/src/gw/v_q_g_flat.py" source_line=93}. You probably want to enrich the sharding annotations to prevent this from happening.
2026-07-21 10:39:42.010538: E external/xla/xla/service/spmd/spmd_partitioner.cc:620] [spmd] Involuntary full rematerialization. The compiler was not able to go from sharding {devices=[16,1,1]<=[16]} to {devices=[1,4,1,4]<=[4,4]T(1,0) last_tile_dim_replicate} without doing a full rematerialization of the tensor for HLO operation: %copy.7 = c128[1,1504,1964]{2,1,0} copy(%reshape), sharding={devices=[16,1,1]<=[16]}, metadata={op_name="jit(fn)/jit(main)/sharding_constraint" source_file="/pscratch/sd/j/jackm/lorrax_sandbox/sources/worktrees/lorrax_gw_conduction_postfix/src/gw/v_q_g_flat.py" source_line=93}. You probably want to enrich the sharding annotations to prevent this from happening.
2026-07-21 10:39:42.010790: E external/xla/xla/service/spmd/spmd_partitioner.cc:620] [spmd] Involuntary full rematerialization. The compiler was not able to go from sharding {devices=[16,1,1]<=[16]} to {devices=[1,4,1,4]<=[16] last_tile_dim_replicate} without doing a full rematerialization of the tensor for HLO operation: %copy.7 = c128[1,1504,1964]{2,1,0} copy(%reshape), sharding={devices=[16,1,1]<=[16]}, metadata={op_name="jit(fn)/jit(main)/sharding_constraint" source_file="/pscratch/sd/j/jackm/lorrax_sandbox/sources/worktrees/lorrax_gw_conduction_postfix/src/gw/v_q_g_flat.py" source_line=93}. You probably want to enrich the sharding annotations to prevent this from happening.
2026-07-21 10:39:42.010925: E external/xla/xla/service/spmd/spmd_partitioner.cc:620] [spmd] Involuntary full rematerialization. The compiler was not able to go from sharding {devices=[16,1,1]<=[16]} to {devices=[1,4,1,4]<=[4,4]T(1,0) last_tile_dim_replicate} without doing a full rematerialization of the tensor for HLO operation: %copy.7 = c128[1,1504,1964]{2,1,0} copy(%reshape), sharding={devices=[16,1,1]<=[16]}, metadata={op_name="jit(fn)/jit(main)/sharding_constraint" source_file="/pscratch/sd/j/jackm/lorrax_sandbox/sources/worktrees/lorrax_gw_conduction_postfix/src/gw/v_q_g_flat.py" source_line=93}. You probably want to enrich the sharding annotations to prevent this from happening.
2026-07-21 10:39:42.011005: E external/xla/xla/service/spmd/spmd_partitioner.cc:620] [spmd] Involuntary full rematerialization. The compiler was not able to go from sharding {devices=[16,1,1]<=[16]} to {devices=[1,4,1,4]<=[16] last_tile_dim_replicate} without doing a full rematerialization of the tensor for HLO operation: %copy.7 = c128[1,1504,1964]{2,1,0} copy(%reshape), sharding={devices=[16,1,1]<=[16]}, metadata={op_name="jit(fn)/jit(main)/sharding_constraint" source_file="/pscratch/sd/j/jackm/lorrax_sandbox/sources/worktrees/lorrax_gw_conduction_postfix/src/gw/v_q_g_flat.py" source_line=93}. You probably want to enrich the sharding annotations to prevent this from happening.
2026-07-21 10:39:42.011138: E external/xla/xla/service/spmd/spmd_partitioner.cc:620] [spmd] Involuntary full rematerialization. The compiler was not able to go from sharding {devices=[16,1,1]<=[16]} to {devices=[1,4,1,4]<=[4,4]T(1,0) last_tile_dim_replicate} without doing a full rematerialization of the tensor for HLO operation: %copy.7 = c128[1,1504,1964]{2,1,0} copy(%reshape), sharding={devices=[16,1,1]<=[16]}, metadata={op_name="jit(fn)/jit(main)/sharding_constraint" source_file="/pscratch/sd/j/jackm/lorrax_sandbox/sources/worktrees/lorrax_gw_conduction_postfix/src/gw/v_q_g_flat.py" source_line=93}. You probably want to enrich the sharding annotations to prevent this from happening.
2026-07-21 10:39:42.011240: E external/xla/xla/service/spmd/spmd_partitioner.cc:620] [spmd] Involuntary full rematerialization. The compiler was not able to go from sharding {devices=[16,1,1]<=[16]} to {devices=[1,4,1,4]<=[16] last_tile_dim_replicate} without doing a full rematerialization of the tensor for HLO operation: %copy.7 = c128[1,1504,1964]{2,1,0} copy(%reshape), sharding={devices=[16,1,1]<=[16]}, metadata={op_name="jit(fn)/jit(main)/sharding_constraint" source_file="/pscratch/sd/j/jackm/lorrax_sandbox/sources/worktrees/lorrax_gw_conduction_postfix/src/gw/v_q_g_flat.py" source_line=93}. You probably want to enrich the sharding annotations to prevent this from happening.
2026-07-21 10:39:42.011363: E external/xla/xla/service/spmd/spmd_partitioner.cc:620] [spmd] Involuntary full rematerialization. The compiler was not able to go from sharding {devices=[16,1,1]<=[16]} to {devices=[1,4,1,4]<=[4,4]T(1,0) last_tile_dim_replicate} without doing a full rematerialization of the tensor for HLO operation: %copy.7 = c128[1,1504,1964]{2,1,0} copy(%reshape), sharding={devices=[16,1,1]<=[16]}, metadata={op_name="jit(fn)/jit(main)/sharding_constraint" source_file="/pscratch/sd/j/jackm/lorrax_sandbox/sources/worktrees/lorrax_gw_conduction_postfix/src/gw/v_q_g_flat.py" source_line=93}. You probably want to enrich the sharding annotations to prevent this from happening.
2026-07-21 10:39:42.011433: E external/xla/xla/service/spmd/spmd_partitioner.cc:620] [spmd] Involuntary full rematerialization. The compiler was not able to go from sharding {devices=[16,1,1]<=[16]} to {devices=[1,4,1,4]<=[16] last_tile_dim_replicate} without doing a full rematerialization of the tensor for HLO operation: %copy.7 = c128[1,1504,1964]{2,1,0} copy(%reshape), sharding={devices=[16,1,1]<=[16]}, metadata={op_name="jit(fn)/jit(main)/sharding_constraint" source_file="/pscratch/sd/j/jackm/lorrax_sandbox/sources/worktrees/lorrax_gw_conduction_postfix/src/gw/v_q_g_flat.py" source_line=93}. You probably want to enrich the sharding annotations to prevent this from happening.
2026-07-21 10:39:42.011556: E external/xla/xla/service/spmd/spmd_partitioner.cc:620] [spmd] Involuntary full rematerialization. The compiler was not able to go from sharding {devices=[16,1,1]<=[16]} to {devices=[1,4,1,4]<=[4,4]T(1,0) last_tile_dim_replicate} without doing a full rematerialization of the tensor for HLO operation: %copy.7 = c128[1,1504,1964]{2,1,0} copy(%reshape), sharding={devices=[16,1,1]<=[16]}, metadata={op_name="jit(fn)/jit(main)/sharding_constraint" source_file="/pscratch/sd/j/jackm/lorrax_sandbox/sources/worktrees/lorrax_gw_conduction_postfix/src/gw/v_q_g_flat.py" source_line=93}. You probably want to enrich the sharding annotations to prevent this from happening.
2026-07-21 10:39:42.011721: E external/xla/xla/service/spmd/spmd_partitioner.cc:620] [spmd] Involuntary full rematerialization. The compiler was not able to go from sharding {devices=[16,1,1]<=[16]} to {devices=[1,4,1,4]<=[16] last_tile_dim_replicate} without doing a full rematerialization of the tensor for HLO operation: %copy.7 = c128[1,1504,1964]{2,1,0} copy(%reshape), sharding={devices=[16,1,1]<=[16]}, metadata={op_name="jit(fn)/jit(main)/sharding_constraint" source_file="/pscratch/sd/j/jackm/lorrax_sandbox/sources/worktrees/lorrax_gw_conduction_postfix/src/gw/v_q_g_flat.py" source_line=93}. You probably want to enrich the sharding annotations to prevent this from happening.
2026-07-21 10:39:42.011844: E external/xla/xla/service/spmd/spmd_partitioner.cc:620] [spmd] Involuntary full rematerialization. The compiler was not able to go from sharding {devices=[16,1,1]<=[16]} to {devices=[1,4,1,4]<=[4,4]T(1,0) last_tile_dim_replicate} without doing a full rematerialization of the tensor for HLO operation: %copy.7 = c128[1,1504,1964]{2,1,0} copy(%reshape), sharding={devices=[16,1,1]<=[16]}, metadata={op_name="jit(fn)/jit(main)/sharding_constraint" source_file="/pscratch/sd/j/jackm/lorrax_sandbox/sources/worktrees/lorrax_gw_conduction_postfix/src/gw/v_q_g_flat.py" source_line=93}. You probably want to enrich the sharding annotations to prevent this from happening.
2026-07-21 10:39:42.011751: E external/xla/xla/service/spmd/spmd_partitioner.cc:620] [spmd] Involuntary full rematerialization. The compiler was not able to go from sharding {devices=[16,1,1]<=[16]} to {devices=[1,4,1,4]<=[16] last_tile_dim_replicate} without doing a full rematerialization of the tensor for HLO operation: %copy.7 = c128[1,1504,1964]{2,1,0} copy(%reshape), sharding={devices=[16,1,1]<=[16]}, metadata={op_name="jit(fn)/jit(main)/sharding_constraint" source_file="/pscratch/sd/j/jackm/lorrax_sandbox/sources/worktrees/lorrax_gw_conduction_postfix/src/gw/v_q_g_flat.py" source_line=93}. You probably want to enrich the sharding annotations to prevent this from happening.
2026-07-21 10:39:42.011887: E external/xla/xla/service/spmd/spmd_partitioner.cc:620] [spmd] Involuntary full rematerialization. The compiler was not able to go from sharding {devices=[16,1,1]<=[16]} to {devices=[1,4,1,4]<=[4,4]T(1,0) last_tile_dim_replicate} without doing a full rematerialization of the tensor for HLO operation: %copy.7 = c128[1,1504,1964]{2,1,0} copy(%reshape), sharding={devices=[16,1,1]<=[16]}, metadata={op_name="jit(fn)/jit(main)/sharding_constraint" source_file="/pscratch/sd/j/jackm/lorrax_sandbox/sources/worktrees/lorrax_gw_conduction_postfix/src/gw/v_q_g_flat.py" source_line=93}. You probably want to enrich the sharding annotations to prevent this from happening.
2026-07-21 10:39:42.011889: E external/xla/xla/service/spmd/spmd_partitioner.cc:620] [spmd] Involuntary full rematerialization. The compiler was not able to go from sharding {devices=[16,1,1]<=[16]} to {devices=[1,4,1,4]<=[16] last_tile_dim_replicate} without doing a full rematerialization of the tensor for HLO operation: %copy.7 = c128[1,1504,1964]{2,1,0} copy(%reshape), sharding={devices=[16,1,1]<=[16]}, metadata={op_name="jit(fn)/jit(main)/sharding_constraint" source_file="/pscratch/sd/j/jackm/lorrax_sandbox/sources/worktrees/lorrax_gw_conduction_postfix/src/gw/v_q_g_flat.py" source_line=93}. You probably want to enrich the sharding annotations to prevent this from happening.
2026-07-21 10:39:42.011944: E external/xla/xla/service/spmd/spmd_partitioner.cc:620] [spmd] Involuntary full rematerialization. The compiler was not able to go from sharding {devices=[16,1,1]<=[16]} to {devices=[1,4,1,4]<=[16] last_tile_dim_replicate} without doing a full rematerialization of the tensor for HLO operation: %copy.7 = c128[1,1504,1964]{2,1,0} copy(%reshape), sharding={devices=[16,1,1]<=[16]}, metadata={op_name="jit(fn)/jit(main)/sharding_constraint" source_file="/pscratch/sd/j/jackm/lorrax_sandbox/sources/worktrees/lorrax_gw_conduction_postfix/src/gw/v_q_g_flat.py" source_line=93}. You probably want to enrich the sharding annotations to prevent this from happening.
2026-07-21 10:39:42.012015: E external/xla/xla/service/spmd/spmd_partitioner.cc:620] [spmd] Involuntary full rematerialization. The compiler was not able to go from sharding {devices=[16,1,1]<=[16]} to {devices=[1,4,1,4]<=[4,4]T(1,0) last_tile_dim_replicate} without doing a full rematerialization of the tensor for HLO operation: %copy.7 = c128[1,1504,1964]{2,1,0} copy(%reshape), sharding={devices=[16,1,1]<=[16]}, metadata={op_name="jit(fn)/jit(main)/sharding_constraint" source_file="/pscratch/sd/j/jackm/lorrax_sandbox/sources/worktrees/lorrax_gw_conduction_postfix/src/gw/v_q_g_flat.py" source_line=93}. You probably want to enrich the sharding annotations to prevent this from happening.
2026-07-21 10:39:42.012069: E external/xla/xla/service/spmd/spmd_partitioner.cc:620] [spmd] Involuntary full rematerialization. The compiler was not able to go from sharding {devices=[16,1,1]<=[16]} to {devices=[1,4,1,4]<=[4,4]T(1,0) last_tile_dim_replicate} without doing a full rematerialization of the tensor for HLO operation: %copy.7 = c128[1,1504,1964]{2,1,0} copy(%reshape), sharding={devices=[16,1,1]<=[16]}, metadata={op_name="jit(fn)/jit(main)/sharding_constraint" source_file="/pscratch/sd/j/jackm/lorrax_sandbox/sources/worktrees/lorrax_gw_conduction_postfix/src/gw/v_q_g_flat.py" source_line=93}. You probably want to enrich the sharding annotations to prevent this from happening.
2026-07-21 10:39:42.012478: E external/xla/xla/service/spmd/spmd_partitioner.cc:620] [spmd] Involuntary full rematerialization. The compiler was not able to go from sharding {devices=[16,1,1]<=[16]} to {devices=[1,4,1,4]<=[16] last_tile_dim_replicate} without doing a full rematerialization of the tensor for HLO operation: %copy.7 = c128[1,1504,1964]{2,1,0} copy(%reshape), sharding={devices=[16,1,1]<=[16]}, metadata={op_name="jit(fn)/jit(main)/sharding_constraint" source_file="/pscratch/sd/j/jackm/lorrax_sandbox/sources/worktrees/lorrax_gw_conduction_postfix/src/gw/v_q_g_flat.py" source_line=93}. You probably want to enrich the sharding annotations to prevent this from happening.
2026-07-21 10:39:42.012600: E external/xla/xla/service/spmd/spmd_partitioner.cc:620] [spmd] Involuntary full rematerialization. The compiler was not able to go from sharding {devices=[16,1,1]<=[16]} to {devices=[1,4,1,4]<=[4,4]T(1,0) last_tile_dim_replicate} without doing a full rematerialization of the tensor for HLO operation: %copy.7 = c128[1,1504,1964]{2,1,0} copy(%reshape), sharding={devices=[16,1,1]<=[16]}, metadata={op_name="jit(fn)/jit(main)/sharding_constraint" source_file="/pscratch/sd/j/jackm/lorrax_sandbox/sources/worktrees/lorrax_gw_conduction_postfix/src/gw/v_q_g_flat.py" source_line=93}. You probably want to enrich the sharding annotations to prevent this from happening.
2026-07-21 10:39:42.012707: E external/xla/xla/service/spmd/spmd_partitioner.cc:620] [spmd] Involuntary full rematerialization. The compiler was not able to go from sharding {devices=[16,1,1]<=[16]} to {devices=[1,4,1,4]<=[16] last_tile_dim_replicate} without doing a full rematerialization of the tensor for HLO operation: %copy.7 = c128[1,1504,1964]{2,1,0} copy(%reshape), sharding={devices=[16,1,1]<=[16]}, metadata={op_name="jit(fn)/jit(main)/sharding_constraint" source_file="/pscratch/sd/j/jackm/lorrax_sandbox/sources/worktrees/lorrax_gw_conduction_postfix/src/gw/v_q_g_flat.py" source_line=93}. You probably want to enrich the sharding annotations to prevent this from happening.
2026-07-21 10:39:42.012830: E external/xla/xla/service/spmd/spmd_partitioner.cc:620] [spmd] Involuntary full rematerialization. The compiler was not able to go from sharding {devices=[16,1,1]<=[16]} to {devices=[1,4,1,4]<=[4,4]T(1,0) last_tile_dim_replicate} without doing a full rematerialization of the tensor for HLO operation: %copy.7 = c128[1,1504,1964]{2,1,0} copy(%reshape), sharding={devices=[16,1,1]<=[16]}, metadata={op_name="jit(fn)/jit(main)/sharding_constraint" source_file="/pscratch/sd/j/jackm/lorrax_sandbox/sources/worktrees/lorrax_gw_conduction_postfix/src/gw/v_q_g_flat.py" source_line=93}. You probably want to enrich the sharding annotations to prevent this from happening.
2026-07-21 10:39:42.013517: E external/xla/xla/service/spmd/spmd_partitioner.cc:620] [spmd] Involuntary full rematerialization. The compiler was not able to go from sharding {devices=[16,1,1]<=[16]} to {devices=[1,4,1,4]<=[16] last_tile_dim_replicate} without doing a full rematerialization of the tensor for HLO operation: %copy.7 = c128[1,1504,1964]{2,1,0} copy(%reshape), sharding={devices=[16,1,1]<=[16]}, metadata={op_name="jit(fn)/jit(main)/sharding_constraint" source_file="/pscratch/sd/j/jackm/lorrax_sandbox/sources/worktrees/lorrax_gw_conduction_postfix/src/gw/v_q_g_flat.py" source_line=93}. You probably want to enrich the sharding annotations to prevent this from happening.
2026-07-21 10:39:42.013639: E external/xla/xla/service/spmd/spmd_partitioner.cc:620] [spmd] Involuntary full rematerialization. The compiler was not able to go from sharding {devices=[16,1,1]<=[16]} to {devices=[1,4,1,4]<=[4,4]T(1,0) last_tile_dim_replicate} without doing a full rematerialization of the tensor for HLO operation: %copy.7 = c128[1,1504,1964]{2,1,0} copy(%reshape), sharding={devices=[16,1,1]<=[16]}, metadata={op_name="jit(fn)/jit(main)/sharding_constraint" source_file="/pscratch/sd/j/jackm/lorrax_sandbox/sources/worktrees/lorrax_gw_conduction_postfix/src/gw/v_q_g_flat.py" source_line=93}. You probably want to enrich the sharding annotations to prevent this from happening.
2026-07-21 10:39:42.013924: E external/xla/xla/service/spmd/spmd_partitioner.cc:620] [spmd] Involuntary full rematerialization. The compiler was not able to go from sharding {devices=[16,1,1]<=[16]} to {devices=[1,4,1,4]<=[16] last_tile_dim_replicate} without doing a full rematerialization of the tensor for HLO operation: %copy.7 = c128[1,1504,1964]{2,1,0} copy(%reshape), sharding={devices=[16,1,1]<=[16]}, metadata={op_name="jit(fn)/jit(main)/sharding_constraint" source_file="/pscratch/sd/j/jackm/lorrax_sandbox/sources/worktrees/lorrax_gw_conduction_postfix/src/gw/v_q_g_flat.py" source_line=93}. You probably want to enrich the sharding annotations to prevent this from happening.
2026-07-21 10:39:42.014047: E external/xla/xla/service/spmd/spmd_partitioner.cc:620] [spmd] Involuntary full rematerialization. The compiler was not able to go from sharding {devices=[16,1,1]<=[16]} to {devices=[1,4,1,4]<=[4,4]T(1,0) last_tile_dim_replicate} without doing a full rematerialization of the tensor for HLO operation: %copy.7 = c128[1,1504,1964]{2,1,0} copy(%reshape), sharding={devices=[16,1,1]<=[16]}, metadata={op_name="jit(fn)/jit(main)/sharding_constraint" source_file="/pscratch/sd/j/jackm/lorrax_sandbox/sources/worktrees/lorrax_gw_conduction_postfix/src/gw/v_q_g_flat.py" source_line=93}. You probably want to enrich the sharding annotations to prevent this from happening.
2026-07-21 10:39:42.014158: E external/xla/xla/service/spmd/spmd_partitioner.cc:620] [spmd] Involuntary full rematerialization. The compiler was not able to go from sharding {devices=[16,1,1]<=[16]} to {devices=[1,4,1,4]<=[16] last_tile_dim_replicate} without doing a full rematerialization of the tensor for HLO operation: %copy.7 = c128[1,1504,1964]{2,1,0} copy(%reshape), sharding={devices=[16,1,1]<=[16]}, metadata={op_name="jit(fn)/jit(main)/sharding_constraint" source_file="/pscratch/sd/j/jackm/lorrax_sandbox/sources/worktrees/lorrax_gw_conduction_postfix/src/gw/v_q_g_flat.py" source_line=93}. You probably want to enrich the sharding annotations to prevent this from happening.
2026-07-21 10:39:42.014282: E external/xla/xla/service/spmd/spmd_partitioner.cc:620] [spmd] Involuntary full rematerialization. The compiler was not able to go from sharding {devices=[16,1,1]<=[16]} to {devices=[1,4,1,4]<=[4,4]T(1,0) last_tile_dim_replicate} without doing a full rematerialization of the tensor for HLO operation: %copy.7 = c128[1,1504,1964]{2,1,0} copy(%reshape), sharding={devices=[16,1,1]<=[16]}, metadata={op_name="jit(fn)/jit(main)/sharding_constraint" source_file="/pscratch/sd/j/jackm/lorrax_sandbox/sources/worktrees/lorrax_gw_conduction_postfix/src/gw/v_q_g_flat.py" source_line=93}. You probably want to enrich the sharding annotations to prevent this from happening.
    [CC] q=0/20: kernel=0.44s
    [CC] q=1/20: kernel=0.05s
    [CC] q=2/20: kernel=0.04s
    [CC] q=3/20: kernel=0.04s
    [CC] q=4/20: kernel=0.05s
    [CC] q=5/20: kernel=0.05s
    [CC] q=6/20: kernel=0.05s
    [CC] q=7/20: kernel=0.04s
    [CC] q=8/20: kernel=0.05s
    [CC] q=9/20: kernel=0.05s
    [CC] q=10/20: kernel=0.05s
    [CC] q=11/20: kernel=0.05s
    [CC] q=12/20: kernel=0.05s
    [CC] q=13/20: kernel=0.05s
    [CC] q=14/20: kernel=0.05s
    [CC] q=15/20: kernel=0.05s
    [CC] q=16/20: kernel=0.05s
    [CC] q=17/20: kernel=0.05s
    [CC] q=18/20: kernel=0.05s
    [CC] q=19/20: kernel=0.05s
  [SlabIO.close] draining 0 pending writes for zeta_q.h5 …
  [SlabIO.close] Python dispatch drained in 0.0 s; joining writer thread
  [SlabIO.close] writer thread joined in 0.0 s; calling H5Fclose collectively
  [SlabIO.close] H5Fclose returned in 0.0 s

  V_q computed:
    Shape: (36, 1504, 1504)
    V_q=0 trace: 89048981.0298
  [SlabIO.close] draining 0 pending writes for isdf_tensors_1496.h5 …
  [SlabIO.close] Python dispatch drained in 0.0 s; joining writer thread
  [SlabIO.close] writer thread joined in 0.0 s; calling H5Fclose collectively
  [SlabIO.close] H5Fclose returned in 0.2 s
  Wavefunctions built (b0:b4=208 bands, 4 sharded copies: xn/xr/yr/yn)
  [SlabIO.close] draining 1 pending writes for isdf_tensors_1496.h5 …
  [SlabIO.close] Python dispatch drained in 7.3 s; joining writer thread
  [SlabIO.close] writer thread joined in 0.0 s; calling H5Fclose collectively
  [SlabIO.close] H5Fclose returned in 0.0 s
  Chunked ISDF path complete
  Minimax static window: x=[1.273112e-01, 8.405061e+00] Ry, R=66.02, nodes=10, fit_err~2.513e-06
  PPM imag-freq quadrature (ωp=2.0000 Ry): R=66.0, nodes=6, err~5.4e-06
  [SlabIO.close] draining 1 pending writes for isdf_tensors_1496.h5 …
  [SlabIO.close] Python dispatch drained in 3.0 s; joining writer thread
  [SlabIO.close] writer thread joined in 0.0 s; calling H5Fclose collectively
  [SlabIO.close] H5Fclose returned in 0.8 s
  Persisted W0_qmunu + q=0 head scalars: vhead=4104.113 a.u.,  whead[ω=0]=1126.351 a.u.,  whead[iωp]=3564.800 a.u.

------------------------------------------------------------------------
  FINITE-SIZE CORRECTIONS
------------------------------------------------------------------------
  Head source: s_tensor
  v(q→0)  =     4104.113 a.u.  (bare Coulomb head)
  W(q→0)  =     1126.351 a.u.  (screened Coulomb head)
  ΔW      =    -2977.762 a.u.  (screening correction)

------------------------------------------------------------------------
  STATIC HEAD TERMS (exact COHSEX / BGW-style)
------------------------------------------------------------------------
  Head source: s_tensor
  v_h(q→0)           =  4104.112581 a.u.
  W_h(q→0, ω=0)      =  1126.350928 a.u.
  W_h^c              = -2977.761654 a.u.
  Σ^X head (occ)     = -1.623511e-01 Ry
  Σ^SX head (occ)    = -4.455636e-02 Ry
  Σ^(SX-X) head(occ) = 1.177947e-01 Ry
  Σ^COH head (all)   = -5.889737e-02 Ry

------------------------------------------------------------------------
  GN-PPM + FREQUENCY-INTEGRATED SIGMA
------------------------------------------------------------------------
  GN-PPM fit: 1.82s, iωp=2.0000 Ry, unfulfilled=1.31%
[pf] ▶ sigma_ppm
[pf] ▶ sigma_ppm
[pf] ▶ sigma_ppm
[pf] ▶ sigma_ppm
[pf] ▶ sigma_ppm
[pf] ▶ sigma_ppm
[pf] ▶ sigma_ppm
[pf] ▶ sigma_ppm
  Σc crossing conditioning: ξ raised 0.250 → 0.952 eV (A_core capped at 24; the requested ξ would make the HGL crossing quadrature ill-conditioned)
[pf] ▶ sigma_ppm
[pf] ▶ sigma_ppm
[pf] ▶ sigma_ppm
[pf] ▶ sigma_ppm
[pf] ▶ sigma_ppm
[pf] ▶ sigma_ppm
[pf] ▶ sigma_ppm
[pf] ▶ sigma_ppm
  Σc(ω) grid: -10.000..10.000 eV, Nω=41, Δω=0.500 eV, ξ=0.952 eV
  GN invalid modes: 1054896/80568576 (1.31%)
  GN invalid modes per q: min=10334 max=142696 counts=[ 39276  18482  12778 142696  12778  18482  18490  10334  24132  24136  10338  18486  12778  24136
  24132  24144  12778  10338 142688  24140  24148 142696  24148  24140  12778  10338  12778  24144
  24132  24136  18490  18486  10338  24136  24132  10334]
  GN invalid modes → static COHSEX: max|Σ_static| = 0.0323 eV (diag max 0.0323 eV)
    ω≥E_F cond window "core" (crossing): 48 nodes, err<1e-06, E_A=[0.0637, 0.8392] Ry, project=imag
    ω≥E_F cond window "a_stripe" (Laplace): 9 nodes, err<1e-06, E_A=[0.8405, 3.9146] Ry, project=full
    ω≥E_F cond window "b_slab" (Laplace): 14 nodes, err<1e-06, E_A=[0.0637, 3.9146] Ry, project=full
Started sigma[ω≥E_F cond] at 10:40:17.
[ 10:40:17 | ░░░░░░░░░░ |   1% ] tau node  1 / 71 · ETA 0 s
[ 10:40:17 | █░░░░░░░░░ |  13% ] tau node  9 / 71 · ETA 3 s
[ 10:40:17 | ██░░░░░░░░ |  24% ] tau node 17 / 71 · ETA 3 s
[ 10:40:18 | ███░░░░░░░ |  34% ] tau node 24 / 71 · ETA 3 s
[ 10:40:18 | █████░░░░░ |  45% ] tau node 32 / 71 · ETA 2 s
[ 10:40:19 | ██████░░░░ |  56% ] tau node 40 / 71 · ETA 2 s
[ 10:40:19 | ███████░░░ |  68% ] tau node 48 / 71 · ETA 1 s
[ 10:40:20 | ████████░░ |  77% ] tau node 55 / 71 · ETA 1 s
[ 10:40:20 | █████████░ |  89% ] tau node 63 / 71 · ETA 0 s
[ 10:40:21 | ██████████ | 100% ] tau node 71 / 71 · ETA 0 s
Finished sigma[ω≥E_F cond] at 10:40:21.  Elapsed: 5 s.
    ω≥E_F val window "single" (Laplace): 15 nodes, err<1e-06, E_A=[0.0637, 4.4905] Ry, project=full
Started sigma[ω≥E_F val] at 10:40:22.
[ 10:40:22 | █░░░░░░░░░ |   7% ] tau node  1 / 15 · ETA 0 s
[ 10:40:22 | ██░░░░░░░░ |  20% ] tau node  3 / 15 · ETA 0 s
[ 10:40:22 | ███░░░░░░░ |  27% ] tau node  4 / 15 · ETA 0 s
[ 10:40:22 | ████░░░░░░ |  40% ] tau node  6 / 15 · ETA 0 s
[ 10:40:22 | █████░░░░░ |  47% ] tau node  7 / 15 · ETA 0 s
[ 10:40:22 | ██████░░░░ |  60% ] tau node  9 / 15 · ETA 0 s
[ 10:40:22 | ███████░░░ |  67% ] tau node 10 / 15 · ETA 0 s
[ 10:40:22 | ████████░░ |  80% ] tau node 12 / 15 · ETA 0 s
[ 10:40:22 | █████████░ |  87% ] tau node 13 / 15 · ETA 0 s
[ 10:40:22 | ██████████ | 100% ] tau node 15 / 15 · ETA 0 s
Finished sigma[ω≥E_F val] at 10:40:22.  Elapsed: 1 s.
    ω<E_F cond window "single" (Laplace): 15 nodes, err<1e-06, E_A=[0.0637, 3.9146] Ry, project=full
Started sigma[ω<E_F cond] at 10:40:23.
[ 10:40:23 | █░░░░░░░░░ |   7% ] tau node  1 / 15 · ETA 0 s
[ 10:40:23 | ██░░░░░░░░ |  20% ] tau node  3 / 15 · ETA 0 s
[ 10:40:23 | ███░░░░░░░ |  27% ] tau node  4 / 15 · ETA 0 s
[ 10:40:23 | ████░░░░░░ |  40% ] tau node  6 / 15 · ETA 0 s
[ 10:40:23 | █████░░░░░ |  47% ] tau node  7 / 15 · ETA 0 s
[ 10:40:23 | ██████░░░░ |  60% ] tau node  9 / 15 · ETA 0 s
[ 10:40:23 | ███████░░░ |  67% ] tau node 10 / 15 · ETA 0 s
[ 10:40:23 | ████████░░ |  80% ] tau node 12 / 15 · ETA 0 s
[ 10:40:23 | █████████░ |  87% ] tau node 13 / 15 · ETA 0 s
[ 10:40:23 | ██████████ | 100% ] tau node 15 / 15 · ETA 0 s
Finished sigma[ω<E_F cond] at 10:40:24.  Elapsed: 1 s.
    ω<E_F val window "core" (crossing): 48 nodes, err<1e-06, E_A=[0.0637, 0.4908] Ry, project=imag
    ω<E_F val window "a_stripe" (Laplace): 9 nodes, err<1e-06, E_A=[0.9402, 4.4905] Ry, project=full
    ω<E_F val window "b_slab" (Laplace): 14 nodes, err<1e-06, E_A=[0.0637, 4.4905] Ry, project=full
Started sigma[ω<E_F val] at 10:40:24.
[ 10:40:24 | ░░░░░░░░░░ |   1% ] tau node  1 / 71 · ETA 0 s
[ 10:40:24 | █░░░░░░░░░ |  13% ] tau node  9 / 71 · ETA 3 s
[ 10:40:25 | ██░░░░░░░░ |  24% ] tau node 17 / 71 · ETA 3 s
[ 10:40:25 | ███░░░░░░░ |  34% ] tau node 24 / 71 · ETA 3 s
[ 10:40:26 | █████░░░░░ |  45% ] tau node 32 / 71 · ETA 2 s
[ 10:40:26 | ██████░░░░ |  56% ] tau node 40 / 71 · ETA 2 s
[ 10:40:27 | ███████░░░ |  68% ] tau node 48 / 71 · ETA 1 s
[ 10:40:27 | ████████░░ |  77% ] tau node 55 / 71 · ETA 1 s
[ 10:40:28 | █████████░ |  89% ] tau node 63 / 71 · ETA 0 s
[ 10:40:28 | ██████████ | 100% ] tau node 71 / 71 · ETA 0 s
Finished sigma[ω<E_F val] at 10:40:28.  Elapsed: 4 s.
[pf] ■ sigma_ppm  14.160s
[pf] ■ sigma_ppm  14.157s
[pf] ■ sigma_ppm  14.163s
[pf] ■ sigma_ppm  14.159s
[pf] ■ sigma_ppm  14.181s
[pf] ■ sigma_ppm  14.163s
[pf] ■ sigma_ppm  14.162s
[pf] ■ sigma_ppm  14.163s
[pf] ■ sigma_ppm  14.164s
[pf] ■ sigma_ppm  14.186s
[pf] ■ sigma_ppm  14.185s
[pf] ■ sigma_ppm  14.181s
[pf] ■ sigma_ppm  14.192s
[pf] ■ sigma_ppm  14.194s
[pf] ■ sigma_ppm  14.188s

------------------------------------------------------------------------
  HEAD CORRECTION (scalar GN, separate from ISDF body)
------------------------------------------------------------------------
  v(q→0)             =     4104.113 a.u.
  W^c(q→0, ω=0)      =    -2977.762 a.u.
  W^c(q→0, ω=iωp)    =     -539.312 a.u.  [ωp=2.0000 Ry]
  Ω_h²               =     0.884680 Ry²
  Ω_h                =     0.940574 Ry  (12.797172 eV)
  B_h                =  2634.367178 Ry² · a.u.
  R_h                =  1400.403296 Ry · a.u.
  R_h / (Ω_h · vol)  = 2.120305e+00 (Ry)
[pf] ■ sigma_ppm  14.203s
  Σ_c head shift: max|Σ^head_diag| = 2.7994 eV (on-shell occ band → -0.8013 eV)
  E_F(midgap) = -4.409014 eV  (VBM=-5.275093, CBM=-3.542935)
/pscratch/sd/j/jackm/lorrax_sandbox/sources/worktrees/lorrax_gw_conduction_postfix/src/file_io/_slab_io_ffi.py:457: UserWarning: FFI backend: chunks/attrs on create_dataset currently no-op; pre-create with h5py if you need explicit chunking or attrs.
  warnings.warn(
/pscratch/sd/j/jackm/lorrax_sandbox/sources/worktrees/lorrax_gw_conduction_postfix/src/file_io/_slab_io_ffi.py:457: UserWarning: FFI backend: chunks/attrs on create_dataset currently no-op; pre-create with h5py if you need explicit chunking or attrs.
  warnings.warn(
/pscratch/sd/j/jackm/lorrax_sandbox/sources/worktrees/lorrax_gw_conduction_postfix/src/file_io/_slab_io_ffi.py:457: UserWarning: FFI backend: chunks/attrs on create_dataset currently no-op; pre-create with h5py if you need explicit chunking or attrs.
  warnings.warn(
/pscratch/sd/j/jackm/lorrax_sandbox/sources/worktrees/lorrax_gw_conduction_postfix/src/file_io/_slab_io_ffi.py:457: UserWarning: FFI backend: chunks/attrs on create_dataset currently no-op; pre-create with h5py if you need explicit chunking or attrs.
  warnings.warn(
/pscratch/sd/j/jackm/lorrax_sandbox/sources/worktrees/lorrax_gw_conduction_postfix/src/file_io/_slab_io_ffi.py:457: UserWarning: FFI backend: chunks/attrs on create_dataset currently no-op; pre-create with h5py if you need explicit chunking or attrs.
  warnings.warn(
/pscratch/sd/j/jackm/lorrax_sandbox/sources/worktrees/lorrax_gw_conduction_postfix/src/file_io/_slab_io_ffi.py:457: UserWarning: FFI backend: chunks/attrs on create_dataset currently no-op; pre-create with h5py if you need explicit chunking or attrs.
  warnings.warn(
/pscratch/sd/j/jackm/lorrax_sandbox/sources/worktrees/lorrax_gw_conduction_postfix/src/file_io/_slab_io_ffi.py:457: UserWarning: FFI backend: chunks/attrs on create_dataset currently no-op; pre-create with h5py if you need explicit chunking or attrs.
  warnings.warn(
/pscratch/sd/j/jackm/lorrax_sandbox/sources/worktrees/lorrax_gw_conduction_postfix/src/file_io/_slab_io_ffi.py:457: UserWarning: FFI backend: chunks/attrs on create_dataset currently no-op; pre-create with h5py if you need explicit chunking or attrs.
  warnings.warn(
/pscratch/sd/j/jackm/lorrax_sandbox/sources/worktrees/lorrax_gw_conduction_postfix/src/file_io/_slab_io_ffi.py:457: UserWarning: FFI backend: chunks/attrs on create_dataset currently no-op; pre-create with h5py if you need explicit chunking or attrs.
  warnings.warn(
/pscratch/sd/j/jackm/lorrax_sandbox/sources/worktrees/lorrax_gw_conduction_postfix/src/file_io/_slab_io_ffi.py:457: UserWarning: FFI backend: chunks/attrs on create_dataset currently no-op; pre-create with h5py if you need explicit chunking or attrs.
  warnings.warn(
/pscratch/sd/j/jackm/lorrax_sandbox/sources/worktrees/lorrax_gw_conduction_postfix/src/file_io/_slab_io_ffi.py:457: UserWarning: FFI backend: chunks/attrs on create_dataset currently no-op; pre-create with h5py if you need explicit chunking or attrs.
  warnings.warn(
/pscratch/sd/j/jackm/lorrax_sandbox/sources/worktrees/lorrax_gw_conduction_postfix/src/file_io/_slab_io_ffi.py:457: UserWarning: FFI backend: chunks/attrs on create_dataset currently no-op; pre-create with h5py if you need explicit chunking or attrs.
  warnings.warn(
/pscratch/sd/j/jackm/lorrax_sandbox/sources/worktrees/lorrax_gw_conduction_postfix/src/file_io/_slab_io_ffi.py:457: UserWarning: FFI backend: chunks/attrs on create_dataset currently no-op; pre-create with h5py if you need explicit chunking or attrs.
  warnings.warn(
/pscratch/sd/j/jackm/lorrax_sandbox/sources/worktrees/lorrax_gw_conduction_postfix/src/file_io/_slab_io_ffi.py:457: UserWarning: FFI backend: chunks/attrs on create_dataset currently no-op; pre-create with h5py if you need explicit chunking or attrs.
  warnings.warn(
/pscratch/sd/j/jackm/lorrax_sandbox/sources/worktrees/lorrax_gw_conduction_postfix/src/file_io/_slab_io_ffi.py:457: UserWarning: FFI backend: chunks/attrs on create_dataset currently no-op; pre-create with h5py if you need explicit chunking or attrs.
  warnings.warn(
  [SlabIO.close] draining 1 pending writes for sigma_mnk.h5 …
  [SlabIO.close] Python dispatch drained in 0.2 s; joining writer thread
  [SlabIO.close] writer thread joined in 0.0 s; calling H5Fclose collectively
  [SlabIO.close] H5Fclose returned in 0.1 s
  QSGW: 2454 clipped (68.2%)
  Bare Σ_X diagonal (eV), k=0: -39.2763  -39.2763  -33.2456  -33.2456  -32.5887  -32.5887  -32.5681  -32.5681
  [SlabIO.close] draining 0 pending writes for kin_ion.h5 …
  [SlabIO.close] Python dispatch drained in 0.0 s; joining writer thread
  [SlabIO.close] writer thread joined in 0.0 s; calling H5Fclose collectively
  [SlabIO.close] H5Fclose returned in 0.0 s
  QP solver: one_shot_dft — QSGW build evaluated at E_DFT (standard G0W0)
  QP WFN (one-shot): /pscratch/sd/j/jackm/lorrax_sandbox/runs/MoS2/A_bse_figures_2026-07-20/03_lorrax_gw_postfix_2026-07-21/WFN_qp.h5
  Sigma freq debug: sigma_freq_debug.dat
  G0W0 diag (E_DFT):     /pscratch/sd/j/jackm/lorrax_sandbox/runs/MoS2/A_bse_figures_2026-07-20/03_lorrax_gw_postfix_2026-07-21/eqp_g0w0.dat

  Sigma diag:   /pscratch/sd/j/jackm/lorrax_sandbox/runs/MoS2/A_bse_figures_2026-07-20/03_lorrax_gw_postfix_2026-07-21/sigma_diag.dat
  BGW eqp0:     /pscratch/sd/j/jackm/lorrax_sandbox/runs/MoS2/A_bse_figures_2026-07-20/03_lorrax_gw_postfix_2026-07-21/eqp0.dat
  BGW eqp1:     /pscratch/sd/j/jackm/lorrax_sandbox/runs/MoS2/A_bse_figures_2026-07-20/03_lorrax_gw_postfix_2026-07-21/eqp1.dat
  Sigma(ω):     /pscratch/sd/j/jackm/lorrax_sandbox/runs/MoS2/A_bse_figures_2026-07-20/03_lorrax_gw_postfix_2026-07-21/sigma_mnk.h5
  Restart:      /pscratch/sd/j/jackm/lorrax_sandbox/runs/MoS2/A_bse_figures_2026-07-20/03_lorrax_gw_postfix_2026-07-21/tmp/isdf_tensors_1496.h5

--- Timing ---
Total recorded: 54.834 s
Section                                            Count    Total[s]     Self[s]      %
gw_jax.load_centroid_wfns                              1       4.548       1.060    8.3
  load_centroids.loader_load                           1       1.155       1.155    2.1
  load_centroids.gflat_to_rmu                          1       1.675       1.675    3.1
  load_centroids.reshard                               1       0.659       0.659    1.2
gw_jax.zeta_fit_chunked                                1      19.966       0.220   36.4
  zeta_fit.slice_halves                                1       1.015       1.015    1.9
  zeta_fit.CCT                                         1       0.752       0.752    1.4
  zeta_fit.cholesky                                    1       3.123       3.123    5.7
  zeta_fit.gc_pre_chunk_loop                           1       0.151       0.151    0.3
  zeta_fit.write_headers                               1       0.061       0.061    0.1
  zeta_fit.open_file                                   1       0.034       0.034    0.1
  psi_G_store.populate.loader_load                    13       0.693       0.693    1.3
  psi_G_store.populate.shard_to_host                  13       0.010       0.010    0.0
  zeta_fit.chunk_loop                                  1      13.093       0.000   23.9
    zeta_fit.chunk.fit_one_rchunk                      2      11.782       0.403   21.5
      zeta_fit.chunk.z_q_build                         2       5.140       5.140    9.4
      zeta_fit.chunk.solve                             2       6.238       6.238   11.4
    zeta_fit.chunk.h5_write                            2       1.311       1.311    2.4
  zeta_fit.write_g_flat                                1       0.352       0.352    0.6
  zeta_fit.close_io                                    1       0.454       0.454    0.8
  zeta_fit.sync_global                                 1       0.009       0.009    0.0
gw_jax.V_q_compute                                     1       3.885       3.885    7.1
gw_jax.wavefunction_setup                              1       0.343       0.343    0.6
gw_jax.chi0_W                                          1       2.862       0.000    5.2
  chi.compile                                          1       1.010       1.010    1.8
  chi.exec                                             1       0.104       0.104    0.2
  W.slice_to_ibz                                       1       0.035       0.035    0.1
  W.compile                                            1       0.402       0.402    0.7
  W.exec                                               1       0.828       0.828    1.5
  W.unfold_to_full_bz                                  1       0.483       0.483    0.9
gw_jax.sigma                                           1      23.230       1.646   42.4
  gw_jax.ppm_sigma                                     1      21.584       6.519   39.4
    sigma.compile                                      1       0.875       0.875    1.6
    sigma.exec                                         1      14.189      14.189   25.9
