=== kin_ion start 1784655426 Tue Jul 21 10:37:06 AM PDT 2026
=== kin_ion end   1784655456 Tue Jul 21 10:37:36 AM PDT 2026  rc=0
=== dipole start 1784655456 Tue Jul 21 10:37:36 AM PDT 2026
=== dipole end   1784655534 Tue Jul 21 10:38:54 AM PDT 2026  rc=0
-rw-r--r-- 1 jackm jackm 80646144 Jul 21 10:38 dipole.h5
-rw-r--r-- 1 jackm jackm 23046144 Jul 21 10:37 kin_ion.h5
=== gw_jax start 1784655534 Tue Jul 21 10:38:54 AM PDT 2026
=== gw_jax end   1784655642 Tue Jul 21 10:40:42 AM PDT 2026  rc=0
--- gw.out tail ---
    zeta_fit.chunk.fit_one_rchunk                      2      11.782       0.403   21.5
      zeta_fit.chunk.z_q_build                         2       5.140       5.140    9.4
      zeta_fit.chunk.solve                             2       6.238       6.238   11.4
    zeta_fit.chunk.h5_write                            2       1.311       1.311    2.4
  zeta_fit.write_g_flat                                1       0.352       0.352    0.6
  zeta_fit.close_io                                    1       0.454       0.454    0.8
  zeta_fit.sync_global                                 1       0.009       0.009    0.0
gw_jax.V_q_compute                                     1       3.885       3.885    7.1
gw_jax.wavefunction_setup                              1       0.343       0.343    0.6
gw_jax.chi0_W                                          1       2.862       0.000    5.2
  chi.compile                                          1       1.010       1.010    1.8
  chi.exec                                             1       0.104       0.104    0.2
  W.slice_to_ibz                                       1       0.035       0.035    0.1
  W.compile                                            1       0.402       0.402    0.7
  W.exec                                               1       0.828       0.828    1.5
  W.unfold_to_full_bz                                  1       0.483       0.483    0.9
gw_jax.sigma                                           1      23.230       1.646   42.4
  gw_jax.ppm_sigma                                     1      21.584       6.519   39.4
    sigma.compile                                      1       0.875       0.875    1.6
    sigma.exec                                         1      14.189      14.189   25.9
-rw-r--r-- 1 jackm jackm    170985 Jul 21 10:40 eqp0.dat
-rw-r--r-- 1 jackm jackm    170985 Jul 21 10:40 eqp1.dat
-rw-r--r-- 1 jackm jackm    521880 Jul 21 10:40 sigma_diag.dat
-rw-r--r-- 1 jackm jackm 945264128 Jul 21 10:39 tmp/zeta_q.h5
