  Streaming Galerkin: nk=36, nb=90, nr=46080, n_mu=1496, mesh=(1x1)
  load_centroids_band_chunked: 7.56s
  SVD of (3240, 2992): rank=2852, σ_max=2.979e+00, σ_min/1e-08=3.067e-08 (3.01s)
/opt/jax/jax/_src/interpreters/mlir.py:1178: UserWarning: Some donated buffers were not usable: ShapedArray(complex128[36,64,2,46080]).
See an explanation at https://jax.readthedocs.io/en/latest/faq.html#buffer-donation.
  warnings.warn("Some donated buffers were not usable:"
/opt/jax/jax/_src/interpreters/mlir.py:1178: UserWarning: Some donated buffers were not usable: ShapedArray(complex128[36,26,2,46080]).
See an explanation at https://jax.readthedocs.io/en/latest/faq.html#buffer-donation.
  warnings.warn("Some donated buffers were not usable:"
  G accumulation: 2 chunk(s), 4.06s
  Cholesky of G: 0.44s
  ctilde[0] orthogonality error: 2.440e-01
  Total Galerkin: 17.93s
Loaded wavefunctions: nk=36, nb=90, rank=2852
[cfg] kg=(6, 6, 1) nk=36 nb_ret=90 rank=2852 EF=-4.4090 eV  build=18.3s
[path] nQ=139 nodes=[0, 50, 80, 138]

=== sweep (start=0). d2=max|2nd-diff| along path (meV), recon=on-grid (meV) ===
      win     a_Ry  shift_eV     DFTd2       QPd2   DFTrec      QPrec      t
[ 0, 44)    0.413      6.39    2379.8     2832.2    563.2     8435.2  82.5s
[ 0, 46)    0.467      7.17    2534.4     9748.5    574.7     7968.1  79.9s
[ 0, 48)    0.463      8.33    3045.7     8974.3    608.1     2798.6  80.3s
[ 0, 56)    0.612     11.85    3270.6    12019.5    679.1      928.7  80.1s
[ 0, 60)    0.599     13.14    3209.8    16080.7    718.4      617.6  81.9s
[ 0, 70)    0.471     16.26    1913.3    26269.7    827.8    16583.3  81.2s
[ 0, 80)    0.595     20.82    2744.9   145458.3    946.0    23944.1  82.9s

=== leakage: near-gap abs bands 24,25(VBM) 26,27(CBM) recon(meV, DFT) & path d2(meV,DFT) ===
