nk=36 nb=100  freq_debug cols=['E_dft', 'Edft-Ef', 'kin_ion', 'V_H', 'x_bare', 'x_head', 'sig_c(Edft).Re', 'sig_c(Edft).Im', 'sig_c_head(Edft).Re', 'sig_c_head(Edft).Im', 'eqp0', 'eqp1']
E_F = -4.4090 eV   window (abs) = [-14.409, 5.591] eV
clamped fraction = 68.2%  (2454/3600)

=== per-band bin summary ===

[deep_clamped]  12 bands  (idx 0..11)
    Erel range over these bands: [-61.10, -12.79] eV
    scissor1 range: [-10.92, -3.18] eV
    kink1 (max NN |Dscissor1|): mean=1265.3 meV  max=3242.9 meV
    kink0 (on-shell)          : mean=1265.3 meV  max=3242.9 meV

[in_window]  28 bands  (idx 12..39)
    Erel range over these bands: [-6.68, +9.21] eV
    scissor1 range: [-2.22, +11.74] eV
    kink1 (max NN |Dscissor1|): mean=2563.0 meV  max=6768.1 meV
    kink0 (on-shell)          : mean=3333.8 meV  max=8250.4 meV

[straddle_hi]  6 bands  (idx 40..45)
    Erel range over these bands: [+8.84, +11.58] eV
    scissor1 range: [+0.84, +17.78] eV
    kink1 (max NN |Dscissor1|): mean=7668.5 meV  max=10473.4 meV
    kink0 (on-shell)          : mean=8757.8 meV  max=12037.9 meV

[high_clamped]  54 bands  (idx 46..99)
    Erel range over these bands: [+11.16, +29.72] eV
    scissor1 range: [+1.79, +281.20] eV
    kink1 (max NN |Dscissor1|): mean=105818.7 meV  max=243806.4 meV
    kink0 (on-shell)          : mean=105818.7 meV  max=243806.4 meV

=== per-band detail (bands 0..30) ===
  b  Erel_min  Erel_max           bin  sc1_mean  sc1_range  kink1_meV  kink0_meV
  0    -61.10    -60.99  deep_clamped    -10.54      3.770     3242.9     3242.9
  1    -61.10    -60.99  deep_clamped    -10.54      3.770     3242.9     3242.9
  2    -37.82    -37.69  deep_clamped     -5.85      0.732      503.3      503.3
  3    -37.81    -37.69  deep_clamped     -5.86      0.712      503.3      503.3
  4    -35.33    -35.17  deep_clamped     -5.41      0.702      463.0      463.0
  5    -35.33    -35.17  deep_clamped     -5.44      0.702      462.9      462.9
  6    -35.21    -35.00  deep_clamped     -5.49      1.050      843.1      843.1
  7    -35.19    -35.00  deep_clamped     -5.48      1.052      843.2      843.2
  8    -14.98    -12.86  deep_clamped     -5.04      1.829     1123.2     1123.2
  9    -14.98    -12.80  deep_clamped     -4.93      1.985     1949.3     1949.3
 10    -13.78    -12.80  deep_clamped     -4.00      1.045     1003.3     1003.3
 11    -13.78    -12.79  deep_clamped     -4.10      1.815     1003.3     1003.3
 12     -6.68     -5.84     in_window     -0.71      2.092     1790.5     2479.5
 13     -6.68     -5.81     in_window     -0.71      2.115     1790.5     2479.5
 14     -5.85     -3.47     in_window     -0.82      1.584      952.6     1283.1
 15     -5.84     -3.47     in_window     -0.82      1.611      961.9     1295.7
 16     -5.04     -3.41     in_window      0.12      3.139     2258.1     3028.7
 17     -5.00     -3.41     in_window      0.12      3.233     2226.6     2985.8
 18     -4.47     -2.72     in_window     -0.19      5.292     4786.6     6326.3
 19     -4.45     -2.72     in_window     -0.17      5.292     4786.6     6326.3
 20     -3.88     -2.39     in_window     -0.55      4.005     3481.8     4637.4
 21     -3.83     -2.39     in_window     -0.59      4.005     3568.0     4751.6
 22     -3.17     -1.83     in_window      0.18      3.320     2981.6     3947.3
 23     -3.15     -1.83     in_window      0.14      3.359     2879.2     3810.4
 24     -1.92     -0.99     in_window     -0.93      1.556     1148.3     1524.3
 25     -1.92     -0.87     in_window     -0.93      1.530     1148.2     1524.1
 26      0.87      1.82     in_window      0.22      1.745     1021.5     1347.0
 27      0.87      1.82     in_window      0.24      1.600      983.8     1321.2
 28      1.41      2.04     in_window      0.58      1.402     1402.0     1869.1
 29      1.41      2.07     in_window      0.58      1.473     1473.2     1963.2
 30      1.71      2.95     in_window      0.79      1.516      665.5      872.3

saved 01_scissor_vs_k_bins.png  (b_deep=0, b_strad=None, b_inwin=25)
saved 02_kink_vs_band.png
saved 03_scissor_vs_Erel.png

DONE scissor_analysis
