=== kmeans scalar kg=4x4x4 μ=384 ===
[lxrun] JID 53096549 · 1 nodes · 13:13 left · 1/1 free · incoming: lx-B
  1  nid008505  free   —              —      —  ← starting lx-B  python3 -u -m centroid.k
✓ JAX initialized: 4 device(s) (local: 1, proc 0/4)
Over-sampling: k-means M = 576, prune to N_c = 384 (ratio 1.5)
✓ JAX initialized: 4 device(s) (local: 1, proc 2/4)
Over-sampling: k-means M = 576, prune to N_c = 384 (ratio 1.5)
✓ JAX initialized: 4 device(s) (local: 1, proc 3/4)
Over-sampling: k-means M = 576, prune to N_c = 384 (ratio 1.5)
✓ JAX initialized: 4 device(s) (local: 1, proc 1/4)
Over-sampling: k-means M = 576, prune to N_c = 384 (ratio 1.5)
[charge_density] source='auto' → reading /pscratch/sd/j/jackm/lorrax_sandbox/runs/Si/KGRID_nonbispinor_2026-05-18/4x4x4/qe/scf/silicon.save/charge-density.hdf5
[charge_density] source='auto' → reading /pscratch/sd/j/jackm/lorrax_sandbox/runs/Si/KGRID_nonbispinor_2026-05-18/4x4x4/qe/scf/silicon.save/charge-density.hdf5
[charge_density] source='auto' → reading /pscratch/sd/j/jackm/lorrax_sandbox/runs/Si/KGRID_nonbispinor_2026-05-18/4x4x4/qe/scf/silicon.save/charge-density.hdf5
[charge_density] source='auto' → reading /pscratch/sd/j/jackm/lorrax_sandbox/runs/Si/KGRID_nonbispinor_2026-05-18/4x4x4/qe/scf/silicon.save/charge-density.hdf5
Charge density shape: (24, 24, 24)
Charge density shape: (24, 24, 24)
Lattice lengths: [3.83958982 3.83958982 3.83958982] Å
Charge density shape: (24, 24, 24)
Lattice lengths: [3.83958982 3.83958982 3.83958982] Å
Charge density shape: (24, 24, 24)
Lattice lengths: [3.83958982 3.83958982 3.83958982] Å
Lattice lengths: [3.83958982 3.83958982 3.83958982] Å
P/4 = 3456 < 100000; sharding anyway (multi-host: single-device fallback would deadlock).
P/4 = 3456 < 100000; sharding anyway (multi-host: single-device fallback would deadlock).
Sharded mesh: ('x'=2, 'y'=2) over 4 devices
P/4 = 3456 < 100000; sharding anyway (multi-host: single-device fallback would deadlock).
Sharded mesh: ('x'=2, 'y'=2) over 4 devices
Sharded mesh: ('x'=2, 'y'=2) over 4 devices
P/4 = 3456 < 100000; sharding anyway (multi-host: single-device fallback would deadlock).
Sharded mesh: ('x'=2, 'y'=2) over 4 devices
Orbit-aware mode: n_sym = 48, running kmeans for M_rep = 12 representatives (unfolded ≈ 576 centroids)
Orbit-aware mode: n_sym = 48, running kmeans for M_rep = 12 representatives (unfolded ≈ 576 centroids)
Orbit-aware mode: n_sym = 48, running kmeans for M_rep = 12 representatives (unfolded ≈ 576 centroids)
Orbit-aware mode: n_sym = 48, running kmeans for M_rep = 12 representatives (unfolded ≈ 576 centroids)
PBC min-image offsets: 7 (1 ⇒ orthorhombic); orbit mode: on (n_sym=48)
PBC min-image offsets: 7 (1 ⇒ orthorhombic); orbit mode: on (n_sym=48)
PBC min-image offsets: 7 (1 ⇒ orthorhombic); orbit mode: on (n_sym=48)
Grid: 24×24×24 = 13824 points; N_c = 12
Grid: 24×24×24 = 13824 points; N_c = 12
Grid: 24×24×24 = 13824 points; N_c = 12
PBC min-image offsets: 7 (1 ⇒ orthorhombic); orbit mode: on (n_sym=48)
Grid: 24×24×24 = 13824 points; N_c = 12
Lloyd: 14 steps, max movement = 0.000000
Lloyd: 14 steps, max movement = 0.000000
Lloyd: 14 steps, max movement = 0.000000
Lloyd: 14 steps, max movement = 0.000000

Unfolded 12 reps → 504 distinct centroids (n_sym=48)

Pivoted-Cholesky prune: 504 → 384 (target 10 orbits)
  prune window: v×(v+c)  left=(0,8) right=(0,16)  [covers |ψ_v|² + v×c]
[pivoted_cholesky] M=504, n_keep=10, left=(0, 8), right=(0, 16), norms=off (load_wfns 2-D, mesh axes ('x', 'y'))

Unfolded 12 reps → 504 distinct centroids (n_sym=48)

Pivoted-Cholesky prune: 504 → 384 (target 10 orbits)
  prune window: v×(v+c)  left=(0,8) right=(0,16)  [covers |ψ_v|² + v×c]
[pivoted_cholesky] M=504, n_keep=10, left=(0, 8), right=(0, 16), norms=off (load_wfns 2-D, mesh axes ('x', 'y'))

Unfolded 12 reps → 504 distinct centroids (n_sym=48)

Pivoted-Cholesky prune: 504 → 384 (target 10 orbits)
  prune window: v×(v+c)  left=(0,8) right=(0,16)  [covers |ψ_v|² + v×c]
[pivoted_cholesky] M=504, n_keep=10, left=(0, 8), right=(0, 16), norms=off (load_wfns 2-D, mesh axes ('x', 'y'))

Unfolded 12 reps → 504 distinct centroids (n_sym=48)
  [gpu_utils] WARNING: bytes_limit=None, falling back to nvidia-smi (pid=545819)

Pivoted-Cholesky prune: 504 → 384 (target 10 orbits)
  prune window: v×(v+c)  left=(0,8) right=(0,16)  [covers |ψ_v|² + v×c]
[pivoted_cholesky] M=504, n_keep=10, left=(0, 8), right=(0, 16), norms=off (load_wfns 2-D, mesh axes ('x', 'y'))
[pivoted_cholesky] 2-D Gram build via load_wfns: nk_tot=64, left=(0, 8) (nb=8), right=(0, 16) (nb=16), M=504, norms=off, backend=WFNReader, budget=70.3626 GB/device, band_chunk_size=64
  [gpu_utils] WARNING: bytes_limit=None, falling back to nvidia-smi (pid=545824)
  [gpu_utils] WARNING: bytes_limit=None, falling back to nvidia-smi (pid=545822)
  [gpu_utils] WARNING: bytes_limit=None, falling back to nvidia-smi (pid=545820)
[pivoted_cholesky] 2-D Gram build via load_wfns: nk_tot=64, left=(0, 8) (nb=8), right=(0, 16) (nb=16), M=504, norms=off, backend=WFNReader, budget=70.3521 GB/device, band_chunk_size=64
[pivoted_cholesky] 2-D Gram build via load_wfns: nk_tot=64, left=(0, 8) (nb=8), right=(0, 16) (nb=16), M=504, norms=off, backend=WFNReader, budget=70.3521 GB/device, band_chunk_size=64
[pivoted_cholesky] 2-D Gram build via load_wfns: nk_tot=64, left=(0, 8) (nb=8), right=(0, 16) (nb=16), M=504, norms=off, backend=WFNReader, budget=70.3521 GB/device, band_chunk_size=64
[pivoted_cholesky] G built, shape=(504, 504), diag range [2.418e-08, 1.744e-06]
[pivoted_cholesky] G built, shape=(504, 504), diag range [2.418e-08, 1.744e-06]
[pivoted_cholesky] G built, shape=(504, 504), diag range [2.418e-08, 1.744e-06]
[pivoted_cholesky] G built, shape=(504, 504), diag range [2.418e-08, 1.744e-06]
[pivoted_cholesky] picked-pivot residuals: first=1.744e-06, mid=9.312e-07, last=1.620e-07
[pivoted_cholesky] tr(R_k)/tr(G): first=8.929e-01, mid=1.799e-01, last=1.684e-02
[pivoted_cholesky] orbit-aware: 10 orbits picked → 432 unfolded centroids (orbit-closed)
[pivoted_cholesky] picked-pivot residuals: first=1.744e-06, mid=9.312e-07, last=1.620e-07
[pivoted_cholesky] picked-pivot residuals: first=1.744e-06, mid=9.312e-07, last=1.620e-07
[pivoted_cholesky] picked-pivot residuals: first=1.744e-06, mid=9.312e-07, last=1.620e-07
[pivoted_cholesky] tr(R_k)/tr(G): first=8.929e-01, mid=1.799e-01, last=1.684e-02
[pivoted_cholesky] tr(R_k)/tr(G): first=8.929e-01, mid=1.799e-01, last=1.684e-02
[pivoted_cholesky] orbit-aware: 10 orbits picked → 432 unfolded centroids (orbit-closed)
[pivoted_cholesky] orbit-aware: 10 orbits picked → 432 unfolded centroids (orbit-closed)
[pivoted_cholesky] tr(R_k)/tr(G): first=8.929e-01, mid=1.799e-01, last=1.684e-02
[pivoted_cholesky] orbit-aware: 10 orbits picked → 432 unfolded centroids (orbit-closed)
After pruning: 432 centroids (rank=10)
After pruning: 432 centroids (rank=10)
After pruning: 432 centroids (rank=10)
After pruning: 432 centroids (rank=10)
Saved centroids to centroids_frac_432.txt
--- kmeans_cli timing (s) ---
Total recorded: 10.242 s
Section                                            Count    Total[s]     Self[s]      %
setup.wfn_io                                           1       0.218       0.218    2.1
setup.charge_density                                   1       0.008       0.008    0.1
kmeans                                                 1       4.913       3.140   48.0
  init                                                 1       0.282       0.282    2.8
  lloyd                                                1       1.332       1.332   13.0
  assign_labels                                        1       0.159       0.159    1.6
snap_unfold                                            1       0.006       0.006    0.1
prune                                                  1       5.097       0.290   49.8
  prune.gram                                           1       4.148       0.726   40.5
    left.load                                          1       2.748       1.438   26.8
      load_centroids.loader_load                       1       0.015       0.015    0.1
      load_centroids.gflat_to_rmu                      1       0.383       0.383    3.7
      load_centroids.reshard                           1       0.912       0.912    8.9
    left.pair                                          1       0.069       0.069    0.7
    right.load                                         1       0.536       0.029    5.2
      load_centroids.loader_load                       1       0.026       0.026    0.3
      load_centroids.gflat_to_rmu                      1       0.164       0.164    1.6
      load_centroids.reshard                           1       0.317       0.317    3.1
    right.pair                                         1       0.014       0.014    0.1
    q0_sum                                             1       0.054       0.054    0.5
  prune.select                                         1       0.658       0.658    6.4
Saved centroids to centroids_frac_432.txt
Saved centroids to centroids_frac_432.txt
Saved centroids to centroids_frac_432.txt
