--- nb=16 ---
[dist] devices=16 procs=16 mesh=4x4
[eqp] eqp1.dat: nk=144 nb=80; max|E_DFT(file) - enk_full(restart)| = 0.0000 meV
[cfg] kgrid=(12, 12, 1) nk=144 n_mu(from input) path_pts=139 nodes=[0, 50, 80, 138]
[cap] capacity rule nspinor*n_mu > nk*nb  ->  nb < 33.50 (nspinor=2, n_mu=2412, nk=144)

=== nb=16  window=[18,34)  nval=8 ncond=8 nband=34 ===
     Streaming Galerkin: nk=144, nb=16, nr=174960, n_mu=2412, mesh=(4x4), band_chunk=7 (5.26 GB/chunk)
     load_centroids_band_chunked: 5.67s
     SVD of (2304, 4824): rank=2304, σ_max=1.668e+00, σ_min/1e-08=2.430e-07 (1.97s)
/opt/jax/jax/_src/interpreters/mlir.py:1178: UserWarning: Some donated buffers were not usable: ShapedArray(complex128[144,7,2,43740]).
See an explanation at https://jax.readthedocs.io/en/latest/faq.html#buffer-donation.
  warnings.warn("Some donated buffers were not usable:"
/opt/jax/jax/_src/interpreters/mlir.py:1178: UserWarning: Some donated buffers were not usable: ShapedArray(complex128[144,7,2,43740]).
See an explanation at https://jax.readthedocs.io/en/latest/faq.html#buffer-donation.
  warnings.warn("Some donated buffers were not usable:"
/opt/jax/jax/_src/interpreters/mlir.py:1178: UserWarning: Some donated buffers were not usable: ShapedArray(complex128[144,7,2,43740]).
See an explanation at https://jax.readthedocs.io/en/latest/faq.html#buffer-donation.
  warnings.warn("Some donated buffers were not usable:"
/opt/jax/jax/_src/interpreters/mlir.py:1178: UserWarning: Some donated buffers were not usable: ShapedArray(complex128[144,7,2,43740]).
See an explanation at https://jax.readthedocs.io/en/latest/faq.html#buffer-donation.
  warnings.warn("Some donated buffers were not usable:"
/opt/jax/jax/_src/interpreters/mlir.py:1178: UserWarning: Some donated buffers were not usable: ShapedArray(complex128[144,7,2,43740]).
See an explanation at https://jax.readthedocs.io/en/latest/faq.html#buffer-donation.
  warnings.warn("Some donated buffers were not usable:"
/opt/jax/jax/_src/interpreters/mlir.py:1178: UserWarning: Some donated buffers were not usable: ShapedArray(complex128[144,7,2,43740]).
See an explanation at https://jax.readthedocs.io/en/latest/faq.html#buffer-donation.
  warnings.warn("Some donated buffers were not usable:"
/opt/jax/jax/_src/interpreters/mlir.py:1178: UserWarning: Some donated buffers were not usable: ShapedArray(complex128[144,7,2,43740]).
See an explanation at https://jax.readthedocs.io/en/latest/faq.html#buffer-donation.
  warnings.warn("Some donated buffers were not usable:"
/opt/jax/jax/_src/interpreters/mlir.py:1178: UserWarning: Some donated buffers were not usable: ShapedArray(complex128[144,7,2,43740]).
See an explanation at https://jax.readthedocs.io/en/latest/faq.html#buffer-donation.
  warnings.warn("Some donated buffers were not usable:"
/opt/jax/jax/_src/interpreters/mlir.py:1178: UserWarning: Some donated buffers were not usable: ShapedArray(complex128[144,7,2,43740]).
See an explanation at https://jax.readthedocs.io/en/latest/faq.html#buffer-donation.
  warnings.warn("Some donated buffers were not usable:"
/opt/jax/jax/_src/interpreters/mlir.py:1178: UserWarning: Some donated buffers were not usable: ShapedArray(complex128[144,7,2,43740]).
See an explanation at https://jax.readthedocs.io/en/latest/faq.html#buffer-donation.
  warnings.warn("Some donated buffers were not usable:"
/opt/jax/jax/_src/interpreters/mlir.py:1178: UserWarning: Some donated buffers were not usable: ShapedArray(complex128[144,7,2,43740]).
See an explanation at https://jax.readthedocs.io/en/latest/faq.html#buffer-donation.
  warnings.warn("Some donated buffers were not usable:"
/opt/jax/jax/_src/interpreters/mlir.py:1178: UserWarning: Some donated buffers were not usable: ShapedArray(complex128[144,7,2,43740]).
See an explanation at https://jax.readthedocs.io/en/latest/faq.html#buffer-donation.
  warnings.warn("Some donated buffers were not usable:"
/opt/jax/jax/_src/interpreters/mlir.py:1178: UserWarning: Some donated buffers were not usable: ShapedArray(complex128[144,7,2,43740]).
See an explanation at https://jax.readthedocs.io/en/latest/faq.html#buffer-donation.
  warnings.warn("Some donated buffers were not usable:"
/opt/jax/jax/_src/interpreters/mlir.py:1178: UserWarning: Some donated buffers were not usable: ShapedArray(complex128[144,7,2,43740]).
See an explanation at https://jax.readthedocs.io/en/latest/faq.html#buffer-donation.
  warnings.warn("Some donated buffers were not usable:"
/opt/jax/jax/_src/interpreters/mlir.py:1178: UserWarning: Some donated buffers were not usable: ShapedArray(complex128[144,7,2,43740]).
See an explanation at https://jax.readthedocs.io/en/latest/faq.html#buffer-donation.
  warnings.warn("Some donated buffers were not usable:"
/opt/jax/jax/_src/interpreters/mlir.py:1178: UserWarning: Some donated buffers were not usable: ShapedArray(complex128[144,7,2,43740]).
See an explanation at https://jax.readthedocs.io/en/latest/faq.html#buffer-donation.
  warnings.warn("Some donated buffers were not usable:"
/opt/jax/jax/_src/interpreters/mlir.py:1178: UserWarning: Some donated buffers were not usable: ShapedArray(complex128[144,2,2,43740]).
See an explanation at https://jax.readthedocs.io/en/latest/faq.html#buffer-donation.
  warnings.warn("Some donated buffers were not usable:"
/opt/jax/jax/_src/interpreters/mlir.py:1178: UserWarning: Some donated buffers were not usable: ShapedArray(complex128[144,2,2,43740]).
See an explanation at https://jax.readthedocs.io/en/latest/faq.html#buffer-donation.
  warnings.warn("Some donated buffers were not usable:"
/opt/jax/jax/_src/interpreters/mlir.py:1178: UserWarning: Some donated buffers were not usable: ShapedArray(complex128[144,2,2,43740]).
See an explanation at https://jax.readthedocs.io/en/latest/faq.html#buffer-donation.
  warnings.warn("Some donated buffers were not usable:"
/opt/jax/jax/_src/interpreters/mlir.py:1178: UserWarning: Some donated buffers were not usable: ShapedArray(complex128[144,2,2,43740]).
See an explanation at https://jax.readthedocs.io/en/latest/faq.html#buffer-donation.
  warnings.warn("Some donated buffers were not usable:"
/opt/jax/jax/_src/interpreters/mlir.py:1178: UserWarning: Some donated buffers were not usable: ShapedArray(complex128[144,2,2,43740]).
See an explanation at https://jax.readthedocs.io/en/latest/faq.html#buffer-donation.
  warnings.warn("Some donated buffers were not usable:"
/opt/jax/jax/_src/interpreters/mlir.py:1178: UserWarning: Some donated buffers were not usable: ShapedArray(complex128[144,2,2,43740]).
See an explanation at https://jax.readthedocs.io/en/latest/faq.html#buffer-donation.
  warnings.warn("Some donated buffers were not usable:"
/opt/jax/jax/_src/interpreters/mlir.py:1178: UserWarning: Some donated buffers were not usable: ShapedArray(complex128[144,2,2,43740]).
See an explanation at https://jax.readthedocs.io/en/latest/faq.html#buffer-donation.
  warnings.warn("Some donated buffers were not usable:"
/opt/jax/jax/_src/interpreters/mlir.py:1178: UserWarning: Some donated buffers were not usable: ShapedArray(complex128[144,2,2,43740]).
See an explanation at https://jax.readthedocs.io/en/latest/faq.html#buffer-donation.
  warnings.warn("Some donated buffers were not usable:"
/opt/jax/jax/_src/interpreters/mlir.py:1178: UserWarning: Some donated buffers were not usable: ShapedArray(complex128[144,2,2,43740]).
See an explanation at https://jax.readthedocs.io/en/latest/faq.html#buffer-donation.
  warnings.warn("Some donated buffers were not usable:"
/opt/jax/jax/_src/interpreters/mlir.py:1178: UserWarning: Some donated buffers were not usable: ShapedArray(complex128[144,2,2,43740]).
See an explanation at https://jax.readthedocs.io/en/latest/faq.html#buffer-donation.
  warnings.warn("Some donated buffers were not usable:"
/opt/jax/jax/_src/interpreters/mlir.py:1178: UserWarning: Some donated buffers were not usable: ShapedArray(complex128[144,2,2,43740]).
See an explanation at https://jax.readthedocs.io/en/latest/faq.html#buffer-donation.
  warnings.warn("Some donated buffers were not usable:"
/opt/jax/jax/_src/interpreters/mlir.py:1178: UserWarning: Some donated buffers were not usable: ShapedArray(complex128[144,2,2,43740]).
See an explanation at https://jax.readthedocs.io/en/latest/faq.html#buffer-donation.
  warnings.warn("Some donated buffers were not usable:"
/opt/jax/jax/_src/interpreters/mlir.py:1178: UserWarning: Some donated buffers were not usable: ShapedArray(complex128[144,2,2,43740]).
See an explanation at https://jax.readthedocs.io/en/latest/faq.html#buffer-donation.
  warnings.warn("Some donated buffers were not usable:"
/opt/jax/jax/_src/interpreters/mlir.py:1178: UserWarning: Some donated buffers were not usable: ShapedArray(complex128[144,2,2,43740]).
See an explanation at https://jax.readthedocs.io/en/latest/faq.html#buffer-donation.
  warnings.warn("Some donated buffers were not usable:"
/opt/jax/jax/_src/interpreters/mlir.py:1178: UserWarning: Some donated buffers were not usable: ShapedArray(complex128[144,2,2,43740]).
See an explanation at https://jax.readthedocs.io/en/latest/faq.html#buffer-donation.
  warnings.warn("Some donated buffers were not usable:"
/opt/jax/jax/_src/interpreters/mlir.py:1178: UserWarning: Some donated buffers were not usable: ShapedArray(complex128[144,2,2,43740]).
See an explanation at https://jax.readthedocs.io/en/latest/faq.html#buffer-donation.
  warnings.warn("Some donated buffers were not usable:"
     G accumulation: 3 chunk(s), 2.30s
     Cholesky of G: 0.29s
     ctilde[0] orthogonality error: 1.243e-14
     Total Galerkin: 11.39s
   Loaded wavefunctions: nk=144, nb=16, rank=2304
   rank=2304  nb_ctilde=16  Galerkin 12.5s  fH_R(replicated) = 11.39 GiB/device
   [mem:post-Galerkin] in_use=   0.57 GiB  peak=  12.82 GiB  reserved=   0.00 GiB  limit=  75.29 GiB  largest_free=   0.00 GiB
   |enk(WFN) - enk(restart)| over the window = 0.0000 meV
  [gate] htransform@Γ vs stored: max|Δε_c| = 0.000 meV, conduction-subspace overlap min-sval = 0.0917
   [DFT] gate REFUSED this configuration: htransform conduction cache grossly inconsistent with the stored grid (max|Δε_c|=0.0 meV, min-sval=0.092) — interp basis broken. The htransform fH energy recovery needs orthonormal Galerkin coeffs; 640-scale centroids cannot carry a full 80-band window (per-band capacity finding: runs/MoS2/04_mos2_12x12_bands_2026-07-18/10_lorrax_exciton_bands_80interp_8v8c).
   [DFT] sval spectrum @ worst k=52: 1.053 1.016 1.004 1.002 0.999 0.996 0.988 0.092 | per-band min_k |<ht|st>|: 0.746 0.746 0.641 0.641 0.689 0.689 0.199 0.097
   [DFT] gate max|d eps_c| =    0.000 meV   min-sval = 0.0917   recon =    0.000 meV   d2 =  2828.77 meV   (FAIL)  [67s grid + 0s path]
  [gate] htransform@Γ vs stored: max|Δε_c| = 57.902 meV, conduction-subspace overlap min-sval = 0.1855
  [warn] on-grid conduction ENERGY error 57.9 meV ≫ the ~1-2 meV htransform floor — the interp basis is over-packed: 640-scale centroids cannot orthonormalize high oscillatory bands, so their non-orthonormal Galerkin coeffs pollute fH=Σf(ε)ccᴴ.  Reduce nband toward the BSE window (a few guard bands).
   [QP] gate REFUSED this configuration: htransform conduction cache grossly inconsistent with the stored grid (max|Δε_c|=57.9 meV, min-sval=0.185) — interp basis broken. The htransform fH energy recovery needs orthonormal Galerkin coeffs; 640-scale centroids cannot carry a full 80-band window (per-band capacity finding: runs/MoS2/04_mos2_12x12_bands_2026-07-18/10_lorrax_exciton_bands_80interp_8v8c).
   [QP] sval spectrum @ worst k=52: 1.061 1.011 1.004 1.001 0.999 0.997 0.983 0.185 | per-band min_k |<ht|st>|: 0.000 0.000 0.000 0.000 0.000 0.000 0.000 0.000
   [QP] gate max|d eps_c| =   57.902 meV   min-sval = 0.1855   recon =    0.000 meV   d2 =  3156.00 meV   (FAIL)  [66s grid + 0s path]

======================================================================================================================
  nb     window   rank   nk*nb     ortho  fH_R GiB |  DFT gate    sval     recon       d2 |   QP gate    sval     recon       d2 | verdict
----------------------------------------------------------------------------------------------------------------------
  16 [18, 34)     2304    2304  1.24e-14     11.39 |     0.000  0.0917     0.000  2828.77 |    57.902  0.1855     0.000  3156.00 | FAIL
======================================================================================================================
capacity rule: nb < nspinor*n_mu/nk = 33.50
wrote /pscratch/sd/j/jackm/lorrax_sandbox/reports/bse_exciton_converged_2026-07-21/window_sweep.json
--- nb=20 ---
[dist] devices=16 procs=16 mesh=4x4
[eqp] eqp1.dat: nk=144 nb=80; max|E_DFT(file) - enk_full(restart)| = 0.0000 meV
[cfg] kgrid=(12, 12, 1) nk=144 n_mu(from input) path_pts=139 nodes=[0, 50, 80, 138]
[cap] capacity rule nspinor*n_mu > nk*nb  ->  nb < 33.50 (nspinor=2, n_mu=2412, nk=144)

=== nb=20  window=[16,36)  nval=10 ncond=10 nband=36 ===
     Streaming Galerkin: nk=144, nb=20, nr=174960, n_mu=2412, mesh=(4x4), band_chunk=7 (5.26 GB/chunk)
     load_centroids_band_chunked: 7.20s
     SVD of (2880, 4824): rank=2880, σ_max=1.685e+00, σ_min/1e-08=2.133e-07 (2.58s)
/opt/jax/jax/_src/interpreters/mlir.py:1178: UserWarning: Some donated buffers were not usable: ShapedArray(complex128[144,7,2,43740]).
See an explanation at https://jax.readthedocs.io/en/latest/faq.html#buffer-donation.
  warnings.warn("Some donated buffers were not usable:"
/opt/jax/jax/_src/interpreters/mlir.py:1178: UserWarning: Some donated buffers were not usable: ShapedArray(complex128[144,7,2,43740]).
See an explanation at https://jax.readthedocs.io/en/latest/faq.html#buffer-donation.
  warnings.warn("Some donated buffers were not usable:"
/opt/jax/jax/_src/interpreters/mlir.py:1178: UserWarning: Some donated buffers were not usable: ShapedArray(complex128[144,7,2,43740]).
See an explanation at https://jax.readthedocs.io/en/latest/faq.html#buffer-donation.
  warnings.warn("Some donated buffers were not usable:"
/opt/jax/jax/_src/interpreters/mlir.py:1178: UserWarning: Some donated buffers were not usable: ShapedArray(complex128[144,7,2,43740]).
See an explanation at https://jax.readthedocs.io/en/latest/faq.html#buffer-donation.
  warnings.warn("Some donated buffers were not usable:"
/opt/jax/jax/_src/interpreters/mlir.py:1178: UserWarning: Some donated buffers were not usable: ShapedArray(complex128[144,7,2,43740]).
See an explanation at https://jax.readthedocs.io/en/latest/faq.html#buffer-donation.
  warnings.warn("Some donated buffers were not usable:"
/opt/jax/jax/_src/interpreters/mlir.py:1178: UserWarning: Some donated buffers were not usable: ShapedArray(complex128[144,7,2,43740]).
See an explanation at https://jax.readthedocs.io/en/latest/faq.html#buffer-donation.
  warnings.warn("Some donated buffers were not usable:"
/opt/jax/jax/_src/interpreters/mlir.py:1178: UserWarning: Some donated buffers were not usable: ShapedArray(complex128[144,7,2,43740]).
See an explanation at https://jax.readthedocs.io/en/latest/faq.html#buffer-donation.
  warnings.warn("Some donated buffers were not usable:"
/opt/jax/jax/_src/interpreters/mlir.py:1178: UserWarning: Some donated buffers were not usable: ShapedArray(complex128[144,7,2,43740]).
See an explanation at https://jax.readthedocs.io/en/latest/faq.html#buffer-donation.
  warnings.warn("Some donated buffers were not usable:"
/opt/jax/jax/_src/interpreters/mlir.py:1178: UserWarning: Some donated buffers were not usable: ShapedArray(complex128[144,7,2,43740]).
See an explanation at https://jax.readthedocs.io/en/latest/faq.html#buffer-donation.
  warnings.warn("Some donated buffers were not usable:"
/opt/jax/jax/_src/interpreters/mlir.py:1178: UserWarning: Some donated buffers were not usable: ShapedArray(complex128[144,7,2,43740]).
See an explanation at https://jax.readthedocs.io/en/latest/faq.html#buffer-donation.
  warnings.warn("Some donated buffers were not usable:"
/opt/jax/jax/_src/interpreters/mlir.py:1178: UserWarning: Some donated buffers were not usable: ShapedArray(complex128[144,7,2,43740]).
See an explanation at https://jax.readthedocs.io/en/latest/faq.html#buffer-donation.
  warnings.warn("Some donated buffers were not usable:"
/opt/jax/jax/_src/interpreters/mlir.py:1178: UserWarning: Some donated buffers were not usable: ShapedArray(complex128[144,7,2,43740]).
See an explanation at https://jax.readthedocs.io/en/latest/faq.html#buffer-donation.
  warnings.warn("Some donated buffers were not usable:"
/opt/jax/jax/_src/interpreters/mlir.py:1178: UserWarning: Some donated buffers were not usable: ShapedArray(complex128[144,7,2,43740]).
See an explanation at https://jax.readthedocs.io/en/latest/faq.html#buffer-donation.
  warnings.warn("Some donated buffers were not usable:"
/opt/jax/jax/_src/interpreters/mlir.py:1178: UserWarning: Some donated buffers were not usable: ShapedArray(complex128[144,7,2,43740]).
See an explanation at https://jax.readthedocs.io/en/latest/faq.html#buffer-donation.
  warnings.warn("Some donated buffers were not usable:"
/opt/jax/jax/_src/interpreters/mlir.py:1178: UserWarning: Some donated buffers were not usable: ShapedArray(complex128[144,7,2,43740]).
See an explanation at https://jax.readthedocs.io/en/latest/faq.html#buffer-donation.
  warnings.warn("Some donated buffers were not usable:"
/opt/jax/jax/_src/interpreters/mlir.py:1178: UserWarning: Some donated buffers were not usable: ShapedArray(complex128[144,7,2,43740]).
See an explanation at https://jax.readthedocs.io/en/latest/faq.html#buffer-donation.
  warnings.warn("Some donated buffers were not usable:"
/opt/jax/jax/_src/interpreters/mlir.py:1178: UserWarning: Some donated buffers were not usable: ShapedArray(complex128[144,6,2,43740]).
See an explanation at https://jax.readthedocs.io/en/latest/faq.html#buffer-donation.
  warnings.warn("Some donated buffers were not usable:"
/opt/jax/jax/_src/interpreters/mlir.py:1178: UserWarning: Some donated buffers were not usable: ShapedArray(complex128[144,6,2,43740]).
See an explanation at https://jax.readthedocs.io/en/latest/faq.html#buffer-donation.
  warnings.warn("Some donated buffers were not usable:"
/opt/jax/jax/_src/interpreters/mlir.py:1178: UserWarning: Some donated buffers were not usable: ShapedArray(complex128[144,6,2,43740]).
See an explanation at https://jax.readthedocs.io/en/latest/faq.html#buffer-donation.
  warnings.warn("Some donated buffers were not usable:"
/opt/jax/jax/_src/interpreters/mlir.py:1178: UserWarning: Some donated buffers were not usable: ShapedArray(complex128[144,6,2,43740]).
See an explanation at https://jax.readthedocs.io/en/latest/faq.html#buffer-donation.
  warnings.warn("Some donated buffers were not usable:"
/opt/jax/jax/_src/interpreters/mlir.py:1178: UserWarning: Some donated buffers were not usable: ShapedArray(complex128[144,6,2,43740]).
See an explanation at https://jax.readthedocs.io/en/latest/faq.html#buffer-donation.
  warnings.warn("Some donated buffers were not usable:"
/opt/jax/jax/_src/interpreters/mlir.py:1178: UserWarning: Some donated buffers were not usable: ShapedArray(complex128[144,6,2,43740]).
See an explanation at https://jax.readthedocs.io/en/latest/faq.html#buffer-donation.
  warnings.warn("Some donated buffers were not usable:"
/opt/jax/jax/_src/interpreters/mlir.py:1178: UserWarning: Some donated buffers were not usable: ShapedArray(complex128[144,6,2,43740]).
See an explanation at https://jax.readthedocs.io/en/latest/faq.html#buffer-donation.
  warnings.warn("Some donated buffers were not usable:"
/opt/jax/jax/_src/interpreters/mlir.py:1178: UserWarning: Some donated buffers were not usable: ShapedArray(complex128[144,6,2,43740]).
See an explanation at https://jax.readthedocs.io/en/latest/faq.html#buffer-donation.
  warnings.warn("Some donated buffers were not usable:"
/opt/jax/jax/_src/interpreters/mlir.py:1178: UserWarning: Some donated buffers were not usable: ShapedArray(complex128[144,6,2,43740]).
See an explanation at https://jax.readthedocs.io/en/latest/faq.html#buffer-donation.
  warnings.warn("Some donated buffers were not usable:"
/opt/jax/jax/_src/interpreters/mlir.py:1178: UserWarning: Some donated buffers were not usable: ShapedArray(complex128[144,6,2,43740]).
See an explanation at https://jax.readthedocs.io/en/latest/faq.html#buffer-donation.
  warnings.warn("Some donated buffers were not usable:"
/opt/jax/jax/_src/interpreters/mlir.py:1178: UserWarning: Some donated buffers were not usable: ShapedArray(complex128[144,6,2,43740]).
See an explanation at https://jax.readthedocs.io/en/latest/faq.html#buffer-donation.
  warnings.warn("Some donated buffers were not usable:"
/opt/jax/jax/_src/interpreters/mlir.py:1178: UserWarning: Some donated buffers were not usable: ShapedArray(complex128[144,6,2,43740]).
See an explanation at https://jax.readthedocs.io/en/latest/faq.html#buffer-donation.
  warnings.warn("Some donated buffers were not usable:"
/opt/jax/jax/_src/interpreters/mlir.py:1178: UserWarning: Some donated buffers were not usable: ShapedArray(complex128[144,6,2,43740]).
See an explanation at https://jax.readthedocs.io/en/latest/faq.html#buffer-donation.
  warnings.warn("Some donated buffers were not usable:"
/opt/jax/jax/_src/interpreters/mlir.py:1178: UserWarning: Some donated buffers were not usable: ShapedArray(complex128[144,6,2,43740]).
See an explanation at https://jax.readthedocs.io/en/latest/faq.html#buffer-donation.
  warnings.warn("Some donated buffers were not usable:"
/opt/jax/jax/_src/interpreters/mlir.py:1178: UserWarning: Some donated buffers were not usable: ShapedArray(complex128[144,6,2,43740]).
See an explanation at https://jax.readthedocs.io/en/latest/faq.html#buffer-donation.
  warnings.warn("Some donated buffers were not usable:"
/opt/jax/jax/_src/interpreters/mlir.py:1178: UserWarning: Some donated buffers were not usable: ShapedArray(complex128[144,6,2,43740]).
See an explanation at https://jax.readthedocs.io/en/latest/faq.html#buffer-donation.
  warnings.warn("Some donated buffers were not usable:"
     G accumulation: 3 chunk(s), 2.87s
     Cholesky of G: 0.48s
     ctilde[0] orthogonality error: 1.166e-14
     Total Galerkin: 14.53s
   Loaded wavefunctions: nk=144, nb=20, rank=2880
   rank=2880  nb_ctilde=20  Galerkin 15.8s  fH_R(replicated) = 17.80 GiB/device
   [mem:post-Galerkin] in_use=   0.77 GiB  peak=  13.03 GiB  reserved=   0.00 GiB  limit=  75.29 GiB  largest_free=   0.00 GiB
   |enk(WFN) - enk(restart)| over the window = 0.0000 meV
  [gate] htransform@Γ vs stored: max|Δε_c| = 0.000 meV, conduction-subspace overlap min-sval = 0.9544
   [DFT] sval spectrum @ worst k=105: 1.044 1.022 1.017 1.011 0.991 0.985 0.977 0.954 | per-band min_k |<ht|st>|: 0.838 0.838 0.657 0.657 0.367 0.367 0.986 0.986
   [DFT] gate max|d eps_c| =    0.000 meV   min-sval = 0.9544   recon =    0.000 meV   d2 =  1600.16 meV   (PASS)  [104s grid + 0s path]
  [gate] htransform@Γ vs stored: max|Δε_c| = 57.902 meV, conduction-subspace overlap min-sval = 0.9544
  [warn] on-grid conduction ENERGY error 57.9 meV ≫ the ~1-2 meV htransform floor — the interp basis is over-packed: 640-scale centroids cannot orthonormalize high oscillatory bands, so their non-orthonormal Galerkin coeffs pollute fH=Σf(ε)ccᴴ.  Reduce nband toward the BSE window (a few guard bands).
   [QP] sval spectrum @ worst k=105: 1.044 1.022 1.017 1.011 0.991 0.985 0.977 0.954 | per-band min_k |<ht|st>|: 0.000 0.000 0.000 0.000 0.000 0.000 0.000 0.000
   [QP] gate max|d eps_c| =   57.902 meV   min-sval = 0.9544   recon =    0.000 meV   d2 =  2221.42 meV   (FAIL)  [104s grid + 0s path]

======================================================================================================================
  nb     window   rank   nk*nb     ortho  fH_R GiB |  DFT gate    sval     recon       d2 |   QP gate    sval     recon       d2 | verdict
----------------------------------------------------------------------------------------------------------------------
  20 [16, 36)     2880    2880  1.17e-14     17.80 |     0.000  0.9544     0.000  1600.16 |    57.902  0.9544     0.000  2221.42 | FAIL
======================================================================================================================
capacity rule: nb < nspinor*n_mu/nk = 33.50
Traceback (most recent call last):
  File "/pscratch/sd/j/jackm/lorrax_sandbox/reports/bse_exciton_converged_2026-07-21/window_sweep.py", line 346, in <module>
    np.savez(npz, x_path=np.asarray(x_path), node_idx=np.asarray(node_idx),
TypeError: numpy.savez() got multiple values for keyword argument 'x_path'
srun: error: nid008312: task 0: Exited with exit code 1
srun: Terminating StepId=56288029.50
[2026-07-21T23:50:20.388] error: *** STEP 56288029.50 ON nid008312 CANCELLED AT 2026-07-21T23:50:20 DUE TO TASK FAILURE ***
--- nb=24 ---
[dist] devices=16 procs=16 mesh=4x4
[eqp] eqp1.dat: nk=144 nb=80; max|E_DFT(file) - enk_full(restart)| = 0.0000 meV
[cfg] kgrid=(12, 12, 1) nk=144 n_mu(from input) path_pts=139 nodes=[0, 50, 80, 138]
[cap] capacity rule nspinor*n_mu > nk*nb  ->  nb < 33.50 (nspinor=2, n_mu=2412, nk=144)

=== nb=24  window=[14,38)  nval=12 ncond=12 nband=38 ===
     Streaming Galerkin: nk=144, nb=24, nr=174960, n_mu=2412, mesh=(4x4), band_chunk=7 (5.26 GB/chunk)
     load_centroids_band_chunked: 7.19s
     SVD of (3456, 4824): rank=3456, σ_max=1.744e+00, σ_min/1e-08=1.184e-07 (3.32s)
/opt/jax/jax/_src/interpreters/mlir.py:1178: UserWarning: Some donated buffers were not usable: ShapedArray(complex128[144,7,2,43740]).
See an explanation at https://jax.readthedocs.io/en/latest/faq.html#buffer-donation.
  warnings.warn("Some donated buffers were not usable:"
/opt/jax/jax/_src/interpreters/mlir.py:1178: UserWarning: Some donated buffers were not usable: ShapedArray(complex128[144,7,2,43740]).
See an explanation at https://jax.readthedocs.io/en/latest/faq.html#buffer-donation.
  warnings.warn("Some donated buffers were not usable:"
/opt/jax/jax/_src/interpreters/mlir.py:1178: UserWarning: Some donated buffers were not usable: ShapedArray(complex128[144,7,2,43740]).
See an explanation at https://jax.readthedocs.io/en/latest/faq.html#buffer-donation.
  warnings.warn("Some donated buffers were not usable:"
/opt/jax/jax/_src/interpreters/mlir.py:1178: UserWarning: Some donated buffers were not usable: ShapedArray(complex128[144,7,2,43740]).
See an explanation at https://jax.readthedocs.io/en/latest/faq.html#buffer-donation.
  warnings.warn("Some donated buffers were not usable:"
/opt/jax/jax/_src/interpreters/mlir.py:1178: UserWarning: Some donated buffers were not usable: ShapedArray(complex128[144,7,2,43740]).
See an explanation at https://jax.readthedocs.io/en/latest/faq.html#buffer-donation.
  warnings.warn("Some donated buffers were not usable:"
/opt/jax/jax/_src/interpreters/mlir.py:1178: UserWarning: Some donated buffers were not usable: ShapedArray(complex128[144,7,2,43740]).
See an explanation at https://jax.readthedocs.io/en/latest/faq.html#buffer-donation.
  warnings.warn("Some donated buffers were not usable:"
/opt/jax/jax/_src/interpreters/mlir.py:1178: UserWarning: Some donated buffers were not usable: ShapedArray(complex128[144,7,2,43740]).
See an explanation at https://jax.readthedocs.io/en/latest/faq.html#buffer-donation.
  warnings.warn("Some donated buffers were not usable:"
/opt/jax/jax/_src/interpreters/mlir.py:1178: UserWarning: Some donated buffers were not usable: ShapedArray(complex128[144,7,2,43740]).
See an explanation at https://jax.readthedocs.io/en/latest/faq.html#buffer-donation.
  warnings.warn("Some donated buffers were not usable:"
/opt/jax/jax/_src/interpreters/mlir.py:1178: UserWarning: Some donated buffers were not usable: ShapedArray(complex128[144,7,2,43740]).
See an explanation at https://jax.readthedocs.io/en/latest/faq.html#buffer-donation.
  warnings.warn("Some donated buffers were not usable:"
/opt/jax/jax/_src/interpreters/mlir.py:1178: UserWarning: Some donated buffers were not usable: ShapedArray(complex128[144,7,2,43740]).
See an explanation at https://jax.readthedocs.io/en/latest/faq.html#buffer-donation.
  warnings.warn("Some donated buffers were not usable:"
/opt/jax/jax/_src/interpreters/mlir.py:1178: UserWarning: Some donated buffers were not usable: ShapedArray(complex128[144,7,2,43740]).
See an explanation at https://jax.readthedocs.io/en/latest/faq.html#buffer-donation.
  warnings.warn("Some donated buffers were not usable:"
/opt/jax/jax/_src/interpreters/mlir.py:1178: UserWarning: Some donated buffers were not usable: ShapedArray(complex128[144,7,2,43740]).
See an explanation at https://jax.readthedocs.io/en/latest/faq.html#buffer-donation.
  warnings.warn("Some donated buffers were not usable:"
/opt/jax/jax/_src/interpreters/mlir.py:1178: UserWarning: Some donated buffers were not usable: ShapedArray(complex128[144,7,2,43740]).
See an explanation at https://jax.readthedocs.io/en/latest/faq.html#buffer-donation.
  warnings.warn("Some donated buffers were not usable:"
/opt/jax/jax/_src/interpreters/mlir.py:1178: UserWarning: Some donated buffers were not usable: ShapedArray(complex128[144,7,2,43740]).
See an explanation at https://jax.readthedocs.io/en/latest/faq.html#buffer-donation.
  warnings.warn("Some donated buffers were not usable:"
/opt/jax/jax/_src/interpreters/mlir.py:1178: UserWarning: Some donated buffers were not usable: ShapedArray(complex128[144,7,2,43740]).
See an explanation at https://jax.readthedocs.io/en/latest/faq.html#buffer-donation.
  warnings.warn("Some donated buffers were not usable:"
/opt/jax/jax/_src/interpreters/mlir.py:1178: UserWarning: Some donated buffers were not usable: ShapedArray(complex128[144,7,2,43740]).
See an explanation at https://jax.readthedocs.io/en/latest/faq.html#buffer-donation.
  warnings.warn("Some donated buffers were not usable:"
/opt/jax/jax/_src/interpreters/mlir.py:1178: UserWarning: Some donated buffers were not usable: ShapedArray(complex128[144,3,2,43740]).
See an explanation at https://jax.readthedocs.io/en/latest/faq.html#buffer-donation.
  warnings.warn("Some donated buffers were not usable:"
/opt/jax/jax/_src/interpreters/mlir.py:1178: UserWarning: Some donated buffers were not usable: ShapedArray(complex128[144,3,2,43740]).
See an explanation at https://jax.readthedocs.io/en/latest/faq.html#buffer-donation.
  warnings.warn("Some donated buffers were not usable:"
/opt/jax/jax/_src/interpreters/mlir.py:1178: UserWarning: Some donated buffers were not usable: ShapedArray(complex128[144,3,2,43740]).
See an explanation at https://jax.readthedocs.io/en/latest/faq.html#buffer-donation.
  warnings.warn("Some donated buffers were not usable:"
/opt/jax/jax/_src/interpreters/mlir.py:1178: UserWarning: Some donated buffers were not usable: ShapedArray(complex128[144,3,2,43740]).
See an explanation at https://jax.readthedocs.io/en/latest/faq.html#buffer-donation.
  warnings.warn("Some donated buffers were not usable:"
/opt/jax/jax/_src/interpreters/mlir.py:1178: UserWarning: Some donated buffers were not usable: ShapedArray(complex128[144,3,2,43740]).
See an explanation at https://jax.readthedocs.io/en/latest/faq.html#buffer-donation.
  warnings.warn("Some donated buffers were not usable:"
/opt/jax/jax/_src/interpreters/mlir.py:1178: UserWarning: Some donated buffers were not usable: ShapedArray(complex128[144,3,2,43740]).
See an explanation at https://jax.readthedocs.io/en/latest/faq.html#buffer-donation.
  warnings.warn("Some donated buffers were not usable:"
/opt/jax/jax/_src/interpreters/mlir.py:1178: UserWarning: Some donated buffers were not usable: ShapedArray(complex128[144,3,2,43740]).
See an explanation at https://jax.readthedocs.io/en/latest/faq.html#buffer-donation.
  warnings.warn("Some donated buffers were not usable:"
/opt/jax/jax/_src/interpreters/mlir.py:1178: UserWarning: Some donated buffers were not usable: ShapedArray(complex128[144,3,2,43740]).
See an explanation at https://jax.readthedocs.io/en/latest/faq.html#buffer-donation.
  warnings.warn("Some donated buffers were not usable:"
/opt/jax/jax/_src/interpreters/mlir.py:1178: UserWarning: Some donated buffers were not usable: ShapedArray(complex128[144,3,2,43740]).
See an explanation at https://jax.readthedocs.io/en/latest/faq.html#buffer-donation.
  warnings.warn("Some donated buffers were not usable:"
/opt/jax/jax/_src/interpreters/mlir.py:1178: UserWarning: Some donated buffers were not usable: ShapedArray(complex128[144,3,2,43740]).
See an explanation at https://jax.readthedocs.io/en/latest/faq.html#buffer-donation.
  warnings.warn("Some donated buffers were not usable:"
/opt/jax/jax/_src/interpreters/mlir.py:1178: UserWarning: Some donated buffers were not usable: ShapedArray(complex128[144,3,2,43740]).
See an explanation at https://jax.readthedocs.io/en/latest/faq.html#buffer-donation.
  warnings.warn("Some donated buffers were not usable:"
/opt/jax/jax/_src/interpreters/mlir.py:1178: UserWarning: Some donated buffers were not usable: ShapedArray(complex128[144,3,2,43740]).
See an explanation at https://jax.readthedocs.io/en/latest/faq.html#buffer-donation.
  warnings.warn("Some donated buffers were not usable:"
/opt/jax/jax/_src/interpreters/mlir.py:1178: UserWarning: Some donated buffers were not usable: ShapedArray(complex128[144,3,2,43740]).
See an explanation at https://jax.readthedocs.io/en/latest/faq.html#buffer-donation.
  warnings.warn("Some donated buffers were not usable:"
/opt/jax/jax/_src/interpreters/mlir.py:1178: UserWarning: Some donated buffers were not usable: ShapedArray(complex128[144,3,2,43740]).
See an explanation at https://jax.readthedocs.io/en/latest/faq.html#buffer-donation.
  warnings.warn("Some donated buffers were not usable:"
/opt/jax/jax/_src/interpreters/mlir.py:1178: UserWarning: Some donated buffers were not usable: ShapedArray(complex128[144,3,2,43740]).
See an explanation at https://jax.readthedocs.io/en/latest/faq.html#buffer-donation.
  warnings.warn("Some donated buffers were not usable:"
/opt/jax/jax/_src/interpreters/mlir.py:1178: UserWarning: Some donated buffers were not usable: ShapedArray(complex128[144,3,2,43740]).
See an explanation at https://jax.readthedocs.io/en/latest/faq.html#buffer-donation.
  warnings.warn("Some donated buffers were not usable:"
     G accumulation: 4 chunk(s), 3.20s
     Cholesky of G: 0.63s
     ctilde[0] orthogonality error: 1.443e-14
     Total Galerkin: 16.26s
   Loaded wavefunctions: nk=144, nb=24, rank=3456
   rank=3456  nb_ctilde=24  Galerkin 17.5s  fH_R(replicated) = 25.63 GiB/device
   [mem:post-Galerkin] in_use=   0.85 GiB  peak=  13.28 GiB  reserved=   0.00 GiB  limit=  75.29 GiB  largest_free=   0.00 GiB
   |enk(WFN) - enk(restart)| over the window = 0.0000 meV
2026-07-21 16:50:57.552639: E external/xla/xla/service/spmd/spmd_partitioner.cc:620] [spmd] Involuntary full rematerialization. The compiler was not able to go from sharding {devices=[1,4,4]<=[16]} to {devices=[16,1,1]<=[16]} without doing a full rematerialization of the tensor for HLO operation: %copy.1 = c128[32,864,864]{2,1,0} copy(%dot), sharding={devices=[1,4,4]<=[16]}, metadata={op_name="jit(_q_batch)/jit(main)/sharding_constraint" source_file="/pscratch/sd/j/jackm/lorrax_sandbox/sources/worktrees/lorrax_bse_exciton_conv/src/bandstructure/bse_setup.py" source_line=204}. You probably want to enrich the sharding annotations to prevent this from happening.
2026-07-21 16:50:57.558384: E external/xla/xla/service/spmd/spmd_partitioner.cc:620] [spmd] Involuntary full rematerialization. The compiler was not able to go from sharding {devices=[1,4,4]<=[16]} to {devices=[16,1,1]<=[16]} without doing a full rematerialization of the tensor for HLO operation: %copy.1 = c128[32,864,864]{2,1,0} copy(%dot), sharding={devices=[1,4,4]<=[16]}, metadata={op_name="jit(_q_batch)/jit(main)/sharding_constraint" source_file="/pscratch/sd/j/jackm/lorrax_sandbox/sources/worktrees/lorrax_bse_exciton_conv/src/bandstructure/bse_setup.py" source_line=204}. You probably want to enrich the sharding annotations to prevent this from happening.
2026-07-21 16:50:57.613119: E external/xla/xla/service/spmd/spmd_partitioner.cc:620] [spmd] Involuntary full rematerialization. The compiler was not able to go from sharding {devices=[1,4,4]<=[16]} to {devices=[16,1,1]<=[16]} without doing a full rematerialization of the tensor for HLO operation: %copy.1 = c128[32,864,864]{2,1,0} copy(%dot), sharding={devices=[1,4,4]<=[16]}, metadata={op_name="jit(_q_batch)/jit(main)/sharding_constraint" source_file="/pscratch/sd/j/jackm/lorrax_sandbox/sources/worktrees/lorrax_bse_exciton_conv/src/bandstructure/bse_setup.py" source_line=204}. You probably want to enrich the sharding annotations to prevent this from happening.
2026-07-21 16:50:57.819092: E external/xla/xla/service/spmd/spmd_partitioner.cc:620] [spmd] Involuntary full rematerialization. The compiler was not able to go from sharding {devices=[1,4,4]<=[16]} to {devices=[16,1,1]<=[16]} without doing a full rematerialization of the tensor for HLO operation: %copy.1 = c128[32,864,864]{2,1,0} copy(%dot), sharding={devices=[1,4,4]<=[16]}, metadata={op_name="jit(_q_batch)/jit(main)/sharding_constraint" source_file="/pscratch/sd/j/jackm/lorrax_sandbox/sources/worktrees/lorrax_bse_exciton_conv/src/bandstructure/bse_setup.py" source_line=204}. You probably want to enrich the sharding annotations to prevent this from happening.
2026-07-21 16:50:58.911193: E external/xla/xla/service/spmd/spmd_partitioner.cc:620] [spmd] Involuntary full rematerialization. The compiler was not able to go from sharding {devices=[1,4,4]<=[16]} to {devices=[16,1,1]<=[16]} without doing a full rematerialization of the tensor for HLO operation: %copy.1 = c128[32,864,864]{2,1,0} copy(%dot), sharding={devices=[1,4,4]<=[16]}, metadata={op_name="jit(_q_batch)/jit(main)/sharding_constraint" source_file="/pscratch/sd/j/jackm/lorrax_sandbox/sources/worktrees/lorrax_bse_exciton_conv/src/bandstructure/bse_setup.py" source_line=204}. You probably want to enrich the sharding annotations to prevent this from happening.
2026-07-21 16:50:58.917219: E external/xla/xla/service/spmd/spmd_partitioner.cc:620] [spmd] Involuntary full rematerialization. The compiler was not able to go from sharding {devices=[1,4,4]<=[16]} to {devices=[16,1,1]<=[16]} without doing a full rematerialization of the tensor for HLO operation: %copy.1 = c128[32,864,864]{2,1,0} copy(%dot), sharding={devices=[1,4,4]<=[16]}, metadata={op_name="jit(_q_batch)/jit(main)/sharding_constraint" source_file="/pscratch/sd/j/jackm/lorrax_sandbox/sources/worktrees/lorrax_bse_exciton_conv/src/bandstructure/bse_setup.py" source_line=204}. You probably want to enrich the sharding annotations to prevent this from happening.
2026-07-21 16:50:58.932300: E external/xla/xla/service/spmd/spmd_partitioner.cc:620] [spmd] Involuntary full rematerialization. The compiler was not able to go from sharding {devices=[1,4,4]<=[16]} to {devices=[16,1,1]<=[16]} without doing a full rematerialization of the tensor for HLO operation: %copy.1 = c128[32,864,864]{2,1,0} copy(%dot), sharding={devices=[1,4,4]<=[16]}, metadata={op_name="jit(_q_batch)/jit(main)/sharding_constraint" source_file="/pscratch/sd/j/jackm/lorrax_sandbox/sources/worktrees/lorrax_bse_exciton_conv/src/bandstructure/bse_setup.py" source_line=204}. You probably want to enrich the sharding annotations to prevent this from happening.
2026-07-21 16:50:58.938153: E external/xla/xla/service/spmd/spmd_partitioner.cc:620] [spmd] Involuntary full rematerialization. The compiler was not able to go from sharding {devices=[1,4,4]<=[16]} to {devices=[16,1,1]<=[16]} without doing a full rematerialization of the tensor for HLO operation: %copy.1 = c128[32,864,864]{2,1,0} copy(%dot), sharding={devices=[1,4,4]<=[16]}, metadata={op_name="jit(_q_batch)/jit(main)/sharding_constraint" source_file="/pscratch/sd/j/jackm/lorrax_sandbox/sources/worktrees/lorrax_bse_exciton_conv/src/bandstructure/bse_setup.py" source_line=204}. You probably want to enrich the sharding annotations to prevent this from happening.
2026-07-21 16:50:58.947057: E external/xla/xla/service/spmd/spmd_partitioner.cc:620] [spmd] Involuntary full rematerialization. The compiler was not able to go from sharding {devices=[1,4,4]<=[16]} to {devices=[16,1,1]<=[16]} without doing a full rematerialization of the tensor for HLO operation: %copy.1 = c128[32,864,864]{2,1,0} copy(%dot), sharding={devices=[1,4,4]<=[16]}, metadata={op_name="jit(_q_batch)/jit(main)/sharding_constraint" source_file="/pscratch/sd/j/jackm/lorrax_sandbox/sources/worktrees/lorrax_bse_exciton_conv/src/bandstructure/bse_setup.py" source_line=204}. You probably want to enrich the sharding annotations to prevent this from happening.
2026-07-21 16:50:58.990951: E external/xla/xla/service/spmd/spmd_partitioner.cc:620] [spmd] Involuntary full rematerialization. The compiler was not able to go from sharding {devices=[1,4,4]<=[16]} to {devices=[16,1,1]<=[16]} without doing a full rematerialization of the tensor for HLO operation: %copy.1 = c128[32,864,864]{2,1,0} copy(%dot), sharding={devices=[1,4,4]<=[16]}, metadata={op_name="jit(_q_batch)/jit(main)/sharding_constraint" source_file="/pscratch/sd/j/jackm/lorrax_sandbox/sources/worktrees/lorrax_bse_exciton_conv/src/bandstructure/bse_setup.py" source_line=204}. You probably want to enrich the sharding annotations to prevent this from happening.
2026-07-21 16:50:59.216026: E external/xla/xla/service/spmd/spmd_partitioner.cc:620] [spmd] Involuntary full rematerialization. The compiler was not able to go from sharding {devices=[1,4,4]<=[16]} to {devices=[16,1,1]<=[16]} without doing a full rematerialization of the tensor for HLO operation: %copy.1 = c128[32,864,864]{2,1,0} copy(%dot), sharding={devices=[1,4,4]<=[16]}, metadata={op_name="jit(_q_batch)/jit(main)/sharding_constraint" source_file="/pscratch/sd/j/jackm/lorrax_sandbox/sources/worktrees/lorrax_bse_exciton_conv/src/bandstructure/bse_setup.py" source_line=204}. You probably want to enrich the sharding annotations to prevent this from happening.
2026-07-21 16:50:59.261638: E external/xla/xla/service/spmd/spmd_partitioner.cc:620] [spmd] Involuntary full rematerialization. The compiler was not able to go from sharding {devices=[1,4,4]<=[16]} to {devices=[16,1,1]<=[16]} without doing a full rematerialization of the tensor for HLO operation: %copy.1 = c128[32,864,864]{2,1,0} copy(%dot), sharding={devices=[1,4,4]<=[16]}, metadata={op_name="jit(_q_batch)/jit(main)/sharding_constraint" source_file="/pscratch/sd/j/jackm/lorrax_sandbox/sources/worktrees/lorrax_bse_exciton_conv/src/bandstructure/bse_setup.py" source_line=204}. You probably want to enrich the sharding annotations to prevent this from happening.
2026-07-21 16:50:59.262614: E external/xla/xla/service/spmd/spmd_partitioner.cc:620] [spmd] Involuntary full rematerialization. The compiler was not able to go from sharding {devices=[1,4,4]<=[16]} to {devices=[16,1,1]<=[16]} without doing a full rematerialization of the tensor for HLO operation: %copy.1 = c128[32,864,864]{2,1,0} copy(%dot), sharding={devices=[1,4,4]<=[16]}, metadata={op_name="jit(_q_batch)/jit(main)/sharding_constraint" source_file="/pscratch/sd/j/jackm/lorrax_sandbox/sources/worktrees/lorrax_bse_exciton_conv/src/bandstructure/bse_setup.py" source_line=204}. You probably want to enrich the sharding annotations to prevent this from happening.
2026-07-21 16:50:59.268097: E external/xla/xla/service/spmd/spmd_partitioner.cc:620] [spmd] Involuntary full rematerialization. The compiler was not able to go from sharding {devices=[1,4,4]<=[16]} to {devices=[16,1,1]<=[16]} without doing a full rematerialization of the tensor for HLO operation: %copy.1 = c128[32,864,864]{2,1,0} copy(%dot), sharding={devices=[1,4,4]<=[16]}, metadata={op_name="jit(_q_batch)/jit(main)/sharding_constraint" source_file="/pscratch/sd/j/jackm/lorrax_sandbox/sources/worktrees/lorrax_bse_exciton_conv/src/bandstructure/bse_setup.py" source_line=204}. You probably want to enrich the sharding annotations to prevent this from happening.
2026-07-21 16:50:59.276451: E external/xla/xla/service/spmd/spmd_partitioner.cc:620] [spmd] Involuntary full rematerialization. The compiler was not able to go from sharding {devices=[1,4,4]<=[16]} to {devices=[16,1,1]<=[16]} without doing a full rematerialization of the tensor for HLO operation: %copy.1 = c128[32,864,864]{2,1,0} copy(%dot), sharding={devices=[1,4,4]<=[16]}, metadata={op_name="jit(_q_batch)/jit(main)/sharding_constraint" source_file="/pscratch/sd/j/jackm/lorrax_sandbox/sources/worktrees/lorrax_bse_exciton_conv/src/bandstructure/bse_setup.py" source_line=204}. You probably want to enrich the sharding annotations to prevent this from happening.
2026-07-21 16:50:59.283983: E external/xla/xla/service/spmd/spmd_partitioner.cc:620] [spmd] Involuntary full rematerialization. The compiler was not able to go from sharding {devices=[1,4,4]<=[16]} to {devices=[16,1,1]<=[16]} without doing a full rematerialization of the tensor for HLO operation: %copy.1 = c128[32,864,864]{2,1,0} copy(%dot), sharding={devices=[1,4,4]<=[16]}, metadata={op_name="jit(_q_batch)/jit(main)/sharding_constraint" source_file="/pscratch/sd/j/jackm/lorrax_sandbox/sources/worktrees/lorrax_bse_exciton_conv/src/bandstructure/bse_setup.py" source_line=204}. You probably want to enrich the sharding annotations to prevent this from happening.
  [gate] htransform@Γ vs stored: max|Δε_c| = 0.000 meV, conduction-subspace overlap min-sval = 0.9544
   [DFT] sval spectrum @ worst k=51: 1.044 1.022 1.017 1.011 0.991 0.985 0.977 0.954 | per-band min_k |<ht|st>|: 0.644 0.644 0.757 0.757 0.641 0.641 0.933 0.933
   [DFT] gate max|d eps_c| =    0.000 meV   min-sval = 0.9544   recon =    0.000 meV   d2 =  1607.35 meV   (PASS)  [44s grid + 0s path]
2026-07-21 16:51:40.889525: E external/xla/xla/service/spmd/spmd_partitioner.cc:620] [spmd] Involuntary full rematerialization. The compiler was not able to go from sharding {devices=[1,4,4]<=[16]} to {devices=[16,1,1]<=[16]} without doing a full rematerialization of the tensor for HLO operation: %copy.1 = c128[32,864,864]{2,1,0} copy(%dot), sharding={devices=[1,4,4]<=[16]}, metadata={op_name="jit(_q_batch)/jit(main)/sharding_constraint" source_file="/pscratch/sd/j/jackm/lorrax_sandbox/sources/worktrees/lorrax_bse_exciton_conv/src/bandstructure/bse_setup.py" source_line=204}. You probably want to enrich the sharding annotations to prevent this from happening.
2026-07-21 16:51:40.899394: E external/xla/xla/service/spmd/spmd_partitioner.cc:620] [spmd] Involuntary full rematerialization. The compiler was not able to go from sharding {devices=[1,4,4]<=[16]} to {devices=[16,1,1]<=[16]} without doing a full rematerialization of the tensor for HLO operation: %copy.1 = c128[32,864,864]{2,1,0} copy(%dot), sharding={devices=[1,4,4]<=[16]}, metadata={op_name="jit(_q_batch)/jit(main)/sharding_constraint" source_file="/pscratch/sd/j/jackm/lorrax_sandbox/sources/worktrees/lorrax_bse_exciton_conv/src/bandstructure/bse_setup.py" source_line=204}. You probably want to enrich the sharding annotations to prevent this from happening.
2026-07-21 16:51:40.900867: E external/xla/xla/service/spmd/spmd_partitioner.cc:620] [spmd] Involuntary full rematerialization. The compiler was not able to go from sharding {devices=[1,4,4]<=[16]} to {devices=[16,1,1]<=[16]} without doing a full rematerialization of the tensor for HLO operation: %copy.1 = c128[32,864,864]{2,1,0} copy(%dot), sharding={devices=[1,4,4]<=[16]}, metadata={op_name="jit(_q_batch)/jit(main)/sharding_constraint" source_file="/pscratch/sd/j/jackm/lorrax_sandbox/sources/worktrees/lorrax_bse_exciton_conv/src/bandstructure/bse_setup.py" source_line=204}. You probably want to enrich the sharding annotations to prevent this from happening.
2026-07-21 16:51:41.245349: E external/xla/xla/service/spmd/spmd_partitioner.cc:620] [spmd] Involuntary full rematerialization. The compiler was not able to go from sharding {devices=[1,4,4]<=[16]} to {devices=[16,1,1]<=[16]} without doing a full rematerialization of the tensor for HLO operation: %copy.1 = c128[32,864,864]{2,1,0} copy(%dot), sharding={devices=[1,4,4]<=[16]}, metadata={op_name="jit(_q_batch)/jit(main)/sharding_constraint" source_file="/pscratch/sd/j/jackm/lorrax_sandbox/sources/worktrees/lorrax_bse_exciton_conv/src/bandstructure/bse_setup.py" source_line=204}. You probably want to enrich the sharding annotations to prevent this from happening.
2026-07-21 16:51:42.199598: E external/xla/xla/service/spmd/spmd_partitioner.cc:620] [spmd] Involuntary full rematerialization. The compiler was not able to go from sharding {devices=[1,4,4]<=[16]} to {devices=[16,1,1]<=[16]} without doing a full rematerialization of the tensor for HLO operation: %copy.1 = c128[32,864,864]{2,1,0} copy(%dot), sharding={devices=[1,4,4]<=[16]}, metadata={op_name="jit(_q_batch)/jit(main)/sharding_constraint" source_file="/pscratch/sd/j/jackm/lorrax_sandbox/sources/worktrees/lorrax_bse_exciton_conv/src/bandstructure/bse_setup.py" source_line=204}. You probably want to enrich the sharding annotations to prevent this from happening.
2026-07-21 16:51:42.209951: E external/xla/xla/service/spmd/spmd_partitioner.cc:620] [spmd] Involuntary full rematerialization. The compiler was not able to go from sharding {devices=[1,4,4]<=[16]} to {devices=[16,1,1]<=[16]} without doing a full rematerialization of the tensor for HLO operation: %copy.1 = c128[32,864,864]{2,1,0} copy(%dot), sharding={devices=[1,4,4]<=[16]}, metadata={op_name="jit(_q_batch)/jit(main)/sharding_constraint" source_file="/pscratch/sd/j/jackm/lorrax_sandbox/sources/worktrees/lorrax_bse_exciton_conv/src/bandstructure/bse_setup.py" source_line=204}. You probably want to enrich the sharding annotations to prevent this from happening.
2026-07-21 16:51:42.289434: E external/xla/xla/service/spmd/spmd_partitioner.cc:620] [spmd] Involuntary full rematerialization. The compiler was not able to go from sharding {devices=[1,4,4]<=[16]} to {devices=[16,1,1]<=[16]} without doing a full rematerialization of the tensor for HLO operation: %copy.1 = c128[32,864,864]{2,1,0} copy(%dot), sharding={devices=[1,4,4]<=[16]}, metadata={op_name="jit(_q_batch)/jit(main)/sharding_constraint" source_file="/pscratch/sd/j/jackm/lorrax_sandbox/sources/worktrees/lorrax_bse_exciton_conv/src/bandstructure/bse_setup.py" source_line=204}. You probably want to enrich the sharding annotations to prevent this from happening.
2026-07-21 16:51:42.336564: E external/xla/xla/service/spmd/spmd_partitioner.cc:620] [spmd] Involuntary full rematerialization. The compiler was not able to go from sharding {devices=[1,4,4]<=[16]} to {devices=[16,1,1]<=[16]} without doing a full rematerialization of the tensor for HLO operation: %copy.1 = c128[32,864,864]{2,1,0} copy(%dot), sharding={devices=[1,4,4]<=[16]}, metadata={op_name="jit(_q_batch)/jit(main)/sharding_constraint" source_file="/pscratch/sd/j/jackm/lorrax_sandbox/sources/worktrees/lorrax_bse_exciton_conv/src/bandstructure/bse_setup.py" source_line=204}. You probably want to enrich the sharding annotations to prevent this from happening.
2026-07-21 16:51:42.368246: E external/xla/xla/service/spmd/spmd_partitioner.cc:620] [spmd] Involuntary full rematerialization. The compiler was not able to go from sharding {devices=[1,4,4]<=[16]} to {devices=[16,1,1]<=[16]} without doing a full rematerialization of the tensor for HLO operation: %copy.1 = c128[32,864,864]{2,1,0} copy(%dot), sharding={devices=[1,4,4]<=[16]}, metadata={op_name="jit(_q_batch)/jit(main)/sharding_constraint" source_file="/pscratch/sd/j/jackm/lorrax_sandbox/sources/worktrees/lorrax_bse_exciton_conv/src/bandstructure/bse_setup.py" source_line=204}. You probably want to enrich the sharding annotations to prevent this from happening.
2026-07-21 16:51:42.378723: E external/xla/xla/service/spmd/spmd_partitioner.cc:620] [spmd] Involuntary full rematerialization. The compiler was not able to go from sharding {devices=[1,4,4]<=[16]} to {devices=[16,1,1]<=[16]} without doing a full rematerialization of the tensor for HLO operation: %copy.1 = c128[32,864,864]{2,1,0} copy(%dot), sharding={devices=[1,4,4]<=[16]}, metadata={op_name="jit(_q_batch)/jit(main)/sharding_constraint" source_file="/pscratch/sd/j/jackm/lorrax_sandbox/sources/worktrees/lorrax_bse_exciton_conv/src/bandstructure/bse_setup.py" source_line=204}. You probably want to enrich the sharding annotations to prevent this from happening.
2026-07-21 16:51:42.397165: E external/xla/xla/service/spmd/spmd_partitioner.cc:620] [spmd] Involuntary full rematerialization. The compiler was not able to go from sharding {devices=[1,4,4]<=[16]} to {devices=[16,1,1]<=[16]} without doing a full rematerialization of the tensor for HLO operation: %copy.1 = c128[32,864,864]{2,1,0} copy(%dot), sharding={devices=[1,4,4]<=[16]}, metadata={op_name="jit(_q_batch)/jit(main)/sharding_constraint" source_file="/pscratch/sd/j/jackm/lorrax_sandbox/sources/worktrees/lorrax_bse_exciton_conv/src/bandstructure/bse_setup.py" source_line=204}. You probably want to enrich the sharding annotations to prevent this from happening.
2026-07-21 16:51:42.460136: E external/xla/xla/service/spmd/spmd_partitioner.cc:620] [spmd] Involuntary full rematerialization. The compiler was not able to go from sharding {devices=[1,4,4]<=[16]} to {devices=[16,1,1]<=[16]} without doing a full rematerialization of the tensor for HLO operation: %copy.1 = c128[32,864,864]{2,1,0} copy(%dot), sharding={devices=[1,4,4]<=[16]}, metadata={op_name="jit(_q_batch)/jit(main)/sharding_constraint" source_file="/pscratch/sd/j/jackm/lorrax_sandbox/sources/worktrees/lorrax_bse_exciton_conv/src/bandstructure/bse_setup.py" source_line=204}. You probably want to enrich the sharding annotations to prevent this from happening.
2026-07-21 16:51:42.577671: E external/xla/xla/service/spmd/spmd_partitioner.cc:620] [spmd] Involuntary full rematerialization. The compiler was not able to go from sharding {devices=[1,4,4]<=[16]} to {devices=[16,1,1]<=[16]} without doing a full rematerialization of the tensor for HLO operation: %copy.1 = c128[32,864,864]{2,1,0} copy(%dot), sharding={devices=[1,4,4]<=[16]}, metadata={op_name="jit(_q_batch)/jit(main)/sharding_constraint" source_file="/pscratch/sd/j/jackm/lorrax_sandbox/sources/worktrees/lorrax_bse_exciton_conv/src/bandstructure/bse_setup.py" source_line=204}. You probably want to enrich the sharding annotations to prevent this from happening.
2026-07-21 16:51:42.603792: E external/xla/xla/service/spmd/spmd_partitioner.cc:620] [spmd] Involuntary full rematerialization. The compiler was not able to go from sharding {devices=[1,4,4]<=[16]} to {devices=[16,1,1]<=[16]} without doing a full rematerialization of the tensor for HLO operation: %copy.1 = c128[32,864,864]{2,1,0} copy(%dot), sharding={devices=[1,4,4]<=[16]}, metadata={op_name="jit(_q_batch)/jit(main)/sharding_constraint" source_file="/pscratch/sd/j/jackm/lorrax_sandbox/sources/worktrees/lorrax_bse_exciton_conv/src/bandstructure/bse_setup.py" source_line=204}. You probably want to enrich the sharding annotations to prevent this from happening.
2026-07-21 16:51:42.657117: E external/xla/xla/service/spmd/spmd_partitioner.cc:620] [spmd] Involuntary full rematerialization. The compiler was not able to go from sharding {devices=[1,4,4]<=[16]} to {devices=[16,1,1]<=[16]} without doing a full rematerialization of the tensor for HLO operation: %copy.1 = c128[32,864,864]{2,1,0} copy(%dot), sharding={devices=[1,4,4]<=[16]}, metadata={op_name="jit(_q_batch)/jit(main)/sharding_constraint" source_file="/pscratch/sd/j/jackm/lorrax_sandbox/sources/worktrees/lorrax_bse_exciton_conv/src/bandstructure/bse_setup.py" source_line=204}. You probably want to enrich the sharding annotations to prevent this from happening.
2026-07-21 16:51:42.678610: E external/xla/xla/service/spmd/spmd_partitioner.cc:620] [spmd] Involuntary full rematerialization. The compiler was not able to go from sharding {devices=[1,4,4]<=[16]} to {devices=[16,1,1]<=[16]} without doing a full rematerialization of the tensor for HLO operation: %copy.1 = c128[32,864,864]{2,1,0} copy(%dot), sharding={devices=[1,4,4]<=[16]}, metadata={op_name="jit(_q_batch)/jit(main)/sharding_constraint" source_file="/pscratch/sd/j/jackm/lorrax_sandbox/sources/worktrees/lorrax_bse_exciton_conv/src/bandstructure/bse_setup.py" source_line=204}. You probably want to enrich the sharding annotations to prevent this from happening.
  [gate] htransform@Γ vs stored: max|Δε_c| = 57.902 meV, conduction-subspace overlap min-sval = 0.9544
  [warn] on-grid conduction ENERGY error 57.9 meV ≫ the ~1-2 meV htransform floor — the interp basis is over-packed: 640-scale centroids cannot orthonormalize high oscillatory bands, so their non-orthonormal Galerkin coeffs pollute fH=Σf(ε)ccᴴ.  Reduce nband toward the BSE window (a few guard bands).
   [QP] sval spectrum @ worst k=51: 1.044 1.022 1.017 1.011 0.991 0.985 0.977 0.954 | per-band min_k |<ht|st>|: 0.000 0.000 0.000 0.000 0.000 0.000 0.000 0.000
   [QP] gate max|d eps_c| =   57.902 meV   min-sval = 0.9544   recon =    0.000 meV   d2 =  2503.26 meV   (FAIL)  [41s grid + 0s path]

======================================================================================================================
  nb     window   rank   nk*nb     ortho  fH_R GiB |  DFT gate    sval     recon       d2 |   QP gate    sval     recon       d2 | verdict
----------------------------------------------------------------------------------------------------------------------
  24 [14, 38)     3456    3456  1.44e-14     25.63 |     0.000  0.9544     0.000  1607.35 |    57.902  0.9544     0.000  2503.26 | FAIL
======================================================================================================================
capacity rule: nb < nspinor*n_mu/nk = 33.50
Traceback (most recent call last):
  File "/pscratch/sd/j/jackm/lorrax_sandbox/reports/bse_exciton_converged_2026-07-21/window_sweep.py", line 346, in <module>
    np.savez(npz, x_path=np.asarray(x_path), node_idx=np.asarray(node_idx),
TypeError: numpy.savez() got multiple values for keyword argument 'x_path'
srun: error: nid008312: task 0: Exited with exit code 1
srun: Terminating StepId=56288029.53
[2026-07-21T23:52:25.821] error: *** STEP 56288029.53 ON nid008312 CANCELLED AT 2026-07-21T23:52:25 DUE TO TASK FAILURE ***
--- nb=28 ---
[dist] devices=16 procs=16 mesh=4x4
[eqp] eqp1.dat: nk=144 nb=80; max|E_DFT(file) - enk_full(restart)| = 0.0000 meV
[cfg] kgrid=(12, 12, 1) nk=144 n_mu(from input) path_pts=139 nodes=[0, 50, 80, 138]
[cap] capacity rule nspinor*n_mu > nk*nb  ->  nb < 33.50 (nspinor=2, n_mu=2412, nk=144)

=== nb=28  window=[12,40)  nval=14 ncond=14 nband=40 ===
     Streaming Galerkin: nk=144, nb=28, nr=174960, n_mu=2412, mesh=(4x4), band_chunk=7 (5.26 GB/chunk)
     load_centroids_band_chunked: 6.53s
     SVD of (4032, 4824): rank=4032, σ_max=1.764e+00, σ_min/1e-08=2.390e-08 (4.36s)
/opt/jax/jax/_src/interpreters/mlir.py:1178: UserWarning: Some donated buffers were not usable: ShapedArray(complex128[144,7,2,43740]).
See an explanation at https://jax.readthedocs.io/en/latest/faq.html#buffer-donation.
  warnings.warn("Some donated buffers were not usable:"
/opt/jax/jax/_src/interpreters/mlir.py:1178: UserWarning: Some donated buffers were not usable: ShapedArray(complex128[144,7,2,43740]).
See an explanation at https://jax.readthedocs.io/en/latest/faq.html#buffer-donation.
  warnings.warn("Some donated buffers were not usable:"
/opt/jax/jax/_src/interpreters/mlir.py:1178: UserWarning: Some donated buffers were not usable: ShapedArray(complex128[144,7,2,43740]).
See an explanation at https://jax.readthedocs.io/en/latest/faq.html#buffer-donation.
  warnings.warn("Some donated buffers were not usable:"
/opt/jax/jax/_src/interpreters/mlir.py:1178: UserWarning: Some donated buffers were not usable: ShapedArray(complex128[144,7,2,43740]).
See an explanation at https://jax.readthedocs.io/en/latest/faq.html#buffer-donation.
  warnings.warn("Some donated buffers were not usable:"
/opt/jax/jax/_src/interpreters/mlir.py:1178: UserWarning: Some donated buffers were not usable: ShapedArray(complex128[144,7,2,43740]).
See an explanation at https://jax.readthedocs.io/en/latest/faq.html#buffer-donation.
  warnings.warn("Some donated buffers were not usable:"
/opt/jax/jax/_src/interpreters/mlir.py:1178: UserWarning: Some donated buffers were not usable: ShapedArray(complex128[144,7,2,43740]).
See an explanation at https://jax.readthedocs.io/en/latest/faq.html#buffer-donation.
  warnings.warn("Some donated buffers were not usable:"
/opt/jax/jax/_src/interpreters/mlir.py:1178: UserWarning: Some donated buffers were not usable: ShapedArray(complex128[144,7,2,43740]).
See an explanation at https://jax.readthedocs.io/en/latest/faq.html#buffer-donation.
  warnings.warn("Some donated buffers were not usable:"
/opt/jax/jax/_src/interpreters/mlir.py:1178: UserWarning: Some donated buffers were not usable: ShapedArray(complex128[144,7,2,43740]).
See an explanation at https://jax.readthedocs.io/en/latest/faq.html#buffer-donation.
  warnings.warn("Some donated buffers were not usable:"
/opt/jax/jax/_src/interpreters/mlir.py:1178: UserWarning: Some donated buffers were not usable: ShapedArray(complex128[144,7,2,43740]).
See an explanation at https://jax.readthedocs.io/en/latest/faq.html#buffer-donation.
  warnings.warn("Some donated buffers were not usable:"
/opt/jax/jax/_src/interpreters/mlir.py:1178: UserWarning: Some donated buffers were not usable: ShapedArray(complex128[144,7,2,43740]).
See an explanation at https://jax.readthedocs.io/en/latest/faq.html#buffer-donation.
  warnings.warn("Some donated buffers were not usable:"
/opt/jax/jax/_src/interpreters/mlir.py:1178: UserWarning: Some donated buffers were not usable: ShapedArray(complex128[144,7,2,43740]).
See an explanation at https://jax.readthedocs.io/en/latest/faq.html#buffer-donation.
  warnings.warn("Some donated buffers were not usable:"
/opt/jax/jax/_src/interpreters/mlir.py:1178: UserWarning: Some donated buffers were not usable: ShapedArray(complex128[144,7,2,43740]).
See an explanation at https://jax.readthedocs.io/en/latest/faq.html#buffer-donation.
  warnings.warn("Some donated buffers were not usable:"
/opt/jax/jax/_src/interpreters/mlir.py:1178: UserWarning: Some donated buffers were not usable: ShapedArray(complex128[144,7,2,43740]).
See an explanation at https://jax.readthedocs.io/en/latest/faq.html#buffer-donation.
  warnings.warn("Some donated buffers were not usable:"
/opt/jax/jax/_src/interpreters/mlir.py:1178: UserWarning: Some donated buffers were not usable: ShapedArray(complex128[144,7,2,43740]).
See an explanation at https://jax.readthedocs.io/en/latest/faq.html#buffer-donation.
  warnings.warn("Some donated buffers were not usable:"
/opt/jax/jax/_src/interpreters/mlir.py:1178: UserWarning: Some donated buffers were not usable: ShapedArray(complex128[144,7,2,43740]).
See an explanation at https://jax.readthedocs.io/en/latest/faq.html#buffer-donation.
  warnings.warn("Some donated buffers were not usable:"
/opt/jax/jax/_src/interpreters/mlir.py:1178: UserWarning: Some donated buffers were not usable: ShapedArray(complex128[144,7,2,43740]).
See an explanation at https://jax.readthedocs.io/en/latest/faq.html#buffer-donation.
  warnings.warn("Some donated buffers were not usable:"
     G accumulation: 4 chunk(s), 3.02s
     Cholesky of G: 0.56s
     ctilde[0] orthogonality error: 9.770e-15
     Total Galerkin: 15.97s
   Loaded wavefunctions: nk=144, nb=28, rank=4032
   rank=4032  nb_ctilde=28  Galerkin 17.1s  fH_R(replicated) = 34.88 GiB/device
   [mem:post-Galerkin] in_use=   1.01 GiB  peak=  14.69 GiB  reserved=   0.00 GiB  limit=  75.29 GiB  largest_free=   0.00 GiB
   |enk(WFN) - enk(restart)| over the window = 0.0000 meV
2026-07-21 16:53:02.094559: E external/xla/xla/service/spmd/spmd_partitioner.cc:620] [spmd] Involuntary full rematerialization. The compiler was not able to go from sharding {devices=[1,4,4]<=[16]} to {devices=[16,1,1]<=[16]} without doing a full rematerialization of the tensor for HLO operation: %copy.1 = c128[32,1008,1008]{2,1,0} copy(%dot), sharding={devices=[1,4,4]<=[16]}, metadata={op_name="jit(_q_batch)/jit(main)/sharding_constraint" source_file="/pscratch/sd/j/jackm/lorrax_sandbox/sources/worktrees/lorrax_bse_exciton_conv/src/bandstructure/bse_setup.py" source_line=204}. You probably want to enrich the sharding annotations to prevent this from happening.
2026-07-21 16:53:02.109576: E external/xla/xla/service/spmd/spmd_partitioner.cc:620] [spmd] Involuntary full rematerialization. The compiler was not able to go from sharding {devices=[1,4,4]<=[16]} to {devices=[16,1,1]<=[16]} without doing a full rematerialization of the tensor for HLO operation: %copy.1 = c128[32,1008,1008]{2,1,0} copy(%dot), sharding={devices=[1,4,4]<=[16]}, metadata={op_name="jit(_q_batch)/jit(main)/sharding_constraint" source_file="/pscratch/sd/j/jackm/lorrax_sandbox/sources/worktrees/lorrax_bse_exciton_conv/src/bandstructure/bse_setup.py" source_line=204}. You probably want to enrich the sharding annotations to prevent this from happening.
2026-07-21 16:53:02.145648: E external/xla/xla/service/spmd/spmd_partitioner.cc:620] [spmd] Involuntary full rematerialization. The compiler was not able to go from sharding {devices=[1,4,4]<=[16]} to {devices=[16,1,1]<=[16]} without doing a full rematerialization of the tensor for HLO operation: %copy.1 = c128[32,1008,1008]{2,1,0} copy(%dot), sharding={devices=[1,4,4]<=[16]}, metadata={op_name="jit(_q_batch)/jit(main)/sharding_constraint" source_file="/pscratch/sd/j/jackm/lorrax_sandbox/sources/worktrees/lorrax_bse_exciton_conv/src/bandstructure/bse_setup.py" source_line=204}. You probably want to enrich the sharding annotations to prevent this from happening.
2026-07-21 16:53:02.166080: E external/xla/xla/service/spmd/spmd_partitioner.cc:620] [spmd] Involuntary full rematerialization. The compiler was not able to go from sharding {devices=[1,4,4]<=[16]} to {devices=[16,1,1]<=[16]} without doing a full rematerialization of the tensor for HLO operation: %copy.1 = c128[32,1008,1008]{2,1,0} copy(%dot), sharding={devices=[1,4,4]<=[16]}, metadata={op_name="jit(_q_batch)/jit(main)/sharding_constraint" source_file="/pscratch/sd/j/jackm/lorrax_sandbox/sources/worktrees/lorrax_bse_exciton_conv/src/bandstructure/bse_setup.py" source_line=204}. You probably want to enrich the sharding annotations to prevent this from happening.
2026-07-21 16:53:04.011391: E external/xla/xla/service/spmd/spmd_partitioner.cc:620] [spmd] Involuntary full rematerialization. The compiler was not able to go from sharding {devices=[1,4,4]<=[16]} to {devices=[16,1,1]<=[16]} without doing a full rematerialization of the tensor for HLO operation: %copy.1 = c128[32,1008,1008]{2,1,0} copy(%dot), sharding={devices=[1,4,4]<=[16]}, metadata={op_name="jit(_q_batch)/jit(main)/sharding_constraint" source_file="/pscratch/sd/j/jackm/lorrax_sandbox/sources/worktrees/lorrax_bse_exciton_conv/src/bandstructure/bse_setup.py" source_line=204}. You probably want to enrich the sharding annotations to prevent this from happening.
2026-07-21 16:53:04.013277: E external/xla/xla/service/spmd/spmd_partitioner.cc:620] [spmd] Involuntary full rematerialization. The compiler was not able to go from sharding {devices=[1,4,4]<=[16]} to {devices=[16,1,1]<=[16]} without doing a full rematerialization of the tensor for HLO operation: %copy.1 = c128[32,1008,1008]{2,1,0} copy(%dot), sharding={devices=[1,4,4]<=[16]}, metadata={op_name="jit(_q_batch)/jit(main)/sharding_constraint" source_file="/pscratch/sd/j/jackm/lorrax_sandbox/sources/worktrees/lorrax_bse_exciton_conv/src/bandstructure/bse_setup.py" source_line=204}. You probably want to enrich the sharding annotations to prevent this from happening.
2026-07-21 16:53:04.190091: E external/xla/xla/service/spmd/spmd_partitioner.cc:620] [spmd] Involuntary full rematerialization. The compiler was not able to go from sharding {devices=[1,4,4]<=[16]} to {devices=[16,1,1]<=[16]} without doing a full rematerialization of the tensor for HLO operation: %copy.1 = c128[32,1008,1008]{2,1,0} copy(%dot), sharding={devices=[1,4,4]<=[16]}, metadata={op_name="jit(_q_batch)/jit(main)/sharding_constraint" source_file="/pscratch/sd/j/jackm/lorrax_sandbox/sources/worktrees/lorrax_bse_exciton_conv/src/bandstructure/bse_setup.py" source_line=204}. You probably want to enrich the sharding annotations to prevent this from happening.
2026-07-21 16:53:04.202546: E external/xla/xla/service/spmd/spmd_partitioner.cc:620] [spmd] Involuntary full rematerialization. The compiler was not able to go from sharding {devices=[1,4,4]<=[16]} to {devices=[16,1,1]<=[16]} without doing a full rematerialization of the tensor for HLO operation: %copy.1 = c128[32,1008,1008]{2,1,0} copy(%dot), sharding={devices=[1,4,4]<=[16]}, metadata={op_name="jit(_q_batch)/jit(main)/sharding_constraint" source_file="/pscratch/sd/j/jackm/lorrax_sandbox/sources/worktrees/lorrax_bse_exciton_conv/src/bandstructure/bse_setup.py" source_line=204}. You probably want to enrich the sharding annotations to prevent this from happening.
2026-07-21 16:53:04.270048: E external/xla/xla/service/spmd/spmd_partitioner.cc:620] [spmd] Involuntary full rematerialization. The compiler was not able to go from sharding {devices=[1,4,4]<=[16]} to {devices=[16,1,1]<=[16]} without doing a full rematerialization of the tensor for HLO operation: %copy.1 = c128[32,1008,1008]{2,1,0} copy(%dot), sharding={devices=[1,4,4]<=[16]}, metadata={op_name="jit(_q_batch)/jit(main)/sharding_constraint" source_file="/pscratch/sd/j/jackm/lorrax_sandbox/sources/worktrees/lorrax_bse_exciton_conv/src/bandstructure/bse_setup.py" source_line=204}. You probably want to enrich the sharding annotations to prevent this from happening.
2026-07-21 16:53:04.306801: E external/xla/xla/service/spmd/spmd_partitioner.cc:620] [spmd] Involuntary full rematerialization. The compiler was not able to go from sharding {devices=[1,4,4]<=[16]} to {devices=[16,1,1]<=[16]} without doing a full rematerialization of the tensor for HLO operation: %copy.1 = c128[32,1008,1008]{2,1,0} copy(%dot), sharding={devices=[1,4,4]<=[16]}, metadata={op_name="jit(_q_batch)/jit(main)/sharding_constraint" source_file="/pscratch/sd/j/jackm/lorrax_sandbox/sources/worktrees/lorrax_bse_exciton_conv/src/bandstructure/bse_setup.py" source_line=204}. You probably want to enrich the sharding annotations to prevent this from happening.
2026-07-21 16:53:04.316402: E external/xla/xla/service/spmd/spmd_partitioner.cc:620] [spmd] Involuntary full rematerialization. The compiler was not able to go from sharding {devices=[1,4,4]<=[16]} to {devices=[16,1,1]<=[16]} without doing a full rematerialization of the tensor for HLO operation: %copy.1 = c128[32,1008,1008]{2,1,0} copy(%dot), sharding={devices=[1,4,4]<=[16]}, metadata={op_name="jit(_q_batch)/jit(main)/sharding_constraint" source_file="/pscratch/sd/j/jackm/lorrax_sandbox/sources/worktrees/lorrax_bse_exciton_conv/src/bandstructure/bse_setup.py" source_line=204}. You probably want to enrich the sharding annotations to prevent this from happening.
2026-07-21 16:53:04.325911: E external/xla/xla/service/spmd/spmd_partitioner.cc:620] [spmd] Involuntary full rematerialization. The compiler was not able to go from sharding {devices=[1,4,4]<=[16]} to {devices=[16,1,1]<=[16]} without doing a full rematerialization of the tensor for HLO operation: %copy.1 = c128[32,1008,1008]{2,1,0} copy(%dot), sharding={devices=[1,4,4]<=[16]}, metadata={op_name="jit(_q_batch)/jit(main)/sharding_constraint" source_file="/pscratch/sd/j/jackm/lorrax_sandbox/sources/worktrees/lorrax_bse_exciton_conv/src/bandstructure/bse_setup.py" source_line=204}. You probably want to enrich the sharding annotations to prevent this from happening.
2026-07-21 16:53:04.395973: E external/xla/xla/service/spmd/spmd_partitioner.cc:620] [spmd] Involuntary full rematerialization. The compiler was not able to go from sharding {devices=[1,4,4]<=[16]} to {devices=[16,1,1]<=[16]} without doing a full rematerialization of the tensor for HLO operation: %copy.1 = c128[32,1008,1008]{2,1,0} copy(%dot), sharding={devices=[1,4,4]<=[16]}, metadata={op_name="jit(_q_batch)/jit(main)/sharding_constraint" source_file="/pscratch/sd/j/jackm/lorrax_sandbox/sources/worktrees/lorrax_bse_exciton_conv/src/bandstructure/bse_setup.py" source_line=204}. You probably want to enrich the sharding annotations to prevent this from happening.
2026-07-21 16:53:04.403568: E external/xla/xla/service/spmd/spmd_partitioner.cc:620] [spmd] Involuntary full rematerialization. The compiler was not able to go from sharding {devices=[1,4,4]<=[16]} to {devices=[16,1,1]<=[16]} without doing a full rematerialization of the tensor for HLO operation: %copy.1 = c128[32,1008,1008]{2,1,0} copy(%dot), sharding={devices=[1,4,4]<=[16]}, metadata={op_name="jit(_q_batch)/jit(main)/sharding_constraint" source_file="/pscratch/sd/j/jackm/lorrax_sandbox/sources/worktrees/lorrax_bse_exciton_conv/src/bandstructure/bse_setup.py" source_line=204}. You probably want to enrich the sharding annotations to prevent this from happening.
2026-07-21 16:53:04.403747: E external/xla/xla/service/spmd/spmd_partitioner.cc:620] [spmd] Involuntary full rematerialization. The compiler was not able to go from sharding {devices=[1,4,4]<=[16]} to {devices=[16,1,1]<=[16]} without doing a full rematerialization of the tensor for HLO operation: %copy.1 = c128[32,1008,1008]{2,1,0} copy(%dot), sharding={devices=[1,4,4]<=[16]}, metadata={op_name="jit(_q_batch)/jit(main)/sharding_constraint" source_file="/pscratch/sd/j/jackm/lorrax_sandbox/sources/worktrees/lorrax_bse_exciton_conv/src/bandstructure/bse_setup.py" source_line=204}. You probably want to enrich the sharding annotations to prevent this from happening.
2026-07-21 16:53:04.426224: E external/xla/xla/service/spmd/spmd_partitioner.cc:620] [spmd] Involuntary full rematerialization. The compiler was not able to go from sharding {devices=[1,4,4]<=[16]} to {devices=[16,1,1]<=[16]} without doing a full rematerialization of the tensor for HLO operation: %copy.1 = c128[32,1008,1008]{2,1,0} copy(%dot), sharding={devices=[1,4,4]<=[16]}, metadata={op_name="jit(_q_batch)/jit(main)/sharding_constraint" source_file="/pscratch/sd/j/jackm/lorrax_sandbox/sources/worktrees/lorrax_bse_exciton_conv/src/bandstructure/bse_setup.py" source_line=204}. You probably want to enrich the sharding annotations to prevent this from happening.
  [gate] htransform@Γ vs stored: max|Δε_c| = 0.000 meV, conduction-subspace overlap min-sval = 0.9544
   [DFT] sval spectrum @ worst k=105: 1.044 1.022 1.017 1.011 0.991 0.985 0.977 0.954 | per-band min_k |<ht|st>|: 0.502 0.502 0.471 0.471 0.505 0.505 0.179 0.179
   [DFT] gate max|d eps_c| =    0.000 meV   min-sval = 0.9544   recon =    0.000 meV   d2 =  1852.26 meV   (PASS)  [55s grid + 0s path]
2026-07-21 16:53:56.560479: E external/xla/xla/service/spmd/spmd_partitioner.cc:620] [spmd] Involuntary full rematerialization. The compiler was not able to go from sharding {devices=[1,4,4]<=[16]} to {devices=[16,1,1]<=[16]} without doing a full rematerialization of the tensor for HLO operation: %copy.1 = c128[32,1008,1008]{2,1,0} copy(%dot), sharding={devices=[1,4,4]<=[16]}, metadata={op_name="jit(_q_batch)/jit(main)/sharding_constraint" source_file="/pscratch/sd/j/jackm/lorrax_sandbox/sources/worktrees/lorrax_bse_exciton_conv/src/bandstructure/bse_setup.py" source_line=204}. You probably want to enrich the sharding annotations to prevent this from happening.
2026-07-21 16:53:56.579342: E external/xla/xla/service/spmd/spmd_partitioner.cc:620] [spmd] Involuntary full rematerialization. The compiler was not able to go from sharding {devices=[1,4,4]<=[16]} to {devices=[16,1,1]<=[16]} without doing a full rematerialization of the tensor for HLO operation: %copy.1 = c128[32,1008,1008]{2,1,0} copy(%dot), sharding={devices=[1,4,4]<=[16]}, metadata={op_name="jit(_q_batch)/jit(main)/sharding_constraint" source_file="/pscratch/sd/j/jackm/lorrax_sandbox/sources/worktrees/lorrax_bse_exciton_conv/src/bandstructure/bse_setup.py" source_line=204}. You probably want to enrich the sharding annotations to prevent this from happening.
2026-07-21 16:53:56.635431: E external/xla/xla/service/spmd/spmd_partitioner.cc:620] [spmd] Involuntary full rematerialization. The compiler was not able to go from sharding {devices=[1,4,4]<=[16]} to {devices=[16,1,1]<=[16]} without doing a full rematerialization of the tensor for HLO operation: %copy.1 = c128[32,1008,1008]{2,1,0} copy(%dot), sharding={devices=[1,4,4]<=[16]}, metadata={op_name="jit(_q_batch)/jit(main)/sharding_constraint" source_file="/pscratch/sd/j/jackm/lorrax_sandbox/sources/worktrees/lorrax_bse_exciton_conv/src/bandstructure/bse_setup.py" source_line=204}. You probably want to enrich the sharding annotations to prevent this from happening.
2026-07-21 16:53:56.636974: E external/xla/xla/service/spmd/spmd_partitioner.cc:620] [spmd] Involuntary full rematerialization. The compiler was not able to go from sharding {devices=[1,4,4]<=[16]} to {devices=[16,1,1]<=[16]} without doing a full rematerialization of the tensor for HLO operation: %copy.1 = c128[32,1008,1008]{2,1,0} copy(%dot), sharding={devices=[1,4,4]<=[16]}, metadata={op_name="jit(_q_batch)/jit(main)/sharding_constraint" source_file="/pscratch/sd/j/jackm/lorrax_sandbox/sources/worktrees/lorrax_bse_exciton_conv/src/bandstructure/bse_setup.py" source_line=204}. You probably want to enrich the sharding annotations to prevent this from happening.
2026-07-21 16:53:58.548693: E external/xla/xla/service/spmd/spmd_partitioner.cc:620] [spmd] Involuntary full rematerialization. The compiler was not able to go from sharding {devices=[1,4,4]<=[16]} to {devices=[16,1,1]<=[16]} without doing a full rematerialization of the tensor for HLO operation: %copy.1 = c128[32,1008,1008]{2,1,0} copy(%dot), sharding={devices=[1,4,4]<=[16]}, metadata={op_name="jit(_q_batch)/jit(main)/sharding_constraint" source_file="/pscratch/sd/j/jackm/lorrax_sandbox/sources/worktrees/lorrax_bse_exciton_conv/src/bandstructure/bse_setup.py" source_line=204}. You probably want to enrich the sharding annotations to prevent this from happening.
2026-07-21 16:53:58.550832: E external/xla/xla/service/spmd/spmd_partitioner.cc:620] [spmd] Involuntary full rematerialization. The compiler was not able to go from sharding {devices=[1,4,4]<=[16]} to {devices=[16,1,1]<=[16]} without doing a full rematerialization of the tensor for HLO operation: %copy.1 = c128[32,1008,1008]{2,1,0} copy(%dot), sharding={devices=[1,4,4]<=[16]}, metadata={op_name="jit(_q_batch)/jit(main)/sharding_constraint" source_file="/pscratch/sd/j/jackm/lorrax_sandbox/sources/worktrees/lorrax_bse_exciton_conv/src/bandstructure/bse_setup.py" source_line=204}. You probably want to enrich the sharding annotations to prevent this from happening.
2026-07-21 16:53:58.560341: E external/xla/xla/service/spmd/spmd_partitioner.cc:620] [spmd] Involuntary full rematerialization. The compiler was not able to go from sharding {devices=[1,4,4]<=[16]} to {devices=[16,1,1]<=[16]} without doing a full rematerialization of the tensor for HLO operation: %copy.1 = c128[32,1008,1008]{2,1,0} copy(%dot), sharding={devices=[1,4,4]<=[16]}, metadata={op_name="jit(_q_batch)/jit(main)/sharding_constraint" source_file="/pscratch/sd/j/jackm/lorrax_sandbox/sources/worktrees/lorrax_bse_exciton_conv/src/bandstructure/bse_setup.py" source_line=204}. You probably want to enrich the sharding annotations to prevent this from happening.
2026-07-21 16:53:58.569795: E external/xla/xla/service/spmd/spmd_partitioner.cc:620] [spmd] Involuntary full rematerialization. The compiler was not able to go from sharding {devices=[1,4,4]<=[16]} to {devices=[16,1,1]<=[16]} without doing a full rematerialization of the tensor for HLO operation: %copy.1 = c128[32,1008,1008]{2,1,0} copy(%dot), sharding={devices=[1,4,4]<=[16]}, metadata={op_name="jit(_q_batch)/jit(main)/sharding_constraint" source_file="/pscratch/sd/j/jackm/lorrax_sandbox/sources/worktrees/lorrax_bse_exciton_conv/src/bandstructure/bse_setup.py" source_line=204}. You probably want to enrich the sharding annotations to prevent this from happening.
2026-07-21 16:53:58.667192: E external/xla/xla/service/spmd/spmd_partitioner.cc:620] [spmd] Involuntary full rematerialization. The compiler was not able to go from sharding {devices=[1,4,4]<=[16]} to {devices=[16,1,1]<=[16]} without doing a full rematerialization of the tensor for HLO operation: %copy.1 = c128[32,1008,1008]{2,1,0} copy(%dot), sharding={devices=[1,4,4]<=[16]}, metadata={op_name="jit(_q_batch)/jit(main)/sharding_constraint" source_file="/pscratch/sd/j/jackm/lorrax_sandbox/sources/worktrees/lorrax_bse_exciton_conv/src/bandstructure/bse_setup.py" source_line=204}. You probably want to enrich the sharding annotations to prevent this from happening.
2026-07-21 16:53:58.667374: E external/xla/xla/service/spmd/spmd_partitioner.cc:620] [spmd] Involuntary full rematerialization. The compiler was not able to go from sharding {devices=[1,4,4]<=[16]} to {devices=[16,1,1]<=[16]} without doing a full rematerialization of the tensor for HLO operation: %copy.1 = c128[32,1008,1008]{2,1,0} copy(%dot), sharding={devices=[1,4,4]<=[16]}, metadata={op_name="jit(_q_batch)/jit(main)/sharding_constraint" source_file="/pscratch/sd/j/jackm/lorrax_sandbox/sources/worktrees/lorrax_bse_exciton_conv/src/bandstructure/bse_setup.py" source_line=204}. You probably want to enrich the sharding annotations to prevent this from happening.
2026-07-21 16:53:58.692859: E external/xla/xla/service/spmd/spmd_partitioner.cc:620] [spmd] Involuntary full rematerialization. The compiler was not able to go from sharding {devices=[1,4,4]<=[16]} to {devices=[16,1,1]<=[16]} without doing a full rematerialization of the tensor for HLO operation: %copy.1 = c128[32,1008,1008]{2,1,0} copy(%dot), sharding={devices=[1,4,4]<=[16]}, metadata={op_name="jit(_q_batch)/jit(main)/sharding_constraint" source_file="/pscratch/sd/j/jackm/lorrax_sandbox/sources/worktrees/lorrax_bse_exciton_conv/src/bandstructure/bse_setup.py" source_line=204}. You probably want to enrich the sharding annotations to prevent this from happening.
2026-07-21 16:53:58.693563: E external/xla/xla/service/spmd/spmd_partitioner.cc:620] [spmd] Involuntary full rematerialization. The compiler was not able to go from sharding {devices=[1,4,4]<=[16]} to {devices=[16,1,1]<=[16]} without doing a full rematerialization of the tensor for HLO operation: %copy.1 = c128[32,1008,1008]{2,1,0} copy(%dot), sharding={devices=[1,4,4]<=[16]}, metadata={op_name="jit(_q_batch)/jit(main)/sharding_constraint" source_file="/pscratch/sd/j/jackm/lorrax_sandbox/sources/worktrees/lorrax_bse_exciton_conv/src/bandstructure/bse_setup.py" source_line=204}. You probably want to enrich the sharding annotations to prevent this from happening.
2026-07-21 16:53:58.708318: E external/xla/xla/service/spmd/spmd_partitioner.cc:620] [spmd] Involuntary full rematerialization. The compiler was not able to go from sharding {devices=[1,4,4]<=[16]} to {devices=[16,1,1]<=[16]} without doing a full rematerialization of the tensor for HLO operation: %copy.1 = c128[32,1008,1008]{2,1,0} copy(%dot), sharding={devices=[1,4,4]<=[16]}, metadata={op_name="jit(_q_batch)/jit(main)/sharding_constraint" source_file="/pscratch/sd/j/jackm/lorrax_sandbox/sources/worktrees/lorrax_bse_exciton_conv/src/bandstructure/bse_setup.py" source_line=204}. You probably want to enrich the sharding annotations to prevent this from happening.
2026-07-21 16:53:58.709458: E external/xla/xla/service/spmd/spmd_partitioner.cc:620] [spmd] Involuntary full rematerialization. The compiler was not able to go from sharding {devices=[1,4,4]<=[16]} to {devices=[16,1,1]<=[16]} without doing a full rematerialization of the tensor for HLO operation: %copy.1 = c128[32,1008,1008]{2,1,0} copy(%dot), sharding={devices=[1,4,4]<=[16]}, metadata={op_name="jit(_q_batch)/jit(main)/sharding_constraint" source_file="/pscratch/sd/j/jackm/lorrax_sandbox/sources/worktrees/lorrax_bse_exciton_conv/src/bandstructure/bse_setup.py" source_line=204}. You probably want to enrich the sharding annotations to prevent this from happening.
2026-07-21 16:53:58.999125: E external/xla/xla/service/spmd/spmd_partitioner.cc:620] [spmd] Involuntary full rematerialization. The compiler was not able to go from sharding {devices=[1,4,4]<=[16]} to {devices=[16,1,1]<=[16]} without doing a full rematerialization of the tensor for HLO operation: %copy.1 = c128[32,1008,1008]{2,1,0} copy(%dot), sharding={devices=[1,4,4]<=[16]}, metadata={op_name="jit(_q_batch)/jit(main)/sharding_constraint" source_file="/pscratch/sd/j/jackm/lorrax_sandbox/sources/worktrees/lorrax_bse_exciton_conv/src/bandstructure/bse_setup.py" source_line=204}. You probably want to enrich the sharding annotations to prevent this from happening.
2026-07-21 16:53:58.999961: E external/xla/xla/service/spmd/spmd_partitioner.cc:620] [spmd] Involuntary full rematerialization. The compiler was not able to go from sharding {devices=[1,4,4]<=[16]} to {devices=[16,1,1]<=[16]} without doing a full rematerialization of the tensor for HLO operation: %copy.1 = c128[32,1008,1008]{2,1,0} copy(%dot), sharding={devices=[1,4,4]<=[16]}, metadata={op_name="jit(_q_batch)/jit(main)/sharding_constraint" source_file="/pscratch/sd/j/jackm/lorrax_sandbox/sources/worktrees/lorrax_bse_exciton_conv/src/bandstructure/bse_setup.py" source_line=204}. You probably want to enrich the sharding annotations to prevent this from happening.
  [gate] htransform@Γ vs stored: max|Δε_c| = 57.902 meV, conduction-subspace overlap min-sval = 0.9544
  [warn] on-grid conduction ENERGY error 57.9 meV ≫ the ~1-2 meV htransform floor — the interp basis is over-packed: 640-scale centroids cannot orthonormalize high oscillatory bands, so their non-orthonormal Galerkin coeffs pollute fH=Σf(ε)ccᴴ.  Reduce nband toward the BSE window (a few guard bands).
   [QP] sval spectrum @ worst k=105: 1.044 1.022 1.017 1.011 0.991 0.985 0.977 0.954 | per-band min_k |<ht|st>|: 0.000 0.000 0.000 0.000 0.000 0.000 0.000 0.000
   [QP] gate max|d eps_c| =   57.902 meV   min-sval = 0.9544   recon =    0.000 meV   d2 =  2268.58 meV   (FAIL)  [53s grid + 0s path]

======================================================================================================================
  nb     window   rank   nk*nb     ortho  fH_R GiB |  DFT gate    sval     recon       d2 |   QP gate    sval     recon       d2 | verdict
----------------------------------------------------------------------------------------------------------------------
  28 [12, 40)     4032    4032  9.77e-15     34.88 |     0.000  0.9544     0.000  1852.26 |    57.902  0.9544     0.000  2268.58 | FAIL
======================================================================================================================
capacity rule: nb < nspinor*n_mu/nk = 33.50
Traceback (most recent call last):
  File "/pscratch/sd/j/jackm/lorrax_sandbox/reports/bse_exciton_converged_2026-07-21/window_sweep.py", line 346, in <module>
    np.savez(npz, x_path=np.asarray(x_path), node_idx=np.asarray(node_idx),
TypeError: numpy.savez() got multiple values for keyword argument 'x_path'
srun: error: nid008312: task 0: Exited with exit code 1
srun: Terminating StepId=56288029.56
