=== mu_run kg=6x6x6 variant=bfc_pre95 ===
[lxrun] JID 53096549 · 1 nodes · 7:00 left · 1/1 free · incoming: lx-B
  1  nid008505  free   —              —      —  ← starting lx-B  python3 -u -m gw.gw_jax 

========================================================================
  COHSEX-JAX: Self-Energy Calculation
========================================================================
  Backend: GPU       Devices: 4  Mesh: 2×2  Processes: 4
  Device type: NVIDIA A100-SXM4-80GB
  XLA preallocate: true  mem_fraction: 0.95
  XLA pool: limit=80.84 GB, in_use=0.00 GB, avail=80.84 GB
========================================================================

  ISDF basis: 1348 centroids
  FFT grid: 24×24×24   Cell volume: 270.11 a.u.³

    K-point chunking: 208 k-pts per FFT batch (total 216)
    K-point chunking: 208 k-pts per FFT batch (total 216)
    K-point chunking: 208 k-pts per FFT batch (total 216)
    K-point chunking: 208 k-pts per FFT batch (total 216)
    Memory estimate: peak 27.10 GB (budget 28.00 GB), bottleneck=zct
    Per-stage: fft=22.81  zct=27.10  reshard=6.98  solve=5.91  gather=4.67 GB
    AOT fit_one_rchunk peak (driver-level): 13.12 GB

  G-flat memory model — chunk plan + HWM estimate
    band_chunk         = 128
    r_chunk            = 1348  (11 chunks)
    gflat_chunk_size   = 100
    budget             = 28.00 GB/dev
    HWM estimate       = 24.82 GB/dev (89% of budget) [bottleneck: C_fit_one_rchunk]
    peak totals (GB/dev):
      C_fit_one_rchunk........   24.82
      B_CCT_chol..............   17.58
      D_accumulate............    6.03
      E_v_q...................    3.51
      A_centroid..............    0.75
    per-peak components (GB/dev):
      [A]
        centroid_out_filling..   0.466
        fft_box...............   0.226
        phase_table...........   0.048
        sphere_idx_replicated.   0.012
      [B]
        P_l_plus_P_r_open_spin  12.560
        centroids_persistent..   1.863
        C_q...................   1.570
        L_q...................   1.570
        sphere_idx_replicated.   0.012
      [C]
        P_pair_concurrent_slots  18.840
        centroids_persist.....   1.863
        L_q...................   1.570
        zeta_out..............   1.570
        gflat_acc.............   0.966
        sphere_idx_replicated.   0.012
      [D]
        centroids_persist.....   1.863
        L_q...................   1.570
        zeta_chunk............   1.570
        gflat_acc.............   0.966
        accumulate_fft_box....   0.044
        sphere_idx_replicated.   0.012
      [E]
        V_acc.................   1.570
        V_acc_full_BZ.........   1.570
        zeta_L_all............   0.966
        psi_centroids_persistent   0.932
        sphere_idx_replicated.   0.012
        zeta_L_on_x_axis......   0.009
        zeta_R_on_y_axis......   0.009
        V_q_block.............   0.007
        v_q_table_replicated..   0.003
        g0_acc................   0.002
        lorentz_mix_buffer....   0.000

  Chunked ISDF fitting:
    Band chunks: 128
    R chunks:    1348 (contiguous r-space)
    Q chunks:    202
    GFlat cs:    100
    Zeta output: /pscratch/sd/j/jackm/lorrax_sandbox/runs/Si/KGRID_nonbispinor_2026-05-18/6x6x6/mu_run/tmp/zeta_q.h5
    cutoffs: zeta = 25.0 Ry, bare-Coulomb = 25.0 Ry  (ecutwfc=25.0, ecutrho=100.0)
[mem_probe zeta_fit_start] in_use=0.96 GB  peak=8.36 GB  live_count=53 live_total=1.91 GB  nvsmi=76.82 GB nvsmi_peak=76.82 GB
[mem_probe zeta_fit_start]   complex128 (216, 1348, 100, 2) x 1 = 0.93 GB
[mem_probe zeta_fit_start]   complex128 (216, 100, 2, 1348) x 1 = 0.93 GB
[mem_probe zeta_fit_start]   complex128 (216, 1348) x 6 = 0.03 GB
[mem_probe zeta_fit_start]   int32 (216, 24, 24, 24) x 1 = 0.01 GB
[mem_probe zeta_fit_start]   complex128 (216, 588) x 1 = 0.00 GB
[mem_probe zeta_fit_start]   int32 (1348, 3) x 2 = 0.00 GB
[mem_probe zeta_fit_start]   complex128 (216, 2, 2) x 1 = 0.00 GB
[mem_probe zeta_fit_start]   int32 (216,) x 3 = 0.00 GB
[mem_probe zeta_fit_start]   complex128 (4, 4) x 10 = 0.00 GB
[mem_probe zeta_fit_start]   complex128 (4,) x 8 = 0.00 GB

  Zeta fitting: 11 r-chunks x 1348 r-points, 100 bands (100 left + 100 right)
  Output: /pscratch/sd/j/jackm/lorrax_sandbox/runs/Si/KGRID_nonbispinor_2026-05-18/6x6x6/mu_run/tmp/zeta_q.h5
  Left wfns:  (216, 100, 2, 1348)
  Right wfns: (216, 100, 2, 1348)
  Computing C_q via shard_map pipeline (open-spin, charge γ̃^0=I)
  Computing L_q = chol(C_q)  [PSD, charge channel, path=cusolvermp_cholesky]

  Zeta fitting: 11 r-chunks x 1348 r-points, 100 bands (100 left + 100 right)
  Output: /pscratch/sd/j/jackm/lorrax_sandbox/runs/Si/KGRID_nonbispinor_2026-05-18/6x6x6/mu_run/tmp/zeta_q.h5

  Zeta fitting: 11 r-chunks x 1348 r-points, 100 bands (100 left + 100 right)
  Output: /pscratch/sd/j/jackm/lorrax_sandbox/runs/Si/KGRID_nonbispinor_2026-05-18/6x6x6/mu_run/tmp/zeta_q.h5

  Zeta fitting: 11 r-chunks x 1348 r-points, 100 bands (100 left + 100 right)
  Output: /pscratch/sd/j/jackm/lorrax_sandbox/runs/Si/KGRID_nonbispinor_2026-05-18/6x6x6/mu_run/tmp/zeta_q.h5
  Left wfns:  (216, 100, 2, 1348)
  Right wfns: (216, 100, 2, 1348)
  Left wfns:  (216, 100, 2, 1348)
  Right wfns: (216, 100, 2, 1348)
  Left wfns:  (216, 100, 2, 1348)
  Right wfns: (216, 100, 2, 1348)
  Computing C_q via shard_map pipeline (open-spin, charge γ̃^0=I)
  Computing C_q via shard_map pipeline (open-spin, charge γ̃^0=I)
  Computing C_q via shard_map pipeline (open-spin, charge γ̃^0=I)
  Computing L_q = chol(C_q)  [PSD, charge channel, path=cusolvermp_cholesky]
  Computing L_q = chol(C_q)  [PSD, charge channel, path=cusolvermp_cholesky]
  Computing L_q = chol(C_q)  [PSD, charge channel, path=cusolvermp_cholesky]
[lorrax cusolverMp] library 0.7.2, NCCL 2.26.3, comm path: NCCL, grid: 2x2 (row-major)
  L_q: (216, 1348, 1348)
  L_q: (216, 1348, 1348)
  L_q: (216, 1348, 1348)
  L_q: (216, 1348, 1348)
  q axis on disk: full BZ (216 q-points) (write_ibz_only=False or closure check failed)
  q axis on disk: full BZ (216 q-points) (write_ibz_only=False or closure check failed)
  q axis on disk: full BZ (216 q-points) (write_ibz_only=False or closure check failed)
  q axis on disk: full BZ (216 q-points) (write_ibz_only=False or closure check failed)
  G-flat ζ sphere: ngkmax=588, min ngk=537, max ngk=588 (4.253% of n_rtot)
/global/homes/j/jackm/software/lorrax_B/src/file_io/_slab_io_ffi.py:453: UserWarning: FFI backend: chunks/attrs on create_dataset currently no-op; pre-create with h5py if you need explicit chunking or attrs.
  warnings.warn(
/global/homes/j/jackm/software/lorrax_B/src/file_io/_slab_io_ffi.py:453: UserWarning: FFI backend: chunks/attrs on create_dataset currently no-op; pre-create with h5py if you need explicit chunking or attrs.
  warnings.warn(
/global/homes/j/jackm/software/lorrax_B/src/file_io/_slab_io_ffi.py:453: UserWarning: FFI backend: chunks/attrs on create_dataset currently no-op; pre-create with h5py if you need explicit chunking or attrs.
  warnings.warn(
/global/homes/j/jackm/software/lorrax_B/src/file_io/_slab_io_ffi.py:453: UserWarning: FFI backend: chunks/attrs on create_dataset currently no-op; pre-create with h5py if you need explicit chunking or attrs.
  warnings.warn(
  ψ(G-flat) host cache: 0.10 GB/process resident
  G-flat ζ accumulator: N=72792 rows/rank (n_q=216 × n_mu_local=337); chunk_size=100 → per-iter FFT box 0.02 GB/rank
[mem_probe pre_rchunk_loop] in_use=5.08 GB  peak=23.23 GB  live_count=63 live_total=14.65 GB  nvsmi=78.01 GB nvsmi_peak=78.01 GB
[mem_probe pre_rchunk_loop]   complex128 (216, 1348, 1348) x 1 = 6.28 GB
[mem_probe pre_rchunk_loop]   complex128 (216, 1348, 100, 2) x 3 = 2.80 GB
[mem_probe pre_rchunk_loop]   complex128 (216, 100, 2, 1348) x 3 = 2.80 GB
[mem_probe pre_rchunk_loop]   complex128 (216, 1348, 588) x 1 = 2.74 GB
[mem_probe pre_rchunk_loop]   complex128 (216, 1348) x 6 = 0.03 GB
[mem_probe pre_rchunk_loop]   int32 (216, 24, 24, 24) x 1 = 0.01 GB
[mem_probe pre_rchunk_loop]   complex128 (216, 588) x 1 = 0.00 GB
[mem_probe pre_rchunk_loop]   int32 (1348, 3) x 2 = 0.00 GB
[mem_probe pre_rchunk_loop]   complex128 (216, 2, 2) x 1 = 0.00 GB
[mem_probe pre_rchunk_loop]   float64 (216, 3) x 2 = 0.00 GB
[mem_probe rchunk_start chunk=0] in_use=5.08 GB  peak=23.23 GB  live_count=63 live_total=14.65 GB  nvsmi=78.01 GB nvsmi_peak=78.01 GB
[mem_probe rchunk_start chunk=0]   complex128 (216, 1348, 1348) x 1 = 6.28 GB
[mem_probe rchunk_start chunk=0]   complex128 (216, 1348, 100, 2) x 3 = 2.80 GB
[mem_probe rchunk_start chunk=0]   complex128 (216, 100, 2, 1348) x 3 = 2.80 GB
[mem_probe rchunk_start chunk=0]   complex128 (216, 1348, 588) x 1 = 2.74 GB
[mem_probe rchunk_start chunk=0]   complex128 (216, 1348) x 6 = 0.03 GB
[mem_probe rchunk_start chunk=0]   int32 (216, 24, 24, 24) x 1 = 0.01 GB
[mem_probe rchunk_start chunk=0]   complex128 (216, 588) x 1 = 0.00 GB
[mem_probe rchunk_start chunk=0]   int32 (1348, 3) x 2 = 0.00 GB
[mem_probe rchunk_start chunk=0]   complex128 (216, 2, 2) x 1 = 0.00 GB
[mem_probe rchunk_start chunk=0]   float64 (216, 3) x 2 = 0.00 GB
[rchunk_dbg]   z_q_build=1195ms solve=2325ms
[mem_probe after_fit_one_rchunk chunk=0] in_use=6.65 GB  peak=26.42 GB  live_count=64 live_total=20.93 GB  nvsmi=78.20 GB nvsmi_peak=78.20 GB
[mem_probe after_fit_one_rchunk chunk=0]   complex128 (216, 1348, 1348) x 2 = 12.56 GB
[mem_probe after_fit_one_rchunk chunk=0]   complex128 (216, 1348, 100, 2) x 3 = 2.80 GB
[mem_probe after_fit_one_rchunk chunk=0]   complex128 (216, 100, 2, 1348) x 3 = 2.80 GB
[mem_probe after_fit_one_rchunk chunk=0]   complex128 (216, 1348, 588) x 1 = 2.74 GB
[mem_probe after_fit_one_rchunk chunk=0]   complex128 (216, 1348) x 6 = 0.03 GB
[mem_probe after_fit_one_rchunk chunk=0]   int32 (216, 24, 24, 24) x 1 = 0.01 GB
[mem_probe after_fit_one_rchunk chunk=0]   complex128 (216, 588) x 1 = 0.00 GB
[mem_probe after_fit_one_rchunk chunk=0]   int32 (1348, 3) x 2 = 0.00 GB
[mem_probe after_fit_one_rchunk chunk=0]   complex128 (216, 2, 2) x 1 = 0.00 GB
[mem_probe after_fit_one_rchunk chunk=0]   float64 (216, 3) x 2 = 0.00 GB
[mem_probe after_accumulate chunk=0] in_use=5.08 GB  peak=26.42 GB  live_count=72 live_total=14.65 GB  nvsmi=78.21 GB nvsmi_peak=78.21 GB
[mem_probe after_accumulate chunk=0]   complex128 (216, 1348, 1348) x 1 = 6.28 GB
[mem_probe after_accumulate chunk=0]   complex128 (216, 1348, 100, 2) x 3 = 2.80 GB
[mem_probe after_accumulate chunk=0]   complex128 (216, 100, 2, 1348) x 3 = 2.80 GB
[mem_probe after_accumulate chunk=0]   complex128 (216, 1348, 588) x 1 = 2.74 GB
[mem_probe after_accumulate chunk=0]   complex128 (216, 1348) x 6 = 0.03 GB
[mem_probe after_accumulate chunk=0]   int32 (216, 24, 24, 24) x 1 = 0.01 GB
[mem_probe after_accumulate chunk=0]   complex128 (216, 588) x 1 = 0.00 GB
[mem_probe after_accumulate chunk=0]   int32 (216, 588) x 2 = 0.00 GB
[mem_probe after_accumulate chunk=0]   complex128 (216, 24) x 6 = 0.00 GB
[mem_probe after_accumulate chunk=0]   int32 (1348, 3) x 2 = 0.00 GB
[rchunk_dbg] chunk=1/11 r=[0,1348) fit=3550ms write=266ms total=3816ms
Started zeta fitting at 02:53:45.
[ 02:53:45 | █░░░░░░░░░ |   9% ] r-chunk  1 / 11 · ETA 0 s
[mem_probe rchunk_start chunk=1] in_use=5.08 GB  peak=26.42 GB  live_count=72 live_total=14.65 GB  nvsmi=78.21 GB nvsmi_peak=78.21 GB
[mem_probe rchunk_start chunk=1]   complex128 (216, 1348, 1348) x 1 = 6.28 GB
[mem_probe rchunk_start chunk=1]   complex128 (216, 1348, 100, 2) x 3 = 2.80 GB
[mem_probe rchunk_start chunk=1]   complex128 (216, 100, 2, 1348) x 3 = 2.80 GB
[mem_probe rchunk_start chunk=1]   complex128 (216, 1348, 588) x 1 = 2.74 GB
[mem_probe rchunk_start chunk=1]   complex128 (216, 1348) x 6 = 0.03 GB
[mem_probe rchunk_start chunk=1]   int32 (216, 24, 24, 24) x 1 = 0.01 GB
[mem_probe rchunk_start chunk=1]   complex128 (216, 588) x 1 = 0.00 GB
[mem_probe rchunk_start chunk=1]   int32 (216, 588) x 2 = 0.00 GB
[mem_probe rchunk_start chunk=1]   complex128 (216, 24) x 6 = 0.00 GB
[mem_probe rchunk_start chunk=1]   int32 (1348, 3) x 2 = 0.00 GB
[rchunk_dbg]   z_q_build=587ms solve=1784ms
[mem_probe after_fit_one_rchunk chunk=1] in_use=6.65 GB  peak=26.42 GB  live_count=73 live_total=20.93 GB  nvsmi=78.21 GB nvsmi_peak=78.21 GB
[mem_probe after_fit_one_rchunk chunk=1]   complex128 (216, 1348, 1348) x 2 = 12.56 GB
[mem_probe after_fit_one_rchunk chunk=1]   complex128 (216, 1348, 100, 2) x 3 = 2.80 GB
[mem_probe after_fit_one_rchunk chunk=1]   complex128 (216, 100, 2, 1348) x 3 = 2.80 GB
[mem_probe after_fit_one_rchunk chunk=1]   complex128 (216, 1348, 588) x 1 = 2.74 GB
[mem_probe after_fit_one_rchunk chunk=1]   complex128 (216, 1348) x 6 = 0.03 GB
[mem_probe after_fit_one_rchunk chunk=1]   int32 (216, 24, 24, 24) x 1 = 0.01 GB
[mem_probe after_fit_one_rchunk chunk=1]   complex128 (216, 588) x 1 = 0.00 GB
[mem_probe after_fit_one_rchunk chunk=1]   int32 (216, 588) x 2 = 0.00 GB
[mem_probe after_fit_one_rchunk chunk=1]   complex128 (216, 24) x 6 = 0.00 GB
[mem_probe after_fit_one_rchunk chunk=1]   int32 (1348, 3) x 2 = 0.00 GB
[mem_probe after_accumulate chunk=1] in_use=5.08 GB  peak=26.42 GB  live_count=72 live_total=14.65 GB  nvsmi=78.21 GB nvsmi_peak=78.21 GB
[mem_probe after_accumulate chunk=1]   complex128 (216, 1348, 1348) x 1 = 6.28 GB
[mem_probe after_accumulate chunk=1]   complex128 (216, 1348, 100, 2) x 3 = 2.80 GB
[mem_probe after_accumulate chunk=1]   complex128 (216, 100, 2, 1348) x 3 = 2.80 GB
[mem_probe after_accumulate chunk=1]   complex128 (216, 1348, 588) x 1 = 2.74 GB
[mem_probe after_accumulate chunk=1]   complex128 (216, 1348) x 6 = 0.03 GB
[mem_probe after_accumulate chunk=1]   int32 (216, 24, 24, 24) x 1 = 0.01 GB
[mem_probe after_accumulate chunk=1]   complex128 (216, 588) x 1 = 0.00 GB
[mem_probe after_accumulate chunk=1]   int32 (216, 588) x 2 = 0.00 GB
[mem_probe after_accumulate chunk=1]   complex128 (216, 24) x 6 = 0.00 GB
[mem_probe after_accumulate chunk=1]   int32 (1348, 3) x 2 = 0.00 GB
[rchunk_dbg] chunk=2/11 r=[1348,2696) fit=2373ms write=86ms total=2460ms
[ 02:53:48 | ██░░░░░░░░ |  18% ] r-chunk  2 / 11 · ETA 12 s
[mem_probe rchunk_start chunk=2] in_use=5.08 GB  peak=26.42 GB  live_count=72 live_total=14.65 GB  nvsmi=78.21 GB nvsmi_peak=78.21 GB
[mem_probe rchunk_start chunk=2]   complex128 (216, 1348, 1348) x 1 = 6.28 GB
[mem_probe rchunk_start chunk=2]   complex128 (216, 1348, 100, 2) x 3 = 2.80 GB
[mem_probe rchunk_start chunk=2]   complex128 (216, 100, 2, 1348) x 3 = 2.80 GB
[mem_probe rchunk_start chunk=2]   complex128 (216, 1348, 588) x 1 = 2.74 GB
[mem_probe rchunk_start chunk=2]   complex128 (216, 1348) x 6 = 0.03 GB
[mem_probe rchunk_start chunk=2]   int32 (216, 24, 24, 24) x 1 = 0.01 GB
[mem_probe rchunk_start chunk=2]   complex128 (216, 588) x 1 = 0.00 GB
[mem_probe rchunk_start chunk=2]   int32 (216, 588) x 2 = 0.00 GB
[mem_probe rchunk_start chunk=2]   complex128 (216, 24) x 6 = 0.00 GB
[mem_probe rchunk_start chunk=2]   int32 (1348, 3) x 2 = 0.00 GB
[rchunk_dbg]   z_q_build=276ms solve=1785ms
[mem_probe after_fit_one_rchunk chunk=2] in_use=6.65 GB  peak=26.42 GB  live_count=73 live_total=20.93 GB  nvsmi=78.21 GB nvsmi_peak=78.21 GB
[mem_probe after_fit_one_rchunk chunk=2]   complex128 (216, 1348, 1348) x 2 = 12.56 GB
[mem_probe after_fit_one_rchunk chunk=2]   complex128 (216, 1348, 100, 2) x 3 = 2.80 GB
[mem_probe after_fit_one_rchunk chunk=2]   complex128 (216, 100, 2, 1348) x 3 = 2.80 GB
[mem_probe after_fit_one_rchunk chunk=2]   complex128 (216, 1348, 588) x 1 = 2.74 GB
[mem_probe after_fit_one_rchunk chunk=2]   complex128 (216, 1348) x 6 = 0.03 GB
[mem_probe after_fit_one_rchunk chunk=2]   int32 (216, 24, 24, 24) x 1 = 0.01 GB
[mem_probe after_fit_one_rchunk chunk=2]   complex128 (216, 588) x 1 = 0.00 GB
[mem_probe after_fit_one_rchunk chunk=2]   int32 (216, 588) x 2 = 0.00 GB
[mem_probe after_fit_one_rchunk chunk=2]   complex128 (216, 24) x 6 = 0.00 GB
[mem_probe after_fit_one_rchunk chunk=2]   int32 (1348, 3) x 2 = 0.00 GB
[mem_probe after_accumulate chunk=2] in_use=5.08 GB  peak=26.42 GB  live_count=72 live_total=14.65 GB  nvsmi=78.21 GB nvsmi_peak=78.21 GB
[mem_probe after_accumulate chunk=2]   complex128 (216, 1348, 1348) x 1 = 6.28 GB
[mem_probe after_accumulate chunk=2]   complex128 (216, 1348, 100, 2) x 3 = 2.80 GB
[mem_probe after_accumulate chunk=2]   complex128 (216, 100, 2, 1348) x 3 = 2.80 GB
[mem_probe after_accumulate chunk=2]   complex128 (216, 1348, 588) x 1 = 2.74 GB
[mem_probe after_accumulate chunk=2]   complex128 (216, 1348) x 6 = 0.03 GB
[mem_probe after_accumulate chunk=2]   int32 (216, 24, 24, 24) x 1 = 0.01 GB
[mem_probe after_accumulate chunk=2]   complex128 (216, 588) x 1 = 0.00 GB
[mem_probe after_accumulate chunk=2]   int32 (216, 588) x 2 = 0.00 GB
[mem_probe after_accumulate chunk=2]   complex128 (216, 24) x 6 = 0.00 GB
[mem_probe after_accumulate chunk=2]   int32 (1348, 3) x 2 = 0.00 GB
[rchunk_dbg] chunk=3/11 r=[2696,4044) fit=2063ms write=86ms total=2149ms
[ 02:53:50 | ███░░░░░░░ |  27% ] r-chunk  3 / 11 · ETA 13 s
[rchunk_dbg] LORRAX_MAX_RCHUNKS=3 reached after chunk 3; breaking r-chunk loop for profiling.
Finished zeta fitting at 02:53:50.  Elapsed: 5 s.
  [SlabIO.close] draining 1 pending writes for zeta_q.h5 …
  [SlabIO.close] Python dispatch drained in 2.4 s; joining writer thread
  [SlabIO.close] writer thread joined in 0.0 s; calling H5Fclose collectively
  [SlabIO.close] H5Fclose returned in 0.1 s
  Zeta output: /pscratch/sd/j/jackm/lorrax_sandbox/runs/Si/KGRID_nonbispinor_2026-05-18/6x6x6/mu_run/tmp/zeta_q.h5  shape: (n_q_disk=216 of 6·6·6=216 full-BZ, n_rtot=13824, n_rmu=1348)
  Timing (11 r-chunks, 8.8s total):
    fit      7.91s  89.5%
    H5       0.88s  10.0%
  Zeta output: /pscratch/sd/j/jackm/lorrax_sandbox/runs/Si/KGRID_nonbispinor_2026-05-18/6x6x6/mu_run/tmp/zeta_q.h5  shape: (n_q_disk=216 of 6·6·6=216 full-BZ, n_rtot=13824, n_rmu=1348)
  Timing (11 r-chunks, 8.8s total):
    fit      7.91s  89.5%
    H5       0.88s  10.0%
  Zeta output: /pscratch/sd/j/jackm/lorrax_sandbox/runs/Si/KGRID_nonbispinor_2026-05-18/6x6x6/mu_run/tmp/zeta_q.h5  shape: (n_q_disk=216 of 6·6·6=216 full-BZ, n_rtot=13824, n_rmu=1348)
  Timing (11 r-chunks, 8.8s total):
    fit      7.92s  89.5%
    H5       0.88s   9.9%
  Zeta output: /pscratch/sd/j/jackm/lorrax_sandbox/runs/Si/KGRID_nonbispinor_2026-05-18/6x6x6/mu_run/tmp/zeta_q.h5  shape: (n_q_disk=216 of 6·6·6=216 full-BZ, n_rtot=13824, n_rmu=1348)
  Timing (11 r-chunks, 8.9s total):
    fit      7.99s  89.4%
    H5       0.44s   4.9%
[mem_probe zeta_fit_end] in_use=4.39 GB  peak=26.42 GB  live_count=74 live_total=11.91 GB  nvsmi=78.21 GB nvsmi_peak=78.21 GB
[mem_probe zeta_fit_end]   complex128 (216, 1348, 1348) x 1 = 6.28 GB
[mem_probe zeta_fit_end]   complex128 (216, 1348, 100, 2) x 3 = 2.80 GB
[mem_probe zeta_fit_end]   complex128 (216, 100, 2, 1348) x 3 = 2.80 GB
[mem_probe zeta_fit_end]   complex128 (216, 1348) x 6 = 0.03 GB
[mem_probe zeta_fit_end]   int32 (216, 24, 24, 24) x 1 = 0.01 GB
[mem_probe zeta_fit_end]   complex128 (216, 588) x 1 = 0.00 GB
[mem_probe zeta_fit_end]   int32 (216, 588) x 2 = 0.00 GB
[mem_probe zeta_fit_end]   complex128 (216, 24) x 6 = 0.00 GB
[mem_probe zeta_fit_end]   bool (216, 1, 588) x 1 = 0.00 GB
[mem_probe zeta_fit_end]   int32 (1348, 3) x 2 = 0.00 GB
    GPU high-water mark: 83.97 GB / 28.00 GB budget (300%)
    γ (runtime / AOT-pred) = 6.401  (AOT predicted 13.12 GB)
[profile] LORRAX_EXIT_AFTER_ZETA set: exiting cleanly after fit_zeta.
