=== kmeans scalar kg=2x2x2 μ=48 ===
[lxrun] JID 53096549 · 1 nodes · 14:01 left · 1/1 free · incoming: lx-B
  1  nid008505  free   —              —      —  ← starting lx-B  python3 -u -m centroid.k
✓ JAX initialized: 4 device(s) (local: 1, proc 0/4)
Over-sampling: k-means M = 72, prune to N_c = 48 (ratio 1.5)
✓ JAX initialized: 4 device(s) (local: 1, proc 1/4)
Over-sampling: k-means M = 72, prune to N_c = 48 (ratio 1.5)
✓ JAX initialized: 4 device(s) (local: 1, proc 3/4)
Over-sampling: k-means M = 72, prune to N_c = 48 (ratio 1.5)
✓ JAX initialized: 4 device(s) (local: 1, proc 2/4)
Over-sampling: k-means M = 72, prune to N_c = 48 (ratio 1.5)
[charge_density] source='auto' → reading /pscratch/sd/j/jackm/lorrax_sandbox/runs/Si/KGRID_nonbispinor_2026-05-18/2x2x2/qe/scf/silicon.save/charge-density.hdf5
[charge_density] source='auto' → reading /pscratch/sd/j/jackm/lorrax_sandbox/runs/Si/KGRID_nonbispinor_2026-05-18/2x2x2/qe/scf/silicon.save/charge-density.hdf5
[charge_density] source='auto' → reading /pscratch/sd/j/jackm/lorrax_sandbox/runs/Si/KGRID_nonbispinor_2026-05-18/2x2x2/qe/scf/silicon.save/charge-density.hdf5
[charge_density] source='auto' → reading /pscratch/sd/j/jackm/lorrax_sandbox/runs/Si/KGRID_nonbispinor_2026-05-18/2x2x2/qe/scf/silicon.save/charge-density.hdf5
Charge density shape: (24, 24, 24)
Charge density shape: (24, 24, 24)
Charge density shape: (24, 24, 24)
Charge density shape: (24, 24, 24)
Lattice lengths: [3.83958982 3.83958982 3.83958982] Å
Lattice lengths: [3.83958982 3.83958982 3.83958982] Å
Lattice lengths: [3.83958982 3.83958982 3.83958982] Å
Lattice lengths: [3.83958982 3.83958982 3.83958982] Å
P/4 = 3456 < 100000; sharding anyway (multi-host: single-device fallback would deadlock).
P/4 = 3456 < 100000; sharding anyway (multi-host: single-device fallback would deadlock).
Sharded mesh: ('x'=2, 'y'=2) over 4 devices
Sharded mesh: ('x'=2, 'y'=2) over 4 devices
P/4 = 3456 < 100000; sharding anyway (multi-host: single-device fallback would deadlock).
Sharded mesh: ('x'=2, 'y'=2) over 4 devices
P/4 = 3456 < 100000; sharding anyway (multi-host: single-device fallback would deadlock).
Sharded mesh: ('x'=2, 'y'=2) over 4 devices
Orbit-aware mode: n_sym = 48, running kmeans for M_rep = 2 representatives (unfolded ≈ 96 centroids)
Orbit-aware mode: n_sym = 48, running kmeans for M_rep = 2 representatives (unfolded ≈ 96 centroids)
Orbit-aware mode: n_sym = 48, running kmeans for M_rep = 2 representatives (unfolded ≈ 96 centroids)
Orbit-aware mode: n_sym = 48, running kmeans for M_rep = 2 representatives (unfolded ≈ 96 centroids)
PBC min-image offsets: 7 (1 ⇒ orthorhombic); orbit mode: on (n_sym=48)
PBC min-image offsets: 7 (1 ⇒ orthorhombic); orbit mode: on (n_sym=48)
PBC min-image offsets: 7 (1 ⇒ orthorhombic); orbit mode: on (n_sym=48)
Grid: 24×24×24 = 13824 points; N_c = 2
PBC min-image offsets: 7 (1 ⇒ orthorhombic); orbit mode: on (n_sym=48)
Grid: 24×24×24 = 13824 points; N_c = 2
Grid: 24×24×24 = 13824 points; N_c = 2
Grid: 24×24×24 = 13824 points; N_c = 2
Lloyd: 8 steps, max movement = 0.003761
Lloyd: 8 steps, max movement = 0.003761
Lloyd: 8 steps, max movement = 0.003761
Lloyd: 8 steps, max movement = 0.003761

Unfolded 2 reps → 96 distinct centroids (n_sym=48)

Pivoted-Cholesky prune: 96 → 48 (target 1 orbits)
  prune window: v×(v+c)  left=(0,8) right=(0,16)  [covers |ψ_v|² + v×c]
[pivoted_cholesky] M=96, n_keep=1, left=(0, 8), right=(0, 16), norms=off (load_wfns 2-D, mesh axes ('x', 'y'))

Unfolded 2 reps → 96 distinct centroids (n_sym=48)

Pivoted-Cholesky prune: 96 → 48 (target 1 orbits)
  prune window: v×(v+c)  left=(0,8) right=(0,16)  [covers |ψ_v|² + v×c]
[pivoted_cholesky] M=96, n_keep=1, left=(0, 8), right=(0, 16), norms=off (load_wfns 2-D, mesh axes ('x', 'y'))

Unfolded 2 reps → 96 distinct centroids (n_sym=48)

Pivoted-Cholesky prune: 96 → 48 (target 1 orbits)
  prune window: v×(v+c)  left=(0,8) right=(0,16)  [covers |ψ_v|² + v×c]
[pivoted_cholesky] M=96, n_keep=1, left=(0, 8), right=(0, 16), norms=off (load_wfns 2-D, mesh axes ('x', 'y'))

Unfolded 2 reps → 96 distinct centroids (n_sym=48)

Pivoted-Cholesky prune: 96 → 48 (target 1 orbits)
  prune window: v×(v+c)  left=(0,8) right=(0,16)  [covers |ψ_v|² + v×c]
[pivoted_cholesky] M=96, n_keep=1, left=(0, 8), right=(0, 16), norms=off (load_wfns 2-D, mesh axes ('x', 'y'))
  [gpu_utils] WARNING: bytes_limit=None, falling back to nvidia-smi (pid=539951)
[pivoted_cholesky] 2-D Gram build via load_wfns: nk_tot=8, left=(0, 8) (nb=8), right=(0, 16) (nb=16), M=96, norms=off, backend=WFNReader, budget=70.3626 GB/device, band_chunk_size=64
  [gpu_utils] WARNING: bytes_limit=None, falling back to nvidia-smi (pid=539952)
  [gpu_utils] WARNING: bytes_limit=None, falling back to nvidia-smi (pid=539956)
  [gpu_utils] WARNING: bytes_limit=None, falling back to nvidia-smi (pid=539954)
[pivoted_cholesky] 2-D Gram build via load_wfns: nk_tot=8, left=(0, 8) (nb=8), right=(0, 16) (nb=16), M=96, norms=off, backend=WFNReader, budget=70.3626 GB/device, band_chunk_size=64
[pivoted_cholesky] 2-D Gram build via load_wfns: nk_tot=8, left=(0, 8) (nb=8), right=(0, 16) (nb=16), M=96, norms=off, backend=WFNReader, budget=70.3626 GB/device, band_chunk_size=64
[pivoted_cholesky] 2-D Gram build via load_wfns: nk_tot=8, left=(0, 8) (nb=8), right=(0, 16) (nb=16), M=96, norms=off, backend=WFNReader, budget=70.3626 GB/device, band_chunk_size=64
[pivoted_cholesky] G built, shape=(96, 96), diag range [1.034e-07, 1.293e-06]
[pivoted_cholesky] G built, shape=(96, 96), diag range [1.034e-07, 1.293e-06]
[pivoted_cholesky] G built, shape=(96, 96), diag range [1.034e-07, 1.293e-06]
[pivoted_cholesky] G built, shape=(96, 96), diag range [1.034e-07, 1.293e-06]
[pivoted_cholesky] picked-pivot residuals: first=1.293e-06, mid=1.293e-06, last=1.293e-06
[pivoted_cholesky] picked-pivot residuals: first=1.293e-06, mid=1.293e-06, last=1.293e-06
[pivoted_cholesky] picked-pivot residuals: first=1.293e-06, mid=1.293e-06, last=1.293e-06
[pivoted_cholesky] picked-pivot residuals: first=1.293e-06, mid=1.293e-06, last=1.293e-06
[pivoted_cholesky] tr(R_k)/tr(G): first=9.138e-01, mid=9.138e-01, last=9.138e-01
[pivoted_cholesky] orbit-aware: 1 orbits picked → 48 unfolded centroids (orbit-closed)
[pivoted_cholesky] tr(R_k)/tr(G): first=9.138e-01, mid=9.138e-01, last=9.138e-01
[pivoted_cholesky] orbit-aware: 1 orbits picked → 48 unfolded centroids (orbit-closed)
[pivoted_cholesky] tr(R_k)/tr(G): first=9.138e-01, mid=9.138e-01, last=9.138e-01
[pivoted_cholesky] tr(R_k)/tr(G): first=9.138e-01, mid=9.138e-01, last=9.138e-01
[pivoted_cholesky] orbit-aware: 1 orbits picked → 48 unfolded centroids (orbit-closed)
[pivoted_cholesky] orbit-aware: 1 orbits picked → 48 unfolded centroids (orbit-closed)
After pruning: 48 centroids (rank=1)
After pruning: 48 centroids (rank=1)
After pruning: 48 centroids (rank=1)
After pruning: 48 centroids (rank=1)
Saved centroids to centroids_frac_48.txt
Saved centroids to centroids_frac_48.txt
Saved centroids to centroids_frac_48.txt
Saved centroids to centroids_frac_48.txt
--- kmeans_cli timing (s) ---
Total recorded: 9.682 s
Section                                            Count    Total[s]     Self[s]      %
setup.wfn_io                                           1       0.042       0.042    0.4
setup.charge_density                                   1       0.015       0.015    0.2
kmeans                                                 1       5.180       1.937   53.5
  init                                                 1       1.516       1.516   15.7
  lloyd                                                1       1.261       1.261   13.0
  assign_labels                                        1       0.466       0.466    4.8
snap_unfold                                            1       0.003       0.003    0.0
prune                                                  1       4.441       0.413   45.9
  prune.gram                                           1       3.541       0.585   36.6
    left.load                                          1       2.155       0.743   22.3
      load_centroids.loader_load                       1       0.002       0.002    0.0
      load_centroids.gflat_to_rmu                      1       0.963       0.963    9.9
      load_centroids.reshard                           1       0.447       0.447    4.6
    left.pair                                          1       0.131       0.131    1.3
    right.load                                         1       0.436       0.028    4.5
      load_centroids.loader_load                       1       0.006       0.006    0.1
      load_centroids.gflat_to_rmu                      1       0.297       0.297    3.1
      load_centroids.reshard                           1       0.104       0.104    1.1
    right.pair                                         1       0.076       0.076    0.8
    q0_sum                                             1       0.158       0.158    1.6
  prune.select                                         1       0.487       0.487    5.0
