=== kmeans scalar kg=6x6x6 μ=1296 ===
[lxrun] JID 53096549 · 1 nodes · 12:50 left · 1/1 free · incoming: lx-B
  1  nid008505  free   —              —      —  ← starting lx-B  python3 -u -m centroid.k
✓ JAX initialized: 4 device(s) (local: 1, proc 2/4)
Over-sampling: k-means M = 1944, prune to N_c = 1296 (ratio 1.5)
✓ JAX initialized: 4 device(s) (local: 1, proc 0/4)
Over-sampling: k-means M = 1944, prune to N_c = 1296 (ratio 1.5)
✓ JAX initialized: 4 device(s) (local: 1, proc 1/4)
Over-sampling: k-means M = 1944, prune to N_c = 1296 (ratio 1.5)
✓ JAX initialized: 4 device(s) (local: 1, proc 3/4)
Over-sampling: k-means M = 1944, prune to N_c = 1296 (ratio 1.5)
[charge_density] source='auto' → reading /pscratch/sd/j/jackm/lorrax_sandbox/runs/Si/KGRID_nonbispinor_2026-05-18/6x6x6/qe/scf/silicon.save/charge-density.hdf5
[charge_density] source='auto' → reading /pscratch/sd/j/jackm/lorrax_sandbox/runs/Si/KGRID_nonbispinor_2026-05-18/6x6x6/qe/scf/silicon.save/charge-density.hdf5
Charge density shape: (24, 24, 24)
Lattice lengths: [3.83958982 3.83958982 3.83958982] Å
Charge density shape: (24, 24, 24)
Lattice lengths: [3.83958982 3.83958982 3.83958982] Å
P/4 = 3456 < 100000; sharding anyway (multi-host: single-device fallback would deadlock).
Sharded mesh: ('x'=2, 'y'=2) over 4 devices
[charge_density] source='auto' → reading /pscratch/sd/j/jackm/lorrax_sandbox/runs/Si/KGRID_nonbispinor_2026-05-18/6x6x6/qe/scf/silicon.save/charge-density.hdf5
P/4 = 3456 < 100000; sharding anyway (multi-host: single-device fallback would deadlock).
Sharded mesh: ('x'=2, 'y'=2) over 4 devices
[charge_density] source='auto' → reading /pscratch/sd/j/jackm/lorrax_sandbox/runs/Si/KGRID_nonbispinor_2026-05-18/6x6x6/qe/scf/silicon.save/charge-density.hdf5
Charge density shape: (24, 24, 24)
Lattice lengths: [3.83958982 3.83958982 3.83958982] Å
Charge density shape: (24, 24, 24)
Lattice lengths: [3.83958982 3.83958982 3.83958982] Å
P/4 = 3456 < 100000; sharding anyway (multi-host: single-device fallback would deadlock).
Sharded mesh: ('x'=2, 'y'=2) over 4 devices
P/4 = 3456 < 100000; sharding anyway (multi-host: single-device fallback would deadlock).
Sharded mesh: ('x'=2, 'y'=2) over 4 devices
Orbit-aware mode: n_sym = 48, running kmeans for M_rep = 41 representatives (unfolded ≈ 1968 centroids)
Orbit-aware mode: n_sym = 48, running kmeans for M_rep = 41 representatives (unfolded ≈ 1968 centroids)
Orbit-aware mode: n_sym = 48, running kmeans for M_rep = 41 representatives (unfolded ≈ 1968 centroids)
Orbit-aware mode: n_sym = 48, running kmeans for M_rep = 41 representatives (unfolded ≈ 1968 centroids)
PBC min-image offsets: 7 (1 ⇒ orthorhombic); orbit mode: on (n_sym=48)
Grid: 24×24×24 = 13824 points; N_c = 41
PBC min-image offsets: 7 (1 ⇒ orthorhombic); orbit mode: on (n_sym=48)
PBC min-image offsets: 7 (1 ⇒ orthorhombic); orbit mode: on (n_sym=48)
PBC min-image offsets: 7 (1 ⇒ orthorhombic); orbit mode: on (n_sym=48)
Grid: 24×24×24 = 13824 points; N_c = 41
Grid: 24×24×24 = 13824 points; N_c = 41
Grid: 24×24×24 = 13824 points; N_c = 41
Lloyd: 9 steps, max movement = 0.000000
Lloyd: 9 steps, max movement = 0.000000
Lloyd: 9 steps, max movement = 0.000000
Lloyd: 9 steps, max movement = 0.000000

Unfolded 41 reps → 1600 distinct centroids (n_sym=48)

Pivoted-Cholesky prune: 1600 → 1296 (target 34 orbits)
  prune window: v×(v+c)  left=(0,8) right=(0,16)  [covers |ψ_v|² + v×c]
[pivoted_cholesky] M=1600, n_keep=34, left=(0, 8), right=(0, 16), norms=off (load_wfns 2-D, mesh axes ('x', 'y'))

Unfolded 41 reps → 1600 distinct centroids (n_sym=48)

Unfolded 41 reps → 1600 distinct centroids (n_sym=48)

Unfolded 41 reps → 1600 distinct centroids (n_sym=48)

Pivoted-Cholesky prune: 1600 → 1296 (target 34 orbits)
  prune window: v×(v+c)  left=(0,8) right=(0,16)  [covers |ψ_v|² + v×c]
[pivoted_cholesky] M=1600, n_keep=34, left=(0, 8), right=(0, 16), norms=off (load_wfns 2-D, mesh axes ('x', 'y'))

Pivoted-Cholesky prune: 1600 → 1296 (target 34 orbits)
  prune window: v×(v+c)  left=(0,8) right=(0,16)  [covers |ψ_v|² + v×c]
[pivoted_cholesky] M=1600, n_keep=34, left=(0, 8), right=(0, 16), norms=off (load_wfns 2-D, mesh axes ('x', 'y'))

Pivoted-Cholesky prune: 1600 → 1296 (target 34 orbits)
  prune window: v×(v+c)  left=(0,8) right=(0,16)  [covers |ψ_v|² + v×c]
[pivoted_cholesky] M=1600, n_keep=34, left=(0, 8), right=(0, 16), norms=off (load_wfns 2-D, mesh axes ('x', 'y'))
  [gpu_utils] WARNING: bytes_limit=None, falling back to nvidia-smi (pid=548347)
[pivoted_cholesky] 2-D Gram build via load_wfns: nk_tot=216, left=(0, 8) (nb=8), right=(0, 16) (nb=16), M=1600, norms=off, backend=WFNReader, budget=70.3626 GB/device, band_chunk_size=64
  [gpu_utils] WARNING: bytes_limit=None, falling back to nvidia-smi (pid=548350)
  [gpu_utils] WARNING: bytes_limit=None, falling back to nvidia-smi (pid=548352)
  [gpu_utils] WARNING: bytes_limit=None, falling back to nvidia-smi (pid=548348)
[pivoted_cholesky] 2-D Gram build via load_wfns: nk_tot=216, left=(0, 8) (nb=8), right=(0, 16) (nb=16), M=1600, norms=off, backend=WFNReader, budget=70.3626 GB/device, band_chunk_size=64
[pivoted_cholesky] 2-D Gram build via load_wfns: nk_tot=216, left=(0, 8) (nb=8), right=(0, 16) (nb=16), M=1600, norms=off, backend=WFNReader, budget=70.3626 GB/device, band_chunk_size=64
[pivoted_cholesky] 2-D Gram build via load_wfns: nk_tot=216, left=(0, 8) (nb=8), right=(0, 16) (nb=16), M=1600, norms=off, backend=WFNReader, budget=70.3626 GB/device, band_chunk_size=64
[pivoted_cholesky] G built, shape=(1600, 1600), diag range [1.663e-08, 1.873e-06]
[pivoted_cholesky] G built, shape=(1600, 1600), diag range [1.663e-08, 1.873e-06]
[pivoted_cholesky] G built, shape=(1600, 1600), diag range [1.663e-08, 1.873e-06]
[pivoted_cholesky] G built, shape=(1600, 1600), diag range [1.663e-08, 1.873e-06]
[pivoted_cholesky] picked-pivot residuals: first=1.873e-06, mid=2.717e-07, last=1.273e-08
[pivoted_cholesky] tr(R_k)/tr(G): first=8.926e-01, mid=4.899e-02, last=1.417e-03
[pivoted_cholesky] orbit-aware: 34 orbits picked → 1348 unfolded centroids (orbit-closed)
[pivoted_cholesky] picked-pivot residuals: first=1.873e-06, mid=2.717e-07, last=1.273e-08
[pivoted_cholesky] picked-pivot residuals: first=1.873e-06, mid=2.717e-07, last=1.273e-08
[pivoted_cholesky] picked-pivot residuals: first=1.873e-06, mid=2.717e-07, last=1.273e-08
[pivoted_cholesky] tr(R_k)/tr(G): first=8.926e-01, mid=4.899e-02, last=1.417e-03
[pivoted_cholesky] orbit-aware: 34 orbits picked → 1348 unfolded centroids (orbit-closed)
[pivoted_cholesky] tr(R_k)/tr(G): first=8.926e-01, mid=4.899e-02, last=1.417e-03
[pivoted_cholesky] orbit-aware: 34 orbits picked → 1348 unfolded centroids (orbit-closed)
[pivoted_cholesky] tr(R_k)/tr(G): first=8.926e-01, mid=4.899e-02, last=1.417e-03
[pivoted_cholesky] orbit-aware: 34 orbits picked → 1348 unfolded centroids (orbit-closed)
After pruning: 1348 centroids (rank=34)
After pruning: 1348 centroids (rank=34)
After pruning: 1348 centroids (rank=34)
After pruning: 1348 centroids (rank=34)
Saved centroids to centroids_frac_1348.txt
--- kmeans_cli timing (s) ---
Total recorded: 16.827 s
Section                                            Count    Total[s]     Self[s]      %
setup.wfn_io                                           1       2.947       2.947   17.5
setup.charge_density                                   1       0.008       0.008    0.1
kmeans                                                 1       5.386       1.761   32.0
  init                                                 1       1.715       1.715   10.2
  lloyd                                                1       1.407       1.407    8.4
  assign_labels                                        1       0.504       0.504    3.0
snap_unfold                                            1       0.020       0.020    0.1
prune                                                  1       8.467       0.458   50.3
  prune.gram                                           1       7.348       0.560   43.7
    left.load                                          1       5.428       3.710   32.3
      load_centroids.loader_load                       1       0.041       0.041    0.2
      load_centroids.gflat_to_rmu                      1       1.293       1.293    7.7
      load_centroids.reshard                           1       0.384       0.384    2.3
    left.pair                                          1       0.168       0.168    1.0
    right.load                                         1       0.801       0.029    4.8
      load_centroids.loader_load                       1       0.070       0.070    0.4
      load_centroids.gflat_to_rmu                      1       0.603       0.603    3.6
      load_centroids.reshard                           1       0.099       0.099    0.6
    right.pair                                         1       0.129       0.129    0.8
    q0_sum                                             1       0.261       0.261    1.5
  prune.select                                         1       0.661       0.661    3.9
Saved centroids to centroids_frac_1348.txt
Saved centroids to centroids_frac_1348.txt
Saved centroids to centroids_frac_1348.txt
