=== mu_run kg=4x4x4 variant=platform_false ===
[lxrun] JID 53096549 · 1 nodes · 8:57 left · 1/1 free · incoming: lx-B
  1  nid008505  free   —              —      —  ← starting lx-B  python3 -u -m gw.gw_jax 

========================================================================
  COHSEX-JAX: Self-Energy Calculation
========================================================================
  Backend: GPU       Devices: 4  Mesh: 2×2  Processes: 4
  Device type: NVIDIA A100-SXM4-80GB
  XLA preallocate: false  mem_fraction: unset
========================================================================

  ISDF basis: 432 centroids
  FFT grid: 24×24×24   Cell volume: 270.11 a.u.³

    Memory estimate: peak 27.16 GB (budget 28.00 GB), bottleneck=zct
    Per-stage: fft=15.08  zct=27.16  reshard=4.26  solve=2.97  gather=1.76 GB
    AOT fit_one_rchunk peak (driver-level): 6.18 GB

  G-flat memory model — chunk plan + HWM estimate
    band_chunk         = 128
    r_chunk            = 13824  (1 chunks)
    gflat_chunk_size   = 100
    budget             = 28.00 GB/dev
    HWM estimate       = 20.19 GB/dev (72% of budget) [bottleneck: C_fit_one_rchunk]
    peak totals (GB/dev):
      C_fit_one_rchunk........   20.19
      D_accumulate............    1.89
      B_CCT_chol..............    0.66
      A_centroid..............    0.29
      E_v_q...................    0.24
    per-peak components (GB/dev):
      [A]
        fft_box...............   0.226
        centroid_out_filling..   0.044
        phase_table...........   0.014
        sphere_idx_replicated.   0.004
      [B]
        P_l_plus_P_r_open_spin   0.382
        centroids_persistent..   0.177
        C_q...................   0.048
        L_q...................   0.048
        sphere_idx_replicated.   0.004
      [C]
        P_pair_concurrent_slots  18.346
        zeta_out..............   1.529
        centroids_persist.....   0.177
        gflat_acc.............   0.092
        L_q...................   0.048
        sphere_idx_replicated.   0.004
      [D]
        zeta_chunk............   1.529
        centroids_persist.....   0.177
        gflat_acc.............   0.092
        L_q...................   0.048
        accumulate_fft_box....   0.044
        sphere_idx_replicated.   0.004
      [E]
        zeta_L_all............   0.092
        psi_centroids_persistent   0.088
        V_acc.................   0.048
        V_acc_full_BZ.........   0.048
        sphere_idx_replicated.   0.004
        zeta_L_on_x_axis......   0.003
        zeta_R_on_y_axis......   0.003
        v_q_table_replicated..   0.001
        V_q_block.............   0.001
        g0_acc................   0.000
        lorentz_mix_buffer....   0.000

  Chunked ISDF fitting:
    Band chunks: 128
    R chunks:    13824 (contiguous r-space)
    Q chunks:    64
    GFlat cs:    100
    Zeta output: /pscratch/sd/j/jackm/lorrax_sandbox/runs/Si/KGRID_nonbispinor_2026-05-18/4x4x4/mu_run/tmp/zeta_q.h5
    cutoffs: zeta = 25.0 Ry, bare-Coulomb = 25.0 Ry  (ecutwfc=25.0, ecutrho=100.0)
[mem_probe zeta_fit_start] in_use=-0.00 GB  peak=-0.00 GB  live_count=53 live_total=0.18 GB  nvsmi=1.60 GB nvsmi_peak=1.60 GB
[mem_probe zeta_fit_start]   complex128 (64, 432, 100, 2) x 1 = 0.09 GB
[mem_probe zeta_fit_start]   complex128 (64, 100, 2, 432) x 1 = 0.09 GB
[mem_probe zeta_fit_start]   int32 (64, 24, 24, 24) x 1 = 0.00 GB
[mem_probe zeta_fit_start]   complex128 (64, 432) x 6 = 0.00 GB
[mem_probe zeta_fit_start]   complex128 (64, 588) x 1 = 0.00 GB
[mem_probe zeta_fit_start]   int32 (432, 3) x 2 = 0.00 GB
[mem_probe zeta_fit_start]   complex128 (64, 2, 2) x 1 = 0.00 GB
[mem_probe zeta_fit_start]   complex128 (4, 4) x 10 = 0.00 GB
[mem_probe zeta_fit_start]   int32 (64,) x 3 = 0.00 GB
[mem_probe zeta_fit_start]   complex128 (4,) x 8 = 0.00 GB

  Zeta fitting: 1 r-chunks x 13824 r-points, 100 bands (100 left + 100 right)
  Output: /pscratch/sd/j/jackm/lorrax_sandbox/runs/Si/KGRID_nonbispinor_2026-05-18/4x4x4/mu_run/tmp/zeta_q.h5
  Left wfns:  (64, 100, 2, 432)
  Right wfns: (64, 100, 2, 432)
  Computing C_q via shard_map pipeline (open-spin, charge γ̃^0=I)
  Computing L_q = chol(C_q)  [PSD, charge channel, path=cusolvermp_cholesky]

  Zeta fitting: 1 r-chunks x 13824 r-points, 100 bands (100 left + 100 right)
  Output: /pscratch/sd/j/jackm/lorrax_sandbox/runs/Si/KGRID_nonbispinor_2026-05-18/4x4x4/mu_run/tmp/zeta_q.h5
  Left wfns:  (64, 100, 2, 432)
  Right wfns: (64, 100, 2, 432)

  Zeta fitting: 1 r-chunks x 13824 r-points, 100 bands (100 left + 100 right)
  Output: /pscratch/sd/j/jackm/lorrax_sandbox/runs/Si/KGRID_nonbispinor_2026-05-18/4x4x4/mu_run/tmp/zeta_q.h5
  Left wfns:  (64, 100, 2, 432)
  Right wfns: (64, 100, 2, 432)

  Zeta fitting: 1 r-chunks x 13824 r-points, 100 bands (100 left + 100 right)
  Output: /pscratch/sd/j/jackm/lorrax_sandbox/runs/Si/KGRID_nonbispinor_2026-05-18/4x4x4/mu_run/tmp/zeta_q.h5
  Left wfns:  (64, 100, 2, 432)
  Right wfns: (64, 100, 2, 432)
  Computing C_q via shard_map pipeline (open-spin, charge γ̃^0=I)
  Computing C_q via shard_map pipeline (open-spin, charge γ̃^0=I)
  Computing C_q via shard_map pipeline (open-spin, charge γ̃^0=I)
  Computing L_q = chol(C_q)  [PSD, charge channel, path=cusolvermp_cholesky]
  Computing L_q = chol(C_q)  [PSD, charge channel, path=cusolvermp_cholesky]
  Computing L_q = chol(C_q)  [PSD, charge channel, path=cusolvermp_cholesky]
[lorrax cusolverMp] library 0.7.2, NCCL 2.26.3, comm path: NCCL, grid: 2x2 (row-major)
  L_q: (64, 432, 432)
  L_q: (64, 432, 432)
  L_q: (64, 432, 432)
  L_q: (64, 432, 432)
  q axis on disk: full BZ (64 q-points) (write_ibz_only=False or closure check failed)
  q axis on disk: full BZ (64 q-points) (write_ibz_only=False or closure check failed)
  q axis on disk: full BZ (64 q-points) (write_ibz_only=False or closure check failed)
  q axis on disk: full BZ (64 q-points) (write_ibz_only=False or closure check failed)
  G-flat ζ sphere: ngkmax=588, min ngk=537, max ngk=588 (4.253% of n_rtot)
/global/homes/j/jackm/software/lorrax_B/src/file_io/_slab_io_ffi.py:453: UserWarning: FFI backend: chunks/attrs on create_dataset currently no-op; pre-create with h5py if you need explicit chunking or attrs.
  warnings.warn(
/global/homes/j/jackm/software/lorrax_B/src/file_io/_slab_io_ffi.py:453: UserWarning: FFI backend: chunks/attrs on create_dataset currently no-op; pre-create with h5py if you need explicit chunking or attrs.
  warnings.warn(
/global/homes/j/jackm/software/lorrax_B/src/file_io/_slab_io_ffi.py:453: UserWarning: FFI backend: chunks/attrs on create_dataset currently no-op; pre-create with h5py if you need explicit chunking or attrs.
  warnings.warn(
/global/homes/j/jackm/software/lorrax_B/src/file_io/_slab_io_ffi.py:453: UserWarning: FFI backend: chunks/attrs on create_dataset currently no-op; pre-create with h5py if you need explicit chunking or attrs.
  warnings.warn(
  ψ(G-flat) host cache: 0.03 GB/process resident
  G-flat ζ accumulator: N=6912 rows/rank (n_q=64 × n_mu_local=108); chunk_size=100 → per-iter FFT box 0.02 GB/rank
[mem_probe pre_rchunk_loop] in_use=-0.00 GB  peak=-0.00 GB  live_count=63 live_total=0.99 GB  nvsmi=3.07 GB nvsmi_peak=3.07 GB
[mem_probe pre_rchunk_loop]   complex128 (64, 432, 100, 2) x 3 = 0.27 GB
[mem_probe pre_rchunk_loop]   complex128 (64, 100, 2, 432) x 3 = 0.27 GB
[mem_probe pre_rchunk_loop]   complex128 (64, 432, 588) x 1 = 0.26 GB
[mem_probe pre_rchunk_loop]   complex128 (64, 432, 432) x 1 = 0.19 GB
[mem_probe pre_rchunk_loop]   int32 (64, 24, 24, 24) x 1 = 0.00 GB
[mem_probe pre_rchunk_loop]   complex128 (64, 432) x 6 = 0.00 GB
[mem_probe pre_rchunk_loop]   complex128 (64, 588) x 1 = 0.00 GB
[mem_probe pre_rchunk_loop]   int32 (432, 3) x 2 = 0.00 GB
[mem_probe pre_rchunk_loop]   complex128 (64, 2, 2) x 1 = 0.00 GB
[mem_probe pre_rchunk_loop]   float64 (64, 3) x 2 = 0.00 GB
[mem_probe rchunk_start chunk=0] in_use=-0.00 GB  peak=-0.00 GB  live_count=63 live_total=0.99 GB  nvsmi=3.07 GB nvsmi_peak=3.07 GB
[mem_probe rchunk_start chunk=0]   complex128 (64, 432, 100, 2) x 3 = 0.27 GB
[mem_probe rchunk_start chunk=0]   complex128 (64, 100, 2, 432) x 3 = 0.27 GB
[mem_probe rchunk_start chunk=0]   complex128 (64, 432, 588) x 1 = 0.26 GB
[mem_probe rchunk_start chunk=0]   complex128 (64, 432, 432) x 1 = 0.19 GB
[mem_probe rchunk_start chunk=0]   int32 (64, 24, 24, 24) x 1 = 0.00 GB
[mem_probe rchunk_start chunk=0]   complex128 (64, 432) x 6 = 0.00 GB
[mem_probe rchunk_start chunk=0]   complex128 (64, 588) x 1 = 0.00 GB
[mem_probe rchunk_start chunk=0]   int32 (432, 3) x 2 = 0.00 GB
[mem_probe rchunk_start chunk=0]   complex128 (64, 2, 2) x 1 = 0.00 GB
[mem_probe rchunk_start chunk=0]   float64 (64, 3) x 2 = 0.00 GB
[rchunk_dbg]   z_q_build=1147ms solve=1914ms
[mem_probe after_fit_one_rchunk chunk=0] in_use=-0.00 GB  peak=-0.00 GB  live_count=64 live_total=7.10 GB  nvsmi=4.84 GB nvsmi_peak=4.84 GB
[mem_probe after_fit_one_rchunk chunk=0]   complex128 (64, 432, 13824) x 1 = 6.12 GB
[mem_probe after_fit_one_rchunk chunk=0]   complex128 (64, 432, 100, 2) x 3 = 0.27 GB
[mem_probe after_fit_one_rchunk chunk=0]   complex128 (64, 100, 2, 432) x 3 = 0.27 GB
[mem_probe after_fit_one_rchunk chunk=0]   complex128 (64, 432, 588) x 1 = 0.26 GB
[mem_probe after_fit_one_rchunk chunk=0]   complex128 (64, 432, 432) x 1 = 0.19 GB
[mem_probe after_fit_one_rchunk chunk=0]   int32 (64, 24, 24, 24) x 1 = 0.00 GB
[mem_probe after_fit_one_rchunk chunk=0]   complex128 (64, 432) x 6 = 0.00 GB
[mem_probe after_fit_one_rchunk chunk=0]   complex128 (64, 588) x 1 = 0.00 GB
[mem_probe after_fit_one_rchunk chunk=0]   int32 (432, 3) x 2 = 0.00 GB
[mem_probe after_fit_one_rchunk chunk=0]   complex128 (64, 2, 2) x 1 = 0.00 GB
[mem_probe after_accumulate chunk=0] in_use=-0.00 GB  peak=-0.00 GB  live_count=72 live_total=0.99 GB  nvsmi=3.42 GB nvsmi_peak=4.84 GB
[mem_probe after_accumulate chunk=0]   complex128 (64, 432, 100, 2) x 3 = 0.27 GB
[mem_probe after_accumulate chunk=0]   complex128 (64, 100, 2, 432) x 3 = 0.27 GB
[mem_probe after_accumulate chunk=0]   complex128 (64, 432, 588) x 1 = 0.26 GB
[mem_probe after_accumulate chunk=0]   complex128 (64, 432, 432) x 1 = 0.19 GB
[mem_probe after_accumulate chunk=0]   int32 (64, 24, 24, 24) x 1 = 0.00 GB
[mem_probe after_accumulate chunk=0]   complex128 (64, 432) x 6 = 0.00 GB
[mem_probe after_accumulate chunk=0]   complex128 (64, 588) x 1 = 0.00 GB
[mem_probe after_accumulate chunk=0]   int32 (64, 588) x 2 = 0.00 GB
[mem_probe after_accumulate chunk=0]   complex128 (64, 24) x 6 = 0.00 GB
[mem_probe after_accumulate chunk=0]   int32 (432, 3) x 2 = 0.00 GB
[rchunk_dbg] chunk=1/1 r=[0,13824) fit=3093ms write=368ms total=3461ms
Started zeta fitting at 02:51:42.
[ 02:51:42 | ██████████ | 100% ] r-chunk 1 / 1 · ETA 0 s
Finished zeta fitting at 02:51:42.  Elapsed: 0 s.
  [SlabIO.close] draining 1 pending writes for zeta_q.h5 …
  [SlabIO.close] Python dispatch drained in 0.2 s; joining writer thread
  [SlabIO.close] writer thread joined in 0.0 s; calling H5Fclose collectively
  [SlabIO.close] H5Fclose returned in 0.0 s
  Zeta output: /pscratch/sd/j/jackm/lorrax_sandbox/runs/Si/KGRID_nonbispinor_2026-05-18/4x4x4/mu_run/tmp/zeta_q.h5  shape: (n_q_disk=64 of 4·4·4=64 full-BZ, n_rtot=13824, n_rmu=432)
  Timing (1 r-chunks, 3.9s total):
    fit      3.19s  82.7%
    H5       0.62s  16.1%
  Zeta output: /pscratch/sd/j/jackm/lorrax_sandbox/runs/Si/KGRID_nonbispinor_2026-05-18/4x4x4/mu_run/tmp/zeta_q.h5  shape: (n_q_disk=64 of 4·4·4=64 full-BZ, n_rtot=13824, n_rmu=432)
  Timing (1 r-chunks, 3.8s total):
    fit      3.17s  82.6%
    H5       0.62s  16.2%
  Zeta output: /pscratch/sd/j/jackm/lorrax_sandbox/runs/Si/KGRID_nonbispinor_2026-05-18/4x4x4/mu_run/tmp/zeta_q.h5  shape: (n_q_disk=64 of 4·4·4=64 full-BZ, n_rtot=13824, n_rmu=432)
  Timing (1 r-chunks, 3.8s total):
    fit      3.17s  82.6%
    H5       0.62s  16.1%
  Zeta output: /pscratch/sd/j/jackm/lorrax_sandbox/runs/Si/KGRID_nonbispinor_2026-05-18/4x4x4/mu_run/tmp/zeta_q.h5  shape: (n_q_disk=64 of 4·4·4=64 full-BZ, n_rtot=13824, n_rmu=432)
  Timing (1 r-chunks, 3.7s total):
    fit      3.09s  83.9%
    H5       0.37s  10.0%
[mem_probe zeta_fit_end] in_use=-0.00 GB  peak=-0.00 GB  live_count=74 live_total=0.73 GB  nvsmi=3.36 GB nvsmi_peak=4.84 GB
[mem_probe zeta_fit_end]   complex128 (64, 432, 100, 2) x 3 = 0.27 GB
[mem_probe zeta_fit_end]   complex128 (64, 100, 2, 432) x 3 = 0.27 GB
[mem_probe zeta_fit_end]   complex128 (64, 432, 432) x 1 = 0.19 GB
[mem_probe zeta_fit_end]   int32 (64, 24, 24, 24) x 1 = 0.00 GB
[mem_probe zeta_fit_end]   complex128 (64, 432) x 6 = 0.00 GB
[mem_probe zeta_fit_end]   complex128 (64, 588) x 1 = 0.00 GB
[mem_probe zeta_fit_end]   int32 (64, 588) x 2 = 0.00 GB
[mem_probe zeta_fit_end]   complex128 (64, 24) x 6 = 0.00 GB
[mem_probe zeta_fit_end]   bool (64, 1, 588) x 1 = 0.00 GB
[mem_probe zeta_fit_end]   int32 (432, 3) x 2 = 0.00 GB
    GPU high-water mark: 3.67 GB / 28.00 GB budget (13%)
    γ (runtime / AOT-pred) = 0.594  (AOT predicted 6.18 GB)
[profile] LORRAX_EXIT_AFTER_ZETA set: exiting cleanly after fit_zeta.
